
=== STEP 7 TEST: mmCIF -> working PDB -> PDBQT ===
Output directory: /tmp/tmp.EwA2xYYxbf/out

LasR_2UV0
  working PDB atoms: 1295
  OHN reference atoms: 21
  conserved water atoms: 1
  OHN centroid: 55.258 27.138 29.990
  MSE->MET residues: [26, 116, 144, 153]
  selected altloc A atoms: 1295
  PDBQT atoms: 1565
  PDBQT charge: -8.0000
  PDBQT chains: ['F']
  PDBQT residue ranges: {'F': (5, 168, 164)}

PqsR_4JVI
  working PDB atoms: 3196
  QZN atoms per chain: {'A': 22, 'B': 22}
  HOH501 atoms per chain: {'A': 1, 'B': 1}
  QZN chain A centroid: -33.489 56.865 9.100
  QZN chain B centroid: -32.502 57.435 29.370
  modeled carbonyl O atoms:
    A:230 O = -35.653 57.066 -12.876
    A:270 O = -17.247 65.535 19.763
    B:230 O = -31.593 59.410 51.346
    B:270 O = -48.132 47.705 18.707
  PDBQT atoms: 3910
  PDBQT charge: -12.0000
  PDBQT chains: ['A', 'B']
  PDBQT residue ranges: {'A': (94, 296, 203), 'B': (94, 296, 203)}

STATUS: TEST PASSED
No docking was performed.
