	Command being timed: "/usr/bin/vina --config /data/BIOFILM_INSILICO_SUPPORT/03_docking/vina_configs/PqsR_4JVI_QZN_siteA_v4_vinardo_run06_seed2026071626.conf"
	User time (seconds): 314.64
	System time (seconds): 0.21
	Percent of CPU this job got: 750%
	Elapsed (wall clock) time (h:mm:ss or m:ss): 0:41.95
	Average shared text size (kbytes): 0
	Average unshared data size (kbytes): 0
	Average stack size (kbytes): 0
	Average total size (kbytes): 0
	Maximum resident set size (kbytes): 474200
	Average resident set size (kbytes): 0
	Major (requiring I/O) page faults: 0
	Minor (reclaiming a frame) page faults: 140574
	Voluntary context switches: 128
	Involuntary context switches: 3125
	Swaps: 0
	File system inputs: 0
	File system outputs: 152
	Socket messages sent: 0
	Socket messages received: 0
	Signals delivered: 0
	Page size (bytes): 4096
	Exit status: 0
