AutoDock Vina v1.2.5
#################################################################
# If you used AutoDock Vina in your work, please cite:          #
#                                                               #
# J. Eberhardt, D. Santos-Martins, A. F. Tillack, and S. Forli  #
# AutoDock Vina 1.2.0: New Docking Methods, Expanded Force      #
# Field, and Python Bindings, J. Chem. Inf. Model. (2021)       #
# DOI 10.1021/acs.jcim.1c00203                                  #
#                                                               #
# O. Trott, A. J. Olson,                                        #
# AutoDock Vina: improving the speed and accuracy of docking    #
# with a new scoring function, efficient optimization and       #
# multithreading, J. Comp. Chem. (2010)                         #
# DOI 10.1002/jcc.21334                                         #
#                                                               #
# Please see https://github.com/ccsb-scripps/AutoDock-Vina for  #
# more information.                                             #
#################################################################

Scoring function : vinardo
Rigid receptor: /data/BIOFILM_INSILICO_SUPPORT/03_docking/receptors_pdbqt/PqsR_4JVI.pdbqt
Ligand: /data/BIOFILM_INSILICO_SUPPORT/03_docking/ligands_pdbqt/compound_08.pdbqt
Grid center: X -33.489 Y 56.865 Z 9.1
Grid size  : X 30 Y 30 Z 30
Grid space : 0.375
Exhaustiveness: 64
CPU: 8
Verbosity: 2

Computing Vinardo grid ... done.
Performing docking (random seed: 2026071671) ... 
0%   10   20   30   40   50   60   70   80   90   100%
|----|----|----|----|----|----|----|----|----|----|
***************************************************
done.
ENERGY FROM SEARCH: -13.6525
FINAL ENERGY: 
Estimated Free Energy of Binding   : -4.665 (kcal/mol) [=(1)+(2)+(3)-(4)]
(1) Final Intermolecular Energy    : -10.118 (kcal/mol)
    Ligand - Receptor              : -10.118 (kcal/mol)
    Ligand - Flex side chains      : 0.000 (kcal/mol)
(2) Final Total Internal Energy    : -3.534 (kcal/mol)
    Ligand                         : -3.534 (kcal/mol)
    Flex   - Receptor              : 0.000 (kcal/mol)
    Flex   - Flex side chains      : 0.000 (kcal/mol)
(3) Torsional Free Energy          : 5.454 (kcal/mol)
(4) Unbound System's Energy        : -3.534 (kcal/mol)
ENERGY FROM SEARCH: -11.884
FINAL ENERGY: 
Estimated Free Energy of Binding   : -3.849 (kcal/mol) [=(1)+(2)+(3)-(4)]
(1) Final Intermolecular Energy    : -7.999 (kcal/mol)
    Ligand - Receptor              : -7.999 (kcal/mol)
    Ligand - Flex side chains      : 0.000 (kcal/mol)
(2) Final Total Internal Energy    : -3.885 (kcal/mol)
    Ligand                         : -3.885 (kcal/mol)
    Flex   - Receptor              : 0.000 (kcal/mol)
    Flex   - Flex side chains      : 0.000 (kcal/mol)
(3) Torsional Free Energy          : 4.501 (kcal/mol)
(4) Unbound System's Energy        : -3.534 (kcal/mol)
ENERGY FROM SEARCH: -11.786
FINAL ENERGY: 
Estimated Free Energy of Binding   : -3.804 (kcal/mol) [=(1)+(2)+(3)-(4)]
(1) Final Intermolecular Energy    : -8.378 (kcal/mol)
    Ligand - Receptor              : -8.378 (kcal/mol)
    Ligand - Flex side chains      : 0.000 (kcal/mol)
(2) Final Total Internal Energy    : -3.408 (kcal/mol)
    Ligand                         : -3.408 (kcal/mol)
    Flex   - Receptor              : 0.000 (kcal/mol)
    Flex   - Flex side chains      : 0.000 (kcal/mol)
(3) Torsional Free Energy          : 4.448 (kcal/mol)
(4) Unbound System's Energy        : -3.534 (kcal/mol)
ENERGY FROM SEARCH: -11.016
FINAL ENERGY: 
Estimated Free Energy of Binding   : -3.449 (kcal/mol) [=(1)+(2)+(3)-(4)]
(1) Final Intermolecular Energy    : -8.057 (kcal/mol)
    Ligand - Receptor              : -8.057 (kcal/mol)
    Ligand - Flex side chains      : 0.000 (kcal/mol)
(2) Final Total Internal Energy    : -2.959 (kcal/mol)
    Ligand                         : -2.959 (kcal/mol)
    Flex   - Receptor              : 0.000 (kcal/mol)
    Flex   - Flex side chains      : 0.000 (kcal/mol)
(3) Torsional Free Energy          : 4.033 (kcal/mol)
(4) Unbound System's Energy        : -3.534 (kcal/mol)
ENERGY FROM SEARCH: -10.912
FINAL ENERGY: 
Estimated Free Energy of Binding   : -3.401 (kcal/mol) [=(1)+(2)+(3)-(4)]
(1) Final Intermolecular Energy    : -7.673 (kcal/mol)
    Ligand - Receptor              : -7.673 (kcal/mol)
    Ligand - Flex side chains      : 0.000 (kcal/mol)
(2) Final Total Internal Energy    : -3.239 (kcal/mol)
    Ligand                         : -3.239 (kcal/mol)
    Flex   - Receptor              : 0.000 (kcal/mol)
    Flex   - Flex side chains      : 0.000 (kcal/mol)
(3) Torsional Free Energy          : 3.977 (kcal/mol)
(4) Unbound System's Energy        : -3.534 (kcal/mol)
ENERGY FROM SEARCH: -10.700
FINAL ENERGY: 
Estimated Free Energy of Binding   : -3.304 (kcal/mol) [=(1)+(2)+(3)-(4)]
(1) Final Intermolecular Energy    : -6.492 (kcal/mol)
    Ligand - Receptor              : -6.492 (kcal/mol)
    Ligand - Flex side chains      : 0.000 (kcal/mol)
(2) Final Total Internal Energy    : -4.208 (kcal/mol)
    Ligand                         : -4.208 (kcal/mol)
    Flex   - Receptor              : 0.000 (kcal/mol)
    Flex   - Flex side chains      : 0.000 (kcal/mol)
(3) Torsional Free Energy          : 3.862 (kcal/mol)
(4) Unbound System's Energy        : -3.534 (kcal/mol)
ENERGY FROM SEARCH: -9.727
FINAL ENERGY: 
Estimated Free Energy of Binding   : -2.855 (kcal/mol) [=(1)+(2)+(3)-(4)]
(1) Final Intermolecular Energy    : -8.430 (kcal/mol)
    Ligand - Receptor              : -8.430 (kcal/mol)
    Ligand - Flex side chains      : 0.000 (kcal/mol)
(2) Final Total Internal Energy    : -1.298 (kcal/mol)
    Ligand                         : -1.298 (kcal/mol)
    Flex   - Receptor              : 0.000 (kcal/mol)
    Flex   - Flex side chains      : 0.000 (kcal/mol)
(3) Torsional Free Energy          : 3.338 (kcal/mol)
(4) Unbound System's Energy        : -3.534 (kcal/mol)
ENERGY FROM SEARCH: -9.648
FINAL ENERGY: 
Estimated Free Energy of Binding   : -2.819 (kcal/mol) [=(1)+(2)+(3)-(4)]
(1) Final Intermolecular Energy    : -6.880 (kcal/mol)
    Ligand - Receptor              : -6.880 (kcal/mol)
    Ligand - Flex side chains      : 0.000 (kcal/mol)
(2) Final Total Internal Energy    : -2.768 (kcal/mol)
    Ligand                         : -2.768 (kcal/mol)
    Flex   - Receptor              : 0.000 (kcal/mol)
    Flex   - Flex side chains      : 0.000 (kcal/mol)
(3) Torsional Free Energy          : 3.295 (kcal/mol)
(4) Unbound System's Energy        : -3.534 (kcal/mol)
ENERGY FROM SEARCH: -9.317
FINAL ENERGY: 
Estimated Free Energy of Binding   : -2.666 (kcal/mol) [=(1)+(2)+(3)-(4)]
(1) Final Intermolecular Energy    : -5.415 (kcal/mol)
    Ligand - Receptor              : -5.415 (kcal/mol)
    Ligand - Flex side chains      : 0.000 (kcal/mol)
(2) Final Total Internal Energy    : -3.901 (kcal/mol)
    Ligand                         : -3.901 (kcal/mol)
    Flex   - Receptor              : 0.000 (kcal/mol)
    Flex   - Flex side chains      : 0.000 (kcal/mol)
(3) Torsional Free Energy          : 3.117 (kcal/mol)
(4) Unbound System's Energy        : -3.534 (kcal/mol)
ENERGY FROM SEARCH: -9.058
FINAL ENERGY: 
Estimated Free Energy of Binding   : -2.547 (kcal/mol) [=(1)+(2)+(3)-(4)]
(1) Final Intermolecular Energy    : -7.869 (kcal/mol)
    Ligand - Receptor              : -7.869 (kcal/mol)
    Ligand - Flex side chains      : 0.000 (kcal/mol)
(2) Final Total Internal Energy    : -1.189 (kcal/mol)
    Ligand                         : -1.189 (kcal/mol)
    Flex   - Receptor              : 0.000 (kcal/mol)
    Flex   - Flex side chains      : 0.000 (kcal/mol)
(3) Torsional Free Energy          : 2.977 (kcal/mol)
(4) Unbound System's Energy        : -3.534 (kcal/mol)
ENERGY FROM SEARCH: -9.034
FINAL ENERGY: 
Estimated Free Energy of Binding   : -2.535 (kcal/mol) [=(1)+(2)+(3)-(4)]
(1) Final Intermolecular Energy    : -8.519 (kcal/mol)
    Ligand - Receptor              : -8.519 (kcal/mol)
    Ligand - Flex side chains      : 0.000 (kcal/mol)
(2) Final Total Internal Energy    : -0.515 (kcal/mol)
    Ligand                         : -0.515 (kcal/mol)
    Flex   - Receptor              : 0.000 (kcal/mol)
    Flex   - Flex side chains      : 0.000 (kcal/mol)
(3) Torsional Free Energy          : 2.964 (kcal/mol)
(4) Unbound System's Energy        : -3.534 (kcal/mol)
ENERGY FROM SEARCH: -8.959
FINAL ENERGY: 
Estimated Free Energy of Binding   : -2.501 (kcal/mol) [=(1)+(2)+(3)-(4)]
(1) Final Intermolecular Energy    : -7.510 (kcal/mol)
    Ligand - Receptor              : -7.510 (kcal/mol)
    Ligand - Flex side chains      : 0.000 (kcal/mol)
(2) Final Total Internal Energy    : -1.450 (kcal/mol)
    Ligand                         : -1.450 (kcal/mol)
    Flex   - Receptor              : 0.000 (kcal/mol)
    Flex   - Flex side chains      : 0.000 (kcal/mol)
(3) Torsional Free Energy          : 2.924 (kcal/mol)
(4) Unbound System's Energy        : -3.534 (kcal/mol)
ENERGY FROM SEARCH: -8.808
FINAL ENERGY: 
Estimated Free Energy of Binding   : -2.431 (kcal/mol) [=(1)+(2)+(3)-(4)]
(1) Final Intermolecular Energy    : -5.390 (kcal/mol)
    Ligand - Receptor              : -5.390 (kcal/mol)
    Ligand - Flex side chains      : 0.000 (kcal/mol)
(2) Final Total Internal Energy    : -3.418 (kcal/mol)
    Ligand                         : -3.418 (kcal/mol)
    Flex   - Receptor              : 0.000 (kcal/mol)
    Flex   - Flex side chains      : 0.000 (kcal/mol)
(3) Torsional Free Energy          : 2.843 (kcal/mol)
(4) Unbound System's Energy        : -3.534 (kcal/mol)
ENERGY FROM SEARCH: -8.519
FINAL ENERGY: 
Estimated Free Energy of Binding   : -2.298 (kcal/mol) [=(1)+(2)+(3)-(4)]
(1) Final Intermolecular Energy    : -6.083 (kcal/mol)
    Ligand - Receptor              : -6.083 (kcal/mol)
    Ligand - Flex side chains      : 0.000 (kcal/mol)
(2) Final Total Internal Energy    : -2.436 (kcal/mol)
    Ligand                         : -2.436 (kcal/mol)
    Flex   - Receptor              : 0.000 (kcal/mol)
    Flex   - Flex side chains      : 0.000 (kcal/mol)
(3) Torsional Free Energy          : 2.687 (kcal/mol)
(4) Unbound System's Energy        : -3.534 (kcal/mol)
ENERGY FROM SEARCH: -8.411
FINAL ENERGY: 
Estimated Free Energy of Binding   : -2.248 (kcal/mol) [=(1)+(2)+(3)-(4)]
(1) Final Intermolecular Energy    : -5.591 (kcal/mol)
    Ligand - Receptor              : -5.591 (kcal/mol)
    Ligand - Flex side chains      : 0.000 (kcal/mol)
(2) Final Total Internal Energy    : -2.819 (kcal/mol)
    Ligand                         : -2.819 (kcal/mol)
    Flex   - Receptor              : 0.000 (kcal/mol)
    Flex   - Flex side chains      : 0.000 (kcal/mol)
(3) Torsional Free Energy          : 2.628 (kcal/mol)
(4) Unbound System's Energy        : -3.534 (kcal/mol)
ENERGY FROM SEARCH: -8.005
FINAL ENERGY: 
Estimated Free Energy of Binding   : -2.061 (kcal/mol) [=(1)+(2)+(3)-(4)]
(1) Final Intermolecular Energy    : -5.530 (kcal/mol)
    Ligand - Receptor              : -5.530 (kcal/mol)
    Ligand - Flex side chains      : 0.000 (kcal/mol)
(2) Final Total Internal Energy    : -2.475 (kcal/mol)
    Ligand                         : -2.475 (kcal/mol)
    Flex   - Receptor              : 0.000 (kcal/mol)
    Flex   - Flex side chains      : 0.000 (kcal/mol)
(3) Torsional Free Energy          : 2.410 (kcal/mol)
(4) Unbound System's Energy        : -3.534 (kcal/mol)
ENERGY FROM SEARCH: -7.816
FINAL ENERGY: 
Estimated Free Energy of Binding   : -1.974 (kcal/mol) [=(1)+(2)+(3)-(4)]
(1) Final Intermolecular Energy    : -4.616 (kcal/mol)
    Ligand - Receptor              : -4.616 (kcal/mol)
    Ligand - Flex side chains      : 0.000 (kcal/mol)
(2) Final Total Internal Energy    : -3.200 (kcal/mol)
    Ligand                         : -3.200 (kcal/mol)
    Flex   - Receptor              : 0.000 (kcal/mol)
    Flex   - Flex side chains      : 0.000 (kcal/mol)
(3) Torsional Free Energy          : 2.308 (kcal/mol)
(4) Unbound System's Energy        : -3.534 (kcal/mol)
ENERGY FROM SEARCH: -7.740
FINAL ENERGY: 
Estimated Free Energy of Binding   : -1.939 (kcal/mol) [=(1)+(2)+(3)-(4)]
(1) Final Intermolecular Energy    : -7.384 (kcal/mol)
    Ligand - Receptor              : -7.384 (kcal/mol)
    Ligand - Flex side chains      : 0.000 (kcal/mol)
(2) Final Total Internal Energy    : -0.355 (kcal/mol)
    Ligand                         : -0.355 (kcal/mol)
    Flex   - Receptor              : 0.000 (kcal/mol)
    Flex   - Flex side chains      : 0.000 (kcal/mol)
(3) Torsional Free Energy          : 2.267 (kcal/mol)
(4) Unbound System's Energy        : -3.534 (kcal/mol)
ENERGY FROM SEARCH: -6.834
FINAL ENERGY: 
Estimated Free Energy of Binding   : -1.521 (kcal/mol) [=(1)+(2)+(3)-(4)]
(1) Final Intermolecular Energy    : -5.321 (kcal/mol)
    Ligand - Receptor              : -5.321 (kcal/mol)
    Ligand - Flex side chains      : 0.000 (kcal/mol)
(2) Final Total Internal Energy    : -1.514 (kcal/mol)
    Ligand                         : -1.514 (kcal/mol)
    Flex   - Receptor              : 0.000 (kcal/mol)
    Flex   - Flex side chains      : 0.000 (kcal/mol)
(3) Torsional Free Energy          : 1.779 (kcal/mol)
(4) Unbound System's Energy        : -3.534 (kcal/mol)
ENERGY FROM SEARCH: 36.241
FINAL ENERGY: 
Estimated Free Energy of Binding   : 18.336 (kcal/mol) [=(1)+(2)+(3)-(4)]
(1) Final Intermolecular Energy    : 39.805 (kcal/mol)
    Ligand - Receptor              : 39.805 (kcal/mol)
    Ligand - Flex side chains      : 0.000 (kcal/mol)
(2) Final Total Internal Energy    : -3.565 (kcal/mol)
    Ligand                         : -3.565 (kcal/mol)
    Flex   - Receptor              : 0.000 (kcal/mol)
    Flex   - Flex side chains      : 0.000 (kcal/mol)
(3) Torsional Free Energy          : -21.439 (kcal/mol)
(4) Unbound System's Energy        : -3.534 (kcal/mol)

mode |   affinity | dist from best mode
     | (kcal/mol) | rmsd l.b.| rmsd u.b.
-----+------------+----------+----------
   1      -4.6646     0.0000     0.0000
   2      -3.8493     1.8611     2.2292
   3      -3.8042     2.7086     4.0904
   4      -3.4490     2.6474     4.5515
   5      -3.4011     1.3429     1.9335
   6      -3.3035     2.4035     4.6086
   7      -2.8551     4.2465     7.5609
   8      -2.8185     2.7193     5.0600
   9      -2.6658     2.7890     5.5610
  10      -2.5465     5.2606     9.1541
  11      -2.5353     4.1366     7.5845
  12      -2.5009     3.1542     4.6435
  13      -2.4312     3.2553     5.8995
  14      -2.2979     2.7185     5.3943
  15      -2.2481     9.1118    14.2257
  16      -2.0611     4.9765     9.7439
  17      -1.9739     4.3880     7.8303
  18      -1.9388     8.6676    12.1356
  19      -1.5213    28.9148    32.4070
  20      18.3362     1.3814     1.6579
