	Command being timed: "/usr/bin/vina --config /data/BIOFILM_INSILICO_SUPPORT/03_docking/vina_configs/exploratory_PqsR_2026-07-17/compound_08_PqsR_4JVI_run01_seed2026071671.conf --out /data/BIOFILM_INSILICO_SUPPORT/03_docking/vina_outputs/exploratory/PqsR_4JVI_2026-07-17/compound_08/run01_seed2026071671/compound_08_PqsR_4JVI_run01_seed2026071671_poses.pdbqt"
	User time (seconds): 5133.18
	System time (seconds): 0.94
	Percent of CPU this job got: 713%
	Elapsed (wall clock) time (h:mm:ss or m:ss): 11:59.54
	Average shared text size (kbytes): 0
	Average unshared data size (kbytes): 0
	Average stack size (kbytes): 0
	Average total size (kbytes): 0
	Maximum resident set size (kbytes): 1105120
	Average resident set size (kbytes): 0
	Major (requiring I/O) page faults: 0
	Minor (reclaiming a frame) page faults: 368470
	Voluntary context switches: 102
	Involuntary context switches: 24865
	Swaps: 0
	File system inputs: 0
	File system outputs: 424
	Socket messages sent: 0
	Socket messages received: 0
	Signals delivered: 0
	Page size (bytes): 4096
	Exit status: 0
