AutoDock Vina v1.2.5
#################################################################
# If you used AutoDock Vina in your work, please cite:          #
#                                                               #
# J. Eberhardt, D. Santos-Martins, A. F. Tillack, and S. Forli  #
# AutoDock Vina 1.2.0: New Docking Methods, Expanded Force      #
# Field, and Python Bindings, J. Chem. Inf. Model. (2021)       #
# DOI 10.1021/acs.jcim.1c00203                                  #
#                                                               #
# O. Trott, A. J. Olson,                                        #
# AutoDock Vina: improving the speed and accuracy of docking    #
# with a new scoring function, efficient optimization and       #
# multithreading, J. Comp. Chem. (2010)                         #
# DOI 10.1002/jcc.21334                                         #
#                                                               #
# Please see https://github.com/ccsb-scripps/AutoDock-Vina for  #
# more information.                                             #
#################################################################

Scoring function : vinardo
Rigid receptor: /data/BIOFILM_INSILICO_SUPPORT/03_docking/receptors_pdbqt/PqsR_4JVI.pdbqt
Ligand: /data/BIOFILM_INSILICO_SUPPORT/03_docking/ligands_pdbqt/compound_09.pdbqt
Grid center: X -33.489 Y 56.865 Z 9.1
Grid size  : X 30 Y 30 Z 30
Grid space : 0.375
Exhaustiveness: 64
CPU: 8
Verbosity: 2

Computing Vinardo grid ... done.
Performing docking (random seed: 2026071683) ... 
0%   10   20   30   40   50   60   70   80   90   100%
|----|----|----|----|----|----|----|----|----|----|
***************************************************
done.
ENERGY FROM SEARCH: -8.84709
FINAL ENERGY: 
Estimated Free Energy of Binding   : -4.994 (kcal/mol) [=(1)+(2)+(3)-(4)]
(1) Final Intermolecular Energy    : -7.330 (kcal/mol)
    Ligand - Receptor              : -7.330 (kcal/mol)
    Ligand - Flex side chains      : 0.000 (kcal/mol)
(2) Final Total Internal Energy    : -1.518 (kcal/mol)
    Ligand                         : -1.518 (kcal/mol)
    Flex   - Receptor              : 0.000 (kcal/mol)
    Flex   - Flex side chains      : 0.000 (kcal/mol)
(3) Torsional Free Energy          : 2.336 (kcal/mol)
(4) Unbound System's Energy        : -1.518 (kcal/mol)
ENERGY FROM SEARCH: -8.797
FINAL ENERGY: 
Estimated Free Energy of Binding   : -4.960 (kcal/mol) [=(1)+(2)+(3)-(4)]
(1) Final Intermolecular Energy    : -7.185 (kcal/mol)
    Ligand - Receptor              : -7.185 (kcal/mol)
    Ligand - Flex side chains      : 0.000 (kcal/mol)
(2) Final Total Internal Energy    : -1.612 (kcal/mol)
    Ligand                         : -1.612 (kcal/mol)
    Flex   - Receptor              : 0.000 (kcal/mol)
    Flex   - Flex side chains      : 0.000 (kcal/mol)
(3) Torsional Free Energy          : 2.320 (kcal/mol)
(4) Unbound System's Energy        : -1.518 (kcal/mol)
ENERGY FROM SEARCH: -8.543
FINAL ENERGY: 
Estimated Free Energy of Binding   : -4.787 (kcal/mol) [=(1)+(2)+(3)-(4)]
(1) Final Intermolecular Energy    : -6.951 (kcal/mol)
    Ligand - Receptor              : -6.951 (kcal/mol)
    Ligand - Flex side chains      : 0.000 (kcal/mol)
(2) Final Total Internal Energy    : -1.593 (kcal/mol)
    Ligand                         : -1.593 (kcal/mol)
    Flex   - Receptor              : 0.000 (kcal/mol)
    Flex   - Flex side chains      : 0.000 (kcal/mol)
(3) Torsional Free Energy          : 2.239 (kcal/mol)
(4) Unbound System's Energy        : -1.518 (kcal/mol)
ENERGY FROM SEARCH: -8.518
FINAL ENERGY: 
Estimated Free Energy of Binding   : -4.770 (kcal/mol) [=(1)+(2)+(3)-(4)]
(1) Final Intermolecular Energy    : -7.043 (kcal/mol)
    Ligand - Receptor              : -7.043 (kcal/mol)
    Ligand - Flex side chains      : 0.000 (kcal/mol)
(2) Final Total Internal Energy    : -1.475 (kcal/mol)
    Ligand                         : -1.475 (kcal/mol)
    Flex   - Receptor              : 0.000 (kcal/mol)
    Flex   - Flex side chains      : 0.000 (kcal/mol)
(3) Torsional Free Energy          : 2.231 (kcal/mol)
(4) Unbound System's Energy        : -1.518 (kcal/mol)
ENERGY FROM SEARCH: -8.458
FINAL ENERGY: 
Estimated Free Energy of Binding   : -4.729 (kcal/mol) [=(1)+(2)+(3)-(4)]
(1) Final Intermolecular Energy    : -6.871 (kcal/mol)
    Ligand - Receptor              : -6.871 (kcal/mol)
    Ligand - Flex side chains      : 0.000 (kcal/mol)
(2) Final Total Internal Energy    : -1.587 (kcal/mol)
    Ligand                         : -1.587 (kcal/mol)
    Flex   - Receptor              : 0.000 (kcal/mol)
    Flex   - Flex side chains      : 0.000 (kcal/mol)
(3) Torsional Free Energy          : 2.212 (kcal/mol)
(4) Unbound System's Energy        : -1.518 (kcal/mol)
ENERGY FROM SEARCH: -8.095
FINAL ENERGY: 
Estimated Free Energy of Binding   : -4.481 (kcal/mol) [=(1)+(2)+(3)-(4)]
(1) Final Intermolecular Energy    : -5.898 (kcal/mol)
    Ligand - Receptor              : -5.898 (kcal/mol)
    Ligand - Flex side chains      : 0.000 (kcal/mol)
(2) Final Total Internal Energy    : -2.197 (kcal/mol)
    Ligand                         : -2.197 (kcal/mol)
    Flex   - Receptor              : 0.000 (kcal/mol)
    Flex   - Flex side chains      : 0.000 (kcal/mol)
(3) Torsional Free Energy          : 2.096 (kcal/mol)
(4) Unbound System's Energy        : -1.518 (kcal/mol)
ENERGY FROM SEARCH: -7.835
FINAL ENERGY: 
Estimated Free Energy of Binding   : -4.305 (kcal/mol) [=(1)+(2)+(3)-(4)]
(1) Final Intermolecular Energy    : -6.152 (kcal/mol)
    Ligand - Receptor              : -6.152 (kcal/mol)
    Ligand - Flex side chains      : 0.000 (kcal/mol)
(2) Final Total Internal Energy    : -1.684 (kcal/mol)
    Ligand                         : -1.684 (kcal/mol)
    Flex   - Receptor              : 0.000 (kcal/mol)
    Flex   - Flex side chains      : 0.000 (kcal/mol)
(3) Torsional Free Energy          : 2.013 (kcal/mol)
(4) Unbound System's Energy        : -1.518 (kcal/mol)
ENERGY FROM SEARCH: -7.825
FINAL ENERGY: 
Estimated Free Energy of Binding   : -4.297 (kcal/mol) [=(1)+(2)+(3)-(4)]
(1) Final Intermolecular Energy    : -5.773 (kcal/mol)
    Ligand - Receptor              : -5.773 (kcal/mol)
    Ligand - Flex side chains      : 0.000 (kcal/mol)
(2) Final Total Internal Energy    : -2.052 (kcal/mol)
    Ligand                         : -2.052 (kcal/mol)
    Flex   - Receptor              : 0.000 (kcal/mol)
    Flex   - Flex side chains      : 0.000 (kcal/mol)
(3) Torsional Free Energy          : 2.010 (kcal/mol)
(4) Unbound System's Energy        : -1.518 (kcal/mol)
ENERGY FROM SEARCH: -7.819
FINAL ENERGY: 
Estimated Free Energy of Binding   : -4.293 (kcal/mol) [=(1)+(2)+(3)-(4)]
(1) Final Intermolecular Energy    : -5.718 (kcal/mol)
    Ligand - Receptor              : -5.718 (kcal/mol)
    Ligand - Flex side chains      : 0.000 (kcal/mol)
(2) Final Total Internal Energy    : -2.101 (kcal/mol)
    Ligand                         : -2.101 (kcal/mol)
    Flex   - Receptor              : 0.000 (kcal/mol)
    Flex   - Flex side chains      : 0.000 (kcal/mol)
(3) Torsional Free Energy          : 2.008 (kcal/mol)
(4) Unbound System's Energy        : -1.518 (kcal/mol)
ENERGY FROM SEARCH: -7.792
FINAL ENERGY: 
Estimated Free Energy of Binding   : -4.275 (kcal/mol) [=(1)+(2)+(3)-(4)]
(1) Final Intermolecular Energy    : -6.546 (kcal/mol)
    Ligand - Receptor              : -6.546 (kcal/mol)
    Ligand - Flex side chains      : 0.000 (kcal/mol)
(2) Final Total Internal Energy    : -1.246 (kcal/mol)
    Ligand                         : -1.246 (kcal/mol)
    Flex   - Receptor              : 0.000 (kcal/mol)
    Flex   - Flex side chains      : 0.000 (kcal/mol)
(3) Torsional Free Energy          : 1.999 (kcal/mol)
(4) Unbound System's Energy        : -1.518 (kcal/mol)
ENERGY FROM SEARCH: -7.760
FINAL ENERGY: 
Estimated Free Energy of Binding   : -4.253 (kcal/mol) [=(1)+(2)+(3)-(4)]
(1) Final Intermolecular Energy    : -6.543 (kcal/mol)
    Ligand - Receptor              : -6.543 (kcal/mol)
    Ligand - Flex side chains      : 0.000 (kcal/mol)
(2) Final Total Internal Energy    : -1.217 (kcal/mol)
    Ligand                         : -1.217 (kcal/mol)
    Flex   - Receptor              : 0.000 (kcal/mol)
    Flex   - Flex side chains      : 0.000 (kcal/mol)
(3) Torsional Free Energy          : 1.989 (kcal/mol)
(4) Unbound System's Energy        : -1.518 (kcal/mol)
ENERGY FROM SEARCH: -7.743
FINAL ENERGY: 
Estimated Free Energy of Binding   : -4.242 (kcal/mol) [=(1)+(2)+(3)-(4)]
(1) Final Intermolecular Energy    : -5.613 (kcal/mol)
    Ligand - Receptor              : -5.613 (kcal/mol)
    Ligand - Flex side chains      : 0.000 (kcal/mol)
(2) Final Total Internal Energy    : -2.130 (kcal/mol)
    Ligand                         : -2.130 (kcal/mol)
    Flex   - Receptor              : 0.000 (kcal/mol)
    Flex   - Flex side chains      : 0.000 (kcal/mol)
(3) Torsional Free Energy          : 1.984 (kcal/mol)
(4) Unbound System's Energy        : -1.518 (kcal/mol)
ENERGY FROM SEARCH: -7.719
FINAL ENERGY: 
Estimated Free Energy of Binding   : -4.225 (kcal/mol) [=(1)+(2)+(3)-(4)]
(1) Final Intermolecular Energy    : -6.589 (kcal/mol)
    Ligand - Receptor              : -6.589 (kcal/mol)
    Ligand - Flex side chains      : 0.000 (kcal/mol)
(2) Final Total Internal Energy    : -1.129 (kcal/mol)
    Ligand                         : -1.129 (kcal/mol)
    Flex   - Receptor              : 0.000 (kcal/mol)
    Flex   - Flex side chains      : 0.000 (kcal/mol)
(3) Torsional Free Energy          : 1.976 (kcal/mol)
(4) Unbound System's Energy        : -1.518 (kcal/mol)
ENERGY FROM SEARCH: -7.693
FINAL ENERGY: 
Estimated Free Energy of Binding   : -4.208 (kcal/mol) [=(1)+(2)+(3)-(4)]
(1) Final Intermolecular Energy    : -6.516 (kcal/mol)
    Ligand - Receptor              : -6.516 (kcal/mol)
    Ligand - Flex side chains      : 0.000 (kcal/mol)
(2) Final Total Internal Energy    : -1.177 (kcal/mol)
    Ligand                         : -1.177 (kcal/mol)
    Flex   - Receptor              : 0.000 (kcal/mol)
    Flex   - Flex side chains      : 0.000 (kcal/mol)
(3) Torsional Free Energy          : 1.968 (kcal/mol)
(4) Unbound System's Energy        : -1.518 (kcal/mol)
ENERGY FROM SEARCH: -7.585
FINAL ENERGY: 
Estimated Free Energy of Binding   : -4.134 (kcal/mol) [=(1)+(2)+(3)-(4)]
(1) Final Intermolecular Energy    : -6.604 (kcal/mol)
    Ligand - Receptor              : -6.604 (kcal/mol)
    Ligand - Flex side chains      : 0.000 (kcal/mol)
(2) Final Total Internal Energy    : -0.981 (kcal/mol)
    Ligand                         : -0.981 (kcal/mol)
    Flex   - Receptor              : 0.000 (kcal/mol)
    Flex   - Flex side chains      : 0.000 (kcal/mol)
(3) Torsional Free Energy          : 1.933 (kcal/mol)
(4) Unbound System's Energy        : -1.518 (kcal/mol)
ENERGY FROM SEARCH: -7.482
FINAL ENERGY: 
Estimated Free Energy of Binding   : -4.064 (kcal/mol) [=(1)+(2)+(3)-(4)]
(1) Final Intermolecular Energy    : -6.538 (kcal/mol)
    Ligand - Receptor              : -6.538 (kcal/mol)
    Ligand - Flex side chains      : 0.000 (kcal/mol)
(2) Final Total Internal Energy    : -0.944 (kcal/mol)
    Ligand                         : -0.944 (kcal/mol)
    Flex   - Receptor              : 0.000 (kcal/mol)
    Flex   - Flex side chains      : 0.000 (kcal/mol)
(3) Torsional Free Energy          : 1.901 (kcal/mol)
(4) Unbound System's Energy        : -1.518 (kcal/mol)
ENERGY FROM SEARCH: -7.471
FINAL ENERGY: 
Estimated Free Energy of Binding   : -4.056 (kcal/mol) [=(1)+(2)+(3)-(4)]
(1) Final Intermolecular Energy    : -5.399 (kcal/mol)
    Ligand - Receptor              : -5.399 (kcal/mol)
    Ligand - Flex side chains      : 0.000 (kcal/mol)
(2) Final Total Internal Energy    : -2.072 (kcal/mol)
    Ligand                         : -2.072 (kcal/mol)
    Flex   - Receptor              : 0.000 (kcal/mol)
    Flex   - Flex side chains      : 0.000 (kcal/mol)
(3) Torsional Free Energy          : 1.897 (kcal/mol)
(4) Unbound System's Energy        : -1.518 (kcal/mol)
ENERGY FROM SEARCH: -7.391
FINAL ENERGY: 
Estimated Free Energy of Binding   : -4.002 (kcal/mol) [=(1)+(2)+(3)-(4)]
(1) Final Intermolecular Energy    : -6.023 (kcal/mol)
    Ligand - Receptor              : -6.023 (kcal/mol)
    Ligand - Flex side chains      : 0.000 (kcal/mol)
(2) Final Total Internal Energy    : -1.368 (kcal/mol)
    Ligand                         : -1.368 (kcal/mol)
    Flex   - Receptor              : 0.000 (kcal/mol)
    Flex   - Flex side chains      : 0.000 (kcal/mol)
(3) Torsional Free Energy          : 1.872 (kcal/mol)
(4) Unbound System's Energy        : -1.518 (kcal/mol)
ENERGY FROM SEARCH: -7.322
FINAL ENERGY: 
Estimated Free Energy of Binding   : -3.955 (kcal/mol) [=(1)+(2)+(3)-(4)]
(1) Final Intermolecular Energy    : -6.033 (kcal/mol)
    Ligand - Receptor              : -6.033 (kcal/mol)
    Ligand - Flex side chains      : 0.000 (kcal/mol)
(2) Final Total Internal Energy    : -1.289 (kcal/mol)
    Ligand                         : -1.289 (kcal/mol)
    Flex   - Receptor              : 0.000 (kcal/mol)
    Flex   - Flex side chains      : 0.000 (kcal/mol)
(3) Torsional Free Energy          : 1.849 (kcal/mol)
(4) Unbound System's Energy        : -1.518 (kcal/mol)
ENERGY FROM SEARCH: -7.308
FINAL ENERGY: 
Estimated Free Energy of Binding   : -3.945 (kcal/mol) [=(1)+(2)+(3)-(4)]
(1) Final Intermolecular Energy    : -5.183 (kcal/mol)
    Ligand - Receptor              : -5.183 (kcal/mol)
    Ligand - Flex side chains      : 0.000 (kcal/mol)
(2) Final Total Internal Energy    : -2.125 (kcal/mol)
    Ligand                         : -2.125 (kcal/mol)
    Flex   - Receptor              : 0.000 (kcal/mol)
    Flex   - Flex side chains      : 0.000 (kcal/mol)
(3) Torsional Free Energy          : 1.845 (kcal/mol)
(4) Unbound System's Energy        : -1.518 (kcal/mol)

mode |   affinity | dist from best mode
     | (kcal/mol) | rmsd l.b.| rmsd u.b.
-----+------------+----------+----------
   1      -4.9940     0.0000     0.0000
   2      -4.9598     2.2562     3.4621
   3      -4.7870     4.2525     7.3701
   4      -4.7698    21.8206    24.1472
   5      -4.7289     6.4160    11.0343
   6      -4.4814     3.6246     7.8480
   7      -4.3046     2.6398     4.2165
   8      -4.2973     2.8508     4.4770
   9      -4.2935    23.1468    25.3304
  10      -4.2752    22.3361    25.3759
  11      -4.2531     8.1893    11.0873
  12      -4.2417     6.4183     9.8754
  13      -4.2251     4.1749     6.8525
  14      -4.2077     4.2141     6.9014
  15      -4.1338     7.1573     9.8787
  16      -4.0640     9.3935    11.1791
  17      -4.0560     4.2947     6.8088
  18      -4.0020    23.7775    25.4084
  19      -3.9545     8.5011    11.0313
  20      -3.9454    23.5011    26.1496
