	Command being timed: "/usr/bin/vina --config /data/BIOFILM_INSILICO_SUPPORT/03_docking/vina_configs/exploratory_PqsR_2026-07-17/compound_11_PqsR_4JVI_run03_seed2026071693.conf --out /data/BIOFILM_INSILICO_SUPPORT/03_docking/vina_outputs/exploratory/PqsR_4JVI_2026-07-17/compound_11/run03_seed2026071693/compound_11_PqsR_4JVI_run03_seed2026071693_poses.pdbqt"
	User time (seconds): 68.30
	System time (seconds): 0.19
	Percent of CPU this job got: 675%
	Elapsed (wall clock) time (h:mm:ss or m:ss): 0:10.14
	Average shared text size (kbytes): 0
	Average unshared data size (kbytes): 0
	Average stack size (kbytes): 0
	Average total size (kbytes): 0
	Maximum resident set size (kbytes): 435628
	Average resident set size (kbytes): 0
	Major (requiring I/O) page faults: 0
	Minor (reclaiming a frame) page faults: 121153
	Voluntary context switches: 904
	Involuntary context switches: 487
	Swaps: 0
	File system inputs: 0
	File system outputs: 112
	Socket messages sent: 0
	Socket messages received: 0
	Signals delivered: 0
	Page size (bytes): 4096
	Exit status: 0
