AutoDock Vina v1.2.5
#################################################################
# If you used AutoDock Vina in your work, please cite:          #
#                                                               #
# J. Eberhardt, D. Santos-Martins, A. F. Tillack, and S. Forli  #
# AutoDock Vina 1.2.0: New Docking Methods, Expanded Force      #
# Field, and Python Bindings, J. Chem. Inf. Model. (2021)       #
# DOI 10.1021/acs.jcim.1c00203                                  #
#                                                               #
# O. Trott, A. J. Olson,                                        #
# AutoDock Vina: improving the speed and accuracy of docking    #
# with a new scoring function, efficient optimization and       #
# multithreading, J. Comp. Chem. (2010)                         #
# DOI 10.1002/jcc.21334                                         #
#                                                               #
# Please see https://github.com/ccsb-scripps/AutoDock-Vina for  #
# more information.                                             #
#################################################################

Scoring function : vinardo
Rigid receptor: /data/BIOFILM_INSILICO_SUPPORT/03_docking/receptors_pdbqt/PqsR_4JVI.pdbqt
Ligand: /data/BIOFILM_INSILICO_SUPPORT/03_docking/ligands_pdbqt/compound_11.pdbqt
Grid center: X -33.489 Y 56.865 Z 9.1
Grid size  : X 30 Y 30 Z 30
Grid space : 0.375
Exhaustiveness: 64
CPU: 8
Verbosity: 2

Computing Vinardo grid ... done.
Performing docking (random seed: 2026071693) ... 
0%   10   20   30   40   50   60   70   80   90   100%
|----|----|----|----|----|----|----|----|----|----|
***************************************************
done.
ENERGY FROM SEARCH: -4.96972
FINAL ENERGY: 
Estimated Free Energy of Binding   : -5.189 (kcal/mol) [=(1)+(2)+(3)-(4)]
(1) Final Intermolecular Energy    : -5.492 (kcal/mol)
    Ligand - Receptor              : -5.492 (kcal/mol)
    Ligand - Flex side chains      : 0.000 (kcal/mol)
(2) Final Total Internal Energy    : 0.522 (kcal/mol)
    Ligand                         : 0.522 (kcal/mol)
    Flex   - Receptor              : 0.000 (kcal/mol)
    Flex   - Flex side chains      : 0.000 (kcal/mol)
(3) Torsional Free Energy          : 0.303 (kcal/mol)
(4) Unbound System's Energy        : 0.522 (kcal/mol)
ENERGY FROM SEARCH: -4.958
FINAL ENERGY: 
Estimated Free Energy of Binding   : -5.177 (kcal/mol) [=(1)+(2)+(3)-(4)]
(1) Final Intermolecular Energy    : -5.489 (kcal/mol)
    Ligand - Receptor              : -5.489 (kcal/mol)
    Ligand - Flex side chains      : 0.000 (kcal/mol)
(2) Final Total Internal Energy    : 0.531 (kcal/mol)
    Ligand                         : 0.531 (kcal/mol)
    Flex   - Receptor              : 0.000 (kcal/mol)
    Flex   - Flex side chains      : 0.000 (kcal/mol)
(3) Torsional Free Energy          : 0.303 (kcal/mol)
(4) Unbound System's Energy        : 0.522 (kcal/mol)
ENERGY FROM SEARCH: -4.661
FINAL ENERGY: 
Estimated Free Energy of Binding   : -4.897 (kcal/mol) [=(1)+(2)+(3)-(4)]
(1) Final Intermolecular Energy    : -4.680 (kcal/mol)
    Ligand - Receptor              : -4.680 (kcal/mol)
    Ligand - Flex side chains      : 0.000 (kcal/mol)
(2) Final Total Internal Energy    : 0.019 (kcal/mol)
    Ligand                         : 0.019 (kcal/mol)
    Flex   - Receptor              : 0.000 (kcal/mol)
    Flex   - Flex side chains      : 0.000 (kcal/mol)
(3) Torsional Free Energy          : 0.286 (kcal/mol)
(4) Unbound System's Energy        : 0.522 (kcal/mol)
ENERGY FROM SEARCH: -4.624
FINAL ENERGY: 
Estimated Free Energy of Binding   : -4.862 (kcal/mol) [=(1)+(2)+(3)-(4)]
(1) Final Intermolecular Energy    : -4.691 (kcal/mol)
    Ligand - Receptor              : -4.691 (kcal/mol)
    Ligand - Flex side chains      : 0.000 (kcal/mol)
(2) Final Total Internal Energy    : 0.067 (kcal/mol)
    Ligand                         : 0.067 (kcal/mol)
    Flex   - Receptor              : 0.000 (kcal/mol)
    Flex   - Flex side chains      : 0.000 (kcal/mol)
(3) Torsional Free Energy          : 0.284 (kcal/mol)
(4) Unbound System's Energy        : 0.522 (kcal/mol)
ENERGY FROM SEARCH: -4.581
FINAL ENERGY: 
Estimated Free Energy of Binding   : -4.821 (kcal/mol) [=(1)+(2)+(3)-(4)]
(1) Final Intermolecular Energy    : -4.599 (kcal/mol)
    Ligand - Receptor              : -4.599 (kcal/mol)
    Ligand - Flex side chains      : 0.000 (kcal/mol)
(2) Final Total Internal Energy    : 0.018 (kcal/mol)
    Ligand                         : 0.018 (kcal/mol)
    Flex   - Receptor              : 0.000 (kcal/mol)
    Flex   - Flex side chains      : 0.000 (kcal/mol)
(3) Torsional Free Energy          : 0.282 (kcal/mol)
(4) Unbound System's Energy        : 0.522 (kcal/mol)
ENERGY FROM SEARCH: -4.577
FINAL ENERGY: 
Estimated Free Energy of Binding   : -4.818 (kcal/mol) [=(1)+(2)+(3)-(4)]
(1) Final Intermolecular Energy    : -4.594 (kcal/mol)
    Ligand - Receptor              : -4.594 (kcal/mol)
    Ligand - Flex side chains      : 0.000 (kcal/mol)
(2) Final Total Internal Energy    : 0.016 (kcal/mol)
    Ligand                         : 0.016 (kcal/mol)
    Flex   - Receptor              : 0.000 (kcal/mol)
    Flex   - Flex side chains      : 0.000 (kcal/mol)
(3) Torsional Free Energy          : 0.282 (kcal/mol)
(4) Unbound System's Energy        : 0.522 (kcal/mol)
ENERGY FROM SEARCH: -4.544
FINAL ENERGY: 
Estimated Free Energy of Binding   : -4.787 (kcal/mol) [=(1)+(2)+(3)-(4)]
(1) Final Intermolecular Energy    : -4.400 (kcal/mol)
    Ligand - Receptor              : -4.400 (kcal/mol)
    Ligand - Flex side chains      : 0.000 (kcal/mol)
(2) Final Total Internal Energy    : -0.144 (kcal/mol)
    Ligand                         : -0.144 (kcal/mol)
    Flex   - Receptor              : 0.000 (kcal/mol)
    Flex   - Flex side chains      : 0.000 (kcal/mol)
(3) Torsional Free Energy          : 0.280 (kcal/mol)
(4) Unbound System's Energy        : 0.522 (kcal/mol)
ENERGY FROM SEARCH: -4.512
FINAL ENERGY: 
Estimated Free Energy of Binding   : -4.756 (kcal/mol) [=(1)+(2)+(3)-(4)]
(1) Final Intermolecular Energy    : -4.363 (kcal/mol)
    Ligand - Receptor              : -4.363 (kcal/mol)
    Ligand - Flex side chains      : 0.000 (kcal/mol)
(2) Final Total Internal Energy    : -0.149 (kcal/mol)
    Ligand                         : -0.149 (kcal/mol)
    Flex   - Receptor              : 0.000 (kcal/mol)
    Flex   - Flex side chains      : 0.000 (kcal/mol)
(3) Torsional Free Energy          : 0.278 (kcal/mol)
(4) Unbound System's Energy        : 0.522 (kcal/mol)
ENERGY FROM SEARCH: -4.509
FINAL ENERGY: 
Estimated Free Energy of Binding   : -4.753 (kcal/mol) [=(1)+(2)+(3)-(4)]
(1) Final Intermolecular Energy    : -4.360 (kcal/mol)
    Ligand - Receptor              : -4.360 (kcal/mol)
    Ligand - Flex side chains      : 0.000 (kcal/mol)
(2) Final Total Internal Energy    : -0.149 (kcal/mol)
    Ligand                         : -0.149 (kcal/mol)
    Flex   - Receptor              : 0.000 (kcal/mol)
    Flex   - Flex side chains      : 0.000 (kcal/mol)
(3) Torsional Free Energy          : 0.278 (kcal/mol)
(4) Unbound System's Energy        : 0.522 (kcal/mol)
ENERGY FROM SEARCH: -4.380
FINAL ENERGY: 
Estimated Free Energy of Binding   : -4.631 (kcal/mol) [=(1)+(2)+(3)-(4)]
(1) Final Intermolecular Energy    : -4.234 (kcal/mol)
    Ligand - Receptor              : -4.234 (kcal/mol)
    Ligand - Flex side chains      : 0.000 (kcal/mol)
(2) Final Total Internal Energy    : -0.146 (kcal/mol)
    Ligand                         : -0.146 (kcal/mol)
    Flex   - Receptor              : 0.000 (kcal/mol)
    Flex   - Flex side chains      : 0.000 (kcal/mol)
(3) Torsional Free Energy          : 0.271 (kcal/mol)
(4) Unbound System's Energy        : 0.522 (kcal/mol)
ENERGY FROM SEARCH: -4.357
FINAL ENERGY: 
Estimated Free Energy of Binding   : -4.609 (kcal/mol) [=(1)+(2)+(3)-(4)]
(1) Final Intermolecular Energy    : -4.209 (kcal/mol)
    Ligand - Receptor              : -4.209 (kcal/mol)
    Ligand - Flex side chains      : 0.000 (kcal/mol)
(2) Final Total Internal Energy    : -0.148 (kcal/mol)
    Ligand                         : -0.148 (kcal/mol)
    Flex   - Receptor              : 0.000 (kcal/mol)
    Flex   - Flex side chains      : 0.000 (kcal/mol)
(3) Torsional Free Energy          : 0.269 (kcal/mol)
(4) Unbound System's Energy        : 0.522 (kcal/mol)
ENERGY FROM SEARCH: -4.355
FINAL ENERGY: 
Estimated Free Energy of Binding   : -4.608 (kcal/mol) [=(1)+(2)+(3)-(4)]
(1) Final Intermolecular Energy    : -4.302 (kcal/mol)
    Ligand - Receptor              : -4.302 (kcal/mol)
    Ligand - Flex side chains      : 0.000 (kcal/mol)
(2) Final Total Internal Energy    : -0.053 (kcal/mol)
    Ligand                         : -0.053 (kcal/mol)
    Flex   - Receptor              : 0.000 (kcal/mol)
    Flex   - Flex side chains      : 0.000 (kcal/mol)
(3) Torsional Free Energy          : 0.269 (kcal/mol)
(4) Unbound System's Energy        : 0.522 (kcal/mol)
ENERGY FROM SEARCH: -4.334
FINAL ENERGY: 
Estimated Free Energy of Binding   : -4.588 (kcal/mol) [=(1)+(2)+(3)-(4)]
(1) Final Intermolecular Energy    : -4.217 (kcal/mol)
    Ligand - Receptor              : -4.217 (kcal/mol)
    Ligand - Flex side chains      : 0.000 (kcal/mol)
(2) Final Total Internal Energy    : -0.116 (kcal/mol)
    Ligand                         : -0.116 (kcal/mol)
    Flex   - Receptor              : 0.000 (kcal/mol)
    Flex   - Flex side chains      : 0.000 (kcal/mol)
(3) Torsional Free Energy          : 0.268 (kcal/mol)
(4) Unbound System's Energy        : 0.522 (kcal/mol)
ENERGY FROM SEARCH: -4.317
FINAL ENERGY: 
Estimated Free Energy of Binding   : -4.572 (kcal/mol) [=(1)+(2)+(3)-(4)]
(1) Final Intermolecular Energy    : -4.169 (kcal/mol)
    Ligand - Receptor              : -4.169 (kcal/mol)
    Ligand - Flex side chains      : 0.000 (kcal/mol)
(2) Final Total Internal Energy    : -0.148 (kcal/mol)
    Ligand                         : -0.148 (kcal/mol)
    Flex   - Receptor              : 0.000 (kcal/mol)
    Flex   - Flex side chains      : 0.000 (kcal/mol)
(3) Torsional Free Energy          : 0.267 (kcal/mol)
(4) Unbound System's Energy        : 0.522 (kcal/mol)
ENERGY FROM SEARCH: -4.229
FINAL ENERGY: 
Estimated Free Energy of Binding   : -4.489 (kcal/mol) [=(1)+(2)+(3)-(4)]
(1) Final Intermolecular Energy    : -4.079 (kcal/mol)
    Ligand - Receptor              : -4.079 (kcal/mol)
    Ligand - Flex side chains      : 0.000 (kcal/mol)
(2) Final Total Internal Energy    : -0.150 (kcal/mol)
    Ligand                         : -0.150 (kcal/mol)
    Flex   - Receptor              : 0.000 (kcal/mol)
    Flex   - Flex side chains      : 0.000 (kcal/mol)
(3) Torsional Free Energy          : 0.262 (kcal/mol)
(4) Unbound System's Energy        : 0.522 (kcal/mol)
ENERGY FROM SEARCH: -4.186
FINAL ENERGY: 
Estimated Free Energy of Binding   : -4.448 (kcal/mol) [=(1)+(2)+(3)-(4)]
(1) Final Intermolecular Energy    : -4.241 (kcal/mol)
    Ligand - Receptor              : -4.241 (kcal/mol)
    Ligand - Flex side chains      : 0.000 (kcal/mol)
(2) Final Total Internal Energy    : 0.054 (kcal/mol)
    Ligand                         : 0.054 (kcal/mol)
    Flex   - Receptor              : 0.000 (kcal/mol)
    Flex   - Flex side chains      : 0.000 (kcal/mol)
(3) Torsional Free Energy          : 0.260 (kcal/mol)
(4) Unbound System's Energy        : 0.522 (kcal/mol)
ENERGY FROM SEARCH: -4.127
FINAL ENERGY: 
Estimated Free Energy of Binding   : -4.393 (kcal/mol) [=(1)+(2)+(3)-(4)]
(1) Final Intermolecular Energy    : -4.177 (kcal/mol)
    Ligand - Receptor              : -4.177 (kcal/mol)
    Ligand - Flex side chains      : 0.000 (kcal/mol)
(2) Final Total Internal Energy    : 0.050 (kcal/mol)
    Ligand                         : 0.050 (kcal/mol)
    Flex   - Receptor              : 0.000 (kcal/mol)
    Flex   - Flex side chains      : 0.000 (kcal/mol)
(3) Torsional Free Energy          : 0.257 (kcal/mol)
(4) Unbound System's Energy        : 0.522 (kcal/mol)
ENERGY FROM SEARCH: -4.086
FINAL ENERGY: 
Estimated Free Energy of Binding   : -4.353 (kcal/mol) [=(1)+(2)+(3)-(4)]
(1) Final Intermolecular Energy    : -4.178 (kcal/mol)
    Ligand - Receptor              : -4.178 (kcal/mol)
    Ligand - Flex side chains      : 0.000 (kcal/mol)
(2) Final Total Internal Energy    : 0.093 (kcal/mol)
    Ligand                         : 0.093 (kcal/mol)
    Flex   - Receptor              : 0.000 (kcal/mol)
    Flex   - Flex side chains      : 0.000 (kcal/mol)
(3) Torsional Free Energy          : 0.254 (kcal/mol)
(4) Unbound System's Energy        : 0.522 (kcal/mol)
ENERGY FROM SEARCH: -4.051
FINAL ENERGY: 
Estimated Free Energy of Binding   : -4.321 (kcal/mol) [=(1)+(2)+(3)-(4)]
(1) Final Intermolecular Energy    : -3.963 (kcal/mol)
    Ligand - Receptor              : -3.963 (kcal/mol)
    Ligand - Flex side chains      : 0.000 (kcal/mol)
(2) Final Total Internal Energy    : -0.088 (kcal/mol)
    Ligand                         : -0.088 (kcal/mol)
    Flex   - Receptor              : 0.000 (kcal/mol)
    Flex   - Flex side chains      : 0.000 (kcal/mol)
(3) Torsional Free Energy          : 0.253 (kcal/mol)
(4) Unbound System's Energy        : 0.522 (kcal/mol)
ENERGY FROM SEARCH: -4.044
FINAL ENERGY: 
Estimated Free Energy of Binding   : -4.314 (kcal/mol) [=(1)+(2)+(3)-(4)]
(1) Final Intermolecular Energy    : -3.973 (kcal/mol)
    Ligand - Receptor              : -3.973 (kcal/mol)
    Ligand - Flex side chains      : 0.000 (kcal/mol)
(2) Final Total Internal Energy    : -0.072 (kcal/mol)
    Ligand                         : -0.072 (kcal/mol)
    Flex   - Receptor              : 0.000 (kcal/mol)
    Flex   - Flex side chains      : 0.000 (kcal/mol)
(3) Torsional Free Energy          : 0.252 (kcal/mol)
(4) Unbound System's Energy        : 0.522 (kcal/mol)

mode |   affinity | dist from best mode
     | (kcal/mol) | rmsd l.b.| rmsd u.b.
-----+------------+----------+----------
   1      -5.1886     0.0000     0.0000
   2      -5.1775     3.2011     4.1860
   3      -4.8971    13.2203    14.4761
   4      -4.8620    13.6125    14.8961
   5      -4.8213     3.6049     4.8016
   6      -4.8178     2.0235     2.4310
   7      -4.7866     4.7447     5.7016
   8      -4.7565     3.7734     5.2705
   9      -4.7529     2.6268     4.0205
  10      -4.6315     2.6300     3.7514
  11      -4.6093    14.4242    15.5739
  12      -4.6082     2.9657     3.4953
  13      -4.5876    13.5047    14.7612
  14      -4.5720     2.7785     3.7832
  15      -4.4887    12.0250    13.3313
  16      -4.4485    13.7599    15.1620
  17      -4.3926    12.2953    13.7086
  18      -4.3533     3.5119     4.9723
  19      -4.3207    12.3420    13.6402
  20      -4.3141    18.6361    19.5752
