AutoDock Vina v1.2.5
#################################################################
# If you used AutoDock Vina in your work, please cite:          #
#                                                               #
# J. Eberhardt, D. Santos-Martins, A. F. Tillack, and S. Forli  #
# AutoDock Vina 1.2.0: New Docking Methods, Expanded Force      #
# Field, and Python Bindings, J. Chem. Inf. Model. (2021)       #
# DOI 10.1021/acs.jcim.1c00203                                  #
#                                                               #
# O. Trott, A. J. Olson,                                        #
# AutoDock Vina: improving the speed and accuracy of docking    #
# with a new scoring function, efficient optimization and       #
# multithreading, J. Comp. Chem. (2010)                         #
# DOI 10.1002/jcc.21334                                         #
#                                                               #
# Please see https://github.com/ccsb-scripps/AutoDock-Vina for  #
# more information.                                             #
#################################################################

Scoring function : vinardo
Rigid receptor: /data/BIOFILM_INSILICO_SUPPORT/03_docking/receptors_pdbqt/PqsR_4JVI.pdbqt
Ligand: /data/BIOFILM_INSILICO_SUPPORT/03_docking/ligands_pdbqt/compound_11.pdbqt
Grid center: X -33.489 Y 56.865 Z 9.1
Grid size  : X 30 Y 30 Z 30
Grid space : 0.375
Exhaustiveness: 64
CPU: 8
Verbosity: 2

Computing Vinardo grid ... done.
Performing docking (random seed: 2026071691) ... 
0%   10   20   30   40   50   60   70   80   90   100%
|----|----|----|----|----|----|----|----|----|----|
***************************************************
done.
ENERGY FROM SEARCH: -4.96214
FINAL ENERGY: 
Estimated Free Energy of Binding   : -5.190 (kcal/mol) [=(1)+(2)+(3)-(4)]
(1) Final Intermolecular Energy    : -5.494 (kcal/mol)
    Ligand - Receptor              : -5.494 (kcal/mol)
    Ligand - Flex side chains      : 0.000 (kcal/mol)
(2) Final Total Internal Energy    : 0.532 (kcal/mol)
    Ligand                         : 0.532 (kcal/mol)
    Flex   - Receptor              : 0.000 (kcal/mol)
    Flex   - Flex side chains      : 0.000 (kcal/mol)
(3) Torsional Free Energy          : 0.303 (kcal/mol)
(4) Unbound System's Energy        : 0.532 (kcal/mol)
ENERGY FROM SEARCH: -4.958
FINAL ENERGY: 
Estimated Free Energy of Binding   : -5.186 (kcal/mol) [=(1)+(2)+(3)-(4)]
(1) Final Intermolecular Energy    : -5.489 (kcal/mol)
    Ligand - Receptor              : -5.489 (kcal/mol)
    Ligand - Flex side chains      : 0.000 (kcal/mol)
(2) Final Total Internal Energy    : 0.531 (kcal/mol)
    Ligand                         : 0.531 (kcal/mol)
    Flex   - Receptor              : 0.000 (kcal/mol)
    Flex   - Flex side chains      : 0.000 (kcal/mol)
(3) Torsional Free Energy          : 0.303 (kcal/mol)
(4) Unbound System's Energy        : 0.532 (kcal/mol)
ENERGY FROM SEARCH: -4.658
FINAL ENERGY: 
Estimated Free Energy of Binding   : -4.903 (kcal/mol) [=(1)+(2)+(3)-(4)]
(1) Final Intermolecular Energy    : -4.680 (kcal/mol)
    Ligand - Receptor              : -4.680 (kcal/mol)
    Ligand - Flex side chains      : 0.000 (kcal/mol)
(2) Final Total Internal Energy    : 0.022 (kcal/mol)
    Ligand                         : 0.022 (kcal/mol)
    Flex   - Receptor              : 0.000 (kcal/mol)
    Flex   - Flex side chains      : 0.000 (kcal/mol)
(3) Torsional Free Energy          : 0.287 (kcal/mol)
(4) Unbound System's Energy        : 0.532 (kcal/mol)
ENERGY FROM SEARCH: -4.631
FINAL ENERGY: 
Estimated Free Energy of Binding   : -4.878 (kcal/mol) [=(1)+(2)+(3)-(4)]
(1) Final Intermolecular Energy    : -4.696 (kcal/mol)
    Ligand - Receptor              : -4.696 (kcal/mol)
    Ligand - Flex side chains      : 0.000 (kcal/mol)
(2) Final Total Internal Energy    : 0.064 (kcal/mol)
    Ligand                         : 0.064 (kcal/mol)
    Flex   - Receptor              : 0.000 (kcal/mol)
    Flex   - Flex side chains      : 0.000 (kcal/mol)
(3) Torsional Free Energy          : 0.285 (kcal/mol)
(4) Unbound System's Energy        : 0.532 (kcal/mol)
ENERGY FROM SEARCH: -4.583
FINAL ENERGY: 
Estimated Free Energy of Binding   : -4.832 (kcal/mol) [=(1)+(2)+(3)-(4)]
(1) Final Intermolecular Energy    : -4.598 (kcal/mol)
    Ligand - Receptor              : -4.598 (kcal/mol)
    Ligand - Flex side chains      : 0.000 (kcal/mol)
(2) Final Total Internal Energy    : 0.016 (kcal/mol)
    Ligand                         : 0.016 (kcal/mol)
    Flex   - Receptor              : 0.000 (kcal/mol)
    Flex   - Flex side chains      : 0.000 (kcal/mol)
(3) Torsional Free Energy          : 0.282 (kcal/mol)
(4) Unbound System's Energy        : 0.532 (kcal/mol)
ENERGY FROM SEARCH: -4.580
FINAL ENERGY: 
Estimated Free Energy of Binding   : -4.829 (kcal/mol) [=(1)+(2)+(3)-(4)]
(1) Final Intermolecular Energy    : -4.596 (kcal/mol)
    Ligand - Receptor              : -4.596 (kcal/mol)
    Ligand - Flex side chains      : 0.000 (kcal/mol)
(2) Final Total Internal Energy    : 0.016 (kcal/mol)
    Ligand                         : 0.016 (kcal/mol)
    Flex   - Receptor              : 0.000 (kcal/mol)
    Flex   - Flex side chains      : 0.000 (kcal/mol)
(3) Torsional Free Energy          : 0.282 (kcal/mol)
(4) Unbound System's Energy        : 0.532 (kcal/mol)
ENERGY FROM SEARCH: -4.537
FINAL ENERGY: 
Estimated Free Energy of Binding   : -4.788 (kcal/mol) [=(1)+(2)+(3)-(4)]
(1) Final Intermolecular Energy    : -4.393 (kcal/mol)
    Ligand - Receptor              : -4.393 (kcal/mol)
    Ligand - Flex side chains      : 0.000 (kcal/mol)
(2) Final Total Internal Energy    : -0.144 (kcal/mol)
    Ligand                         : -0.144 (kcal/mol)
    Flex   - Receptor              : 0.000 (kcal/mol)
    Flex   - Flex side chains      : 0.000 (kcal/mol)
(3) Torsional Free Energy          : 0.280 (kcal/mol)
(4) Unbound System's Energy        : 0.532 (kcal/mol)
ENERGY FROM SEARCH: -4.511
FINAL ENERGY: 
Estimated Free Energy of Binding   : -4.764 (kcal/mol) [=(1)+(2)+(3)-(4)]
(1) Final Intermolecular Energy    : -4.361 (kcal/mol)
    Ligand - Receptor              : -4.361 (kcal/mol)
    Ligand - Flex side chains      : 0.000 (kcal/mol)
(2) Final Total Internal Energy    : -0.150 (kcal/mol)
    Ligand                         : -0.150 (kcal/mol)
    Flex   - Receptor              : 0.000 (kcal/mol)
    Flex   - Flex side chains      : 0.000 (kcal/mol)
(3) Torsional Free Energy          : 0.279 (kcal/mol)
(4) Unbound System's Energy        : 0.532 (kcal/mol)
ENERGY FROM SEARCH: -4.505
FINAL ENERGY: 
Estimated Free Energy of Binding   : -4.758 (kcal/mol) [=(1)+(2)+(3)-(4)]
(1) Final Intermolecular Energy    : -4.356 (kcal/mol)
    Ligand - Receptor              : -4.356 (kcal/mol)
    Ligand - Flex side chains      : 0.000 (kcal/mol)
(2) Final Total Internal Energy    : -0.149 (kcal/mol)
    Ligand                         : -0.149 (kcal/mol)
    Flex   - Receptor              : 0.000 (kcal/mol)
    Flex   - Flex side chains      : 0.000 (kcal/mol)
(3) Torsional Free Energy          : 0.278 (kcal/mol)
(4) Unbound System's Energy        : 0.532 (kcal/mol)
ENERGY FROM SEARCH: -4.387
FINAL ENERGY: 
Estimated Free Energy of Binding   : -4.646 (kcal/mol) [=(1)+(2)+(3)-(4)]
(1) Final Intermolecular Energy    : -4.240 (kcal/mol)
    Ligand - Receptor              : -4.240 (kcal/mol)
    Ligand - Flex side chains      : 0.000 (kcal/mol)
(2) Final Total Internal Energy    : -0.147 (kcal/mol)
    Ligand                         : -0.147 (kcal/mol)
    Flex   - Receptor              : 0.000 (kcal/mol)
    Flex   - Flex side chains      : 0.000 (kcal/mol)
(3) Torsional Free Energy          : 0.272 (kcal/mol)
(4) Unbound System's Energy        : 0.532 (kcal/mol)
ENERGY FROM SEARCH: -4.363
FINAL ENERGY: 
Estimated Free Energy of Binding   : -4.624 (kcal/mol) [=(1)+(2)+(3)-(4)]
(1) Final Intermolecular Energy    : -4.213 (kcal/mol)
    Ligand - Receptor              : -4.213 (kcal/mol)
    Ligand - Flex side chains      : 0.000 (kcal/mol)
(2) Final Total Internal Energy    : -0.149 (kcal/mol)
    Ligand                         : -0.149 (kcal/mol)
    Flex   - Receptor              : 0.000 (kcal/mol)
    Flex   - Flex side chains      : 0.000 (kcal/mol)
(3) Torsional Free Energy          : 0.270 (kcal/mol)
(4) Unbound System's Energy        : 0.532 (kcal/mol)
ENERGY FROM SEARCH: -4.339
FINAL ENERGY: 
Estimated Free Energy of Binding   : -4.602 (kcal/mol) [=(1)+(2)+(3)-(4)]
(1) Final Intermolecular Energy    : -4.222 (kcal/mol)
    Ligand - Receptor              : -4.222 (kcal/mol)
    Ligand - Flex side chains      : 0.000 (kcal/mol)
(2) Final Total Internal Energy    : -0.117 (kcal/mol)
    Ligand                         : -0.117 (kcal/mol)
    Flex   - Receptor              : 0.000 (kcal/mol)
    Flex   - Flex side chains      : 0.000 (kcal/mol)
(3) Torsional Free Energy          : 0.269 (kcal/mol)
(4) Unbound System's Energy        : 0.532 (kcal/mol)
ENERGY FROM SEARCH: -4.320
FINAL ENERGY: 
Estimated Free Energy of Binding   : -4.583 (kcal/mol) [=(1)+(2)+(3)-(4)]
(1) Final Intermolecular Energy    : -4.172 (kcal/mol)
    Ligand - Receptor              : -4.172 (kcal/mol)
    Ligand - Flex side chains      : 0.000 (kcal/mol)
(2) Final Total Internal Energy    : -0.147 (kcal/mol)
    Ligand                         : -0.147 (kcal/mol)
    Flex   - Receptor              : 0.000 (kcal/mol)
    Flex   - Flex side chains      : 0.000 (kcal/mol)
(3) Torsional Free Energy          : 0.268 (kcal/mol)
(4) Unbound System's Energy        : 0.532 (kcal/mol)
ENERGY FROM SEARCH: -4.236
FINAL ENERGY: 
Estimated Free Energy of Binding   : -4.504 (kcal/mol) [=(1)+(2)+(3)-(4)]
(1) Final Intermolecular Energy    : -4.087 (kcal/mol)
    Ligand - Receptor              : -4.087 (kcal/mol)
    Ligand - Flex side chains      : 0.000 (kcal/mol)
(2) Final Total Internal Energy    : -0.150 (kcal/mol)
    Ligand                         : -0.150 (kcal/mol)
    Flex   - Receptor              : 0.000 (kcal/mol)
    Flex   - Flex side chains      : 0.000 (kcal/mol)
(3) Torsional Free Energy          : 0.263 (kcal/mol)
(4) Unbound System's Energy        : 0.532 (kcal/mol)
ENERGY FROM SEARCH: -4.230
FINAL ENERGY: 
Estimated Free Energy of Binding   : -4.499 (kcal/mol) [=(1)+(2)+(3)-(4)]
(1) Final Intermolecular Energy    : -4.080 (kcal/mol)
    Ligand - Receptor              : -4.080 (kcal/mol)
    Ligand - Flex side chains      : 0.000 (kcal/mol)
(2) Final Total Internal Energy    : -0.150 (kcal/mol)
    Ligand                         : -0.150 (kcal/mol)
    Flex   - Receptor              : 0.000 (kcal/mol)
    Flex   - Flex side chains      : 0.000 (kcal/mol)
(3) Torsional Free Energy          : 0.263 (kcal/mol)
(4) Unbound System's Energy        : 0.532 (kcal/mol)
ENERGY FROM SEARCH: -4.185
FINAL ENERGY: 
Estimated Free Energy of Binding   : -4.456 (kcal/mol) [=(1)+(2)+(3)-(4)]
(1) Final Intermolecular Energy    : -4.234 (kcal/mol)
    Ligand - Receptor              : -4.234 (kcal/mol)
    Ligand - Flex side chains      : 0.000 (kcal/mol)
(2) Final Total Internal Energy    : 0.049 (kcal/mol)
    Ligand                         : 0.049 (kcal/mol)
    Flex   - Receptor              : 0.000 (kcal/mol)
    Flex   - Flex side chains      : 0.000 (kcal/mol)
(3) Torsional Free Energy          : 0.260 (kcal/mol)
(4) Unbound System's Energy        : 0.532 (kcal/mol)
ENERGY FROM SEARCH: -4.127
FINAL ENERGY: 
Estimated Free Energy of Binding   : -4.401 (kcal/mol) [=(1)+(2)+(3)-(4)]
(1) Final Intermolecular Energy    : -4.176 (kcal/mol)
    Ligand - Receptor              : -4.176 (kcal/mol)
    Ligand - Flex side chains      : 0.000 (kcal/mol)
(2) Final Total Internal Energy    : 0.049 (kcal/mol)
    Ligand                         : 0.049 (kcal/mol)
    Flex   - Receptor              : 0.000 (kcal/mol)
    Flex   - Flex side chains      : 0.000 (kcal/mol)
(3) Torsional Free Energy          : 0.257 (kcal/mol)
(4) Unbound System's Energy        : 0.532 (kcal/mol)
ENERGY FROM SEARCH: -4.126
FINAL ENERGY: 
Estimated Free Energy of Binding   : -4.401 (kcal/mol) [=(1)+(2)+(3)-(4)]
(1) Final Intermolecular Energy    : -4.176 (kcal/mol)
    Ligand - Receptor              : -4.176 (kcal/mol)
    Ligand - Flex side chains      : 0.000 (kcal/mol)
(2) Final Total Internal Energy    : 0.049 (kcal/mol)
    Ligand                         : 0.049 (kcal/mol)
    Flex   - Receptor              : 0.000 (kcal/mol)
    Flex   - Flex side chains      : 0.000 (kcal/mol)
(3) Torsional Free Energy          : 0.257 (kcal/mol)
(4) Unbound System's Energy        : 0.532 (kcal/mol)
ENERGY FROM SEARCH: -3.991
FINAL ENERGY: 
Estimated Free Energy of Binding   : -4.273 (kcal/mol) [=(1)+(2)+(3)-(4)]
(1) Final Intermolecular Energy    : -3.891 (kcal/mol)
    Ligand - Receptor              : -3.891 (kcal/mol)
    Ligand - Flex side chains      : 0.000 (kcal/mol)
(2) Final Total Internal Energy    : -0.100 (kcal/mol)
    Ligand                         : -0.100 (kcal/mol)
    Flex   - Receptor              : 0.000 (kcal/mol)
    Flex   - Flex side chains      : 0.000 (kcal/mol)
(3) Torsional Free Energy          : 0.250 (kcal/mol)
(4) Unbound System's Energy        : 0.532 (kcal/mol)
ENERGY FROM SEARCH: -3.968
FINAL ENERGY: 
Estimated Free Energy of Binding   : -4.251 (kcal/mol) [=(1)+(2)+(3)-(4)]
(1) Final Intermolecular Energy    : -3.979 (kcal/mol)
    Ligand - Receptor              : -3.979 (kcal/mol)
    Ligand - Flex side chains      : 0.000 (kcal/mol)
(2) Final Total Internal Energy    : 0.012 (kcal/mol)
    Ligand                         : 0.012 (kcal/mol)
    Flex   - Receptor              : 0.000 (kcal/mol)
    Flex   - Flex side chains      : 0.000 (kcal/mol)
(3) Torsional Free Energy          : 0.248 (kcal/mol)
(4) Unbound System's Energy        : 0.532 (kcal/mol)

mode |   affinity | dist from best mode
     | (kcal/mol) | rmsd l.b.| rmsd u.b.
-----+------------+----------+----------
   1      -5.1902     0.0000     0.0000
   2      -5.1862     3.2002     4.1852
   3      -4.9028    13.2226    14.4776
   4      -4.8777    13.6178    14.9011
   5      -4.8316     3.6041     4.8006
   6      -4.8293     2.0206     2.4281
   7      -4.7883     4.7475     5.7040
   8      -4.7643     3.7687     5.2641
   9      -4.7582     2.6234     4.0115
  10      -4.6464     2.6195     3.7513
  11      -4.6237    14.4237    15.5738
  12      -4.6015    13.4934    14.7488
  13      -4.5833     2.7968     3.8124
  14      -4.5044    11.7848    13.2730
  15      -4.4988    12.0228    13.3294
  16      -4.4560    13.7509    15.1537
  17      -4.4009    11.9170    13.2241
  18      -4.4006    12.2969    13.7106
  19      -4.2727    18.7696    19.7089
  20      -4.2507    12.3317    13.6297
