	Command being timed: "/usr/bin/vina --config /data/BIOFILM_INSILICO_SUPPORT/03_docking/vina_configs/exploratory_PqsR_2026-07-17/compound_09_PqsR_4JVI_run05_seed2026071685.conf --out /data/BIOFILM_INSILICO_SUPPORT/03_docking/vina_outputs/exploratory/PqsR_4JVI_2026-07-17/compound_09/run05_seed2026071685/compound_09_PqsR_4JVI_run05_seed2026071685_poses.pdbqt"
	User time (seconds): 673.72
	System time (seconds): 0.32
	Percent of CPU this job got: 722%
	Elapsed (wall clock) time (h:mm:ss or m:ss): 1:33.35
	Average shared text size (kbytes): 0
	Average unshared data size (kbytes): 0
	Average stack size (kbytes): 0
	Average total size (kbytes): 0
	Maximum resident set size (kbytes): 565012
	Average resident set size (kbytes): 0
	Major (requiring I/O) page faults: 0
	Minor (reclaiming a frame) page faults: 188095
	Voluntary context switches: 113
	Involuntary context switches: 3672
	Swaps: 0
	File system inputs: 0
	File system outputs: 208
	Socket messages sent: 0
	Socket messages received: 0
	Signals delivered: 0
	Page size (bytes): 4096
	Exit status: 0
