AutoDock Vina v1.2.5
#################################################################
# If you used AutoDock Vina in your work, please cite:          #
#                                                               #
# J. Eberhardt, D. Santos-Martins, A. F. Tillack, and S. Forli  #
# AutoDock Vina 1.2.0: New Docking Methods, Expanded Force      #
# Field, and Python Bindings, J. Chem. Inf. Model. (2021)       #
# DOI 10.1021/acs.jcim.1c00203                                  #
#                                                               #
# O. Trott, A. J. Olson,                                        #
# AutoDock Vina: improving the speed and accuracy of docking    #
# with a new scoring function, efficient optimization and       #
# multithreading, J. Comp. Chem. (2010)                         #
# DOI 10.1002/jcc.21334                                         #
#                                                               #
# Please see https://github.com/ccsb-scripps/AutoDock-Vina for  #
# more information.                                             #
#################################################################

Scoring function : vinardo
Rigid receptor: /data/BIOFILM_INSILICO_SUPPORT/03_docking/receptors_pdbqt/PqsR_4JVI.pdbqt
Ligand: /data/BIOFILM_INSILICO_SUPPORT/03_docking/ligands_pdbqt/compound_09.pdbqt
Grid center: X -33.489 Y 56.865 Z 9.1
Grid size  : X 30 Y 30 Z 30
Grid space : 0.375
Exhaustiveness: 64
CPU: 8
Verbosity: 2

Computing Vinardo grid ... done.
Performing docking (random seed: 2026071685) ... 
0%   10   20   30   40   50   60   70   80   90   100%
|----|----|----|----|----|----|----|----|----|----|
***************************************************
done.
ENERGY FROM SEARCH: -8.84024
FINAL ENERGY: 
Estimated Free Energy of Binding   : -4.991 (kcal/mol) [=(1)+(2)+(3)-(4)]
(1) Final Intermolecular Energy    : -7.326 (kcal/mol)
    Ligand - Receptor              : -7.326 (kcal/mol)
    Ligand - Flex side chains      : 0.000 (kcal/mol)
(2) Final Total Internal Energy    : -1.515 (kcal/mol)
    Ligand                         : -1.515 (kcal/mol)
    Flex   - Receptor              : 0.000 (kcal/mol)
    Flex   - Flex side chains      : 0.000 (kcal/mol)
(3) Torsional Free Energy          : 2.334 (kcal/mol)
(4) Unbound System's Energy        : -1.515 (kcal/mol)
ENERGY FROM SEARCH: -8.800
FINAL ENERGY: 
Estimated Free Energy of Binding   : -4.964 (kcal/mol) [=(1)+(2)+(3)-(4)]
(1) Final Intermolecular Energy    : -7.188 (kcal/mol)
    Ligand - Receptor              : -7.188 (kcal/mol)
    Ligand - Flex side chains      : 0.000 (kcal/mol)
(2) Final Total Internal Energy    : -1.613 (kcal/mol)
    Ligand                         : -1.613 (kcal/mol)
    Flex   - Receptor              : 0.000 (kcal/mol)
    Flex   - Flex side chains      : 0.000 (kcal/mol)
(3) Torsional Free Energy          : 2.322 (kcal/mol)
(4) Unbound System's Energy        : -1.515 (kcal/mol)
ENERGY FROM SEARCH: -8.561
FINAL ENERGY: 
Estimated Free Energy of Binding   : -4.801 (kcal/mol) [=(1)+(2)+(3)-(4)]
(1) Final Intermolecular Energy    : -7.005 (kcal/mol)
    Ligand - Receptor              : -7.005 (kcal/mol)
    Ligand - Flex side chains      : 0.000 (kcal/mol)
(2) Final Total Internal Energy    : -1.555 (kcal/mol)
    Ligand                         : -1.555 (kcal/mol)
    Flex   - Receptor              : 0.000 (kcal/mol)
    Flex   - Flex side chains      : 0.000 (kcal/mol)
(3) Torsional Free Energy          : 2.245 (kcal/mol)
(4) Unbound System's Energy        : -1.515 (kcal/mol)
ENERGY FROM SEARCH: -8.546
FINAL ENERGY: 
Estimated Free Energy of Binding   : -4.791 (kcal/mol) [=(1)+(2)+(3)-(4)]
(1) Final Intermolecular Energy    : -6.978 (kcal/mol)
    Ligand - Receptor              : -6.978 (kcal/mol)
    Ligand - Flex side chains      : 0.000 (kcal/mol)
(2) Final Total Internal Energy    : -1.567 (kcal/mol)
    Ligand                         : -1.567 (kcal/mol)
    Flex   - Receptor              : 0.000 (kcal/mol)
    Flex   - Flex side chains      : 0.000 (kcal/mol)
(3) Torsional Free Energy          : 2.240 (kcal/mol)
(4) Unbound System's Energy        : -1.515 (kcal/mol)
ENERGY FROM SEARCH: -8.523
FINAL ENERGY: 
Estimated Free Energy of Binding   : -4.775 (kcal/mol) [=(1)+(2)+(3)-(4)]
(1) Final Intermolecular Energy    : -6.950 (kcal/mol)
    Ligand - Receptor              : -6.950 (kcal/mol)
    Ligand - Flex side chains      : 0.000 (kcal/mol)
(2) Final Total Internal Energy    : -1.573 (kcal/mol)
    Ligand                         : -1.573 (kcal/mol)
    Flex   - Receptor              : 0.000 (kcal/mol)
    Flex   - Flex side chains      : 0.000 (kcal/mol)
(3) Torsional Free Energy          : 2.233 (kcal/mol)
(4) Unbound System's Energy        : -1.515 (kcal/mol)
ENERGY FROM SEARCH: -8.500
FINAL ENERGY: 
Estimated Free Energy of Binding   : -4.760 (kcal/mol) [=(1)+(2)+(3)-(4)]
(1) Final Intermolecular Energy    : -7.557 (kcal/mol)
    Ligand - Receptor              : -7.557 (kcal/mol)
    Ligand - Flex side chains      : 0.000 (kcal/mol)
(2) Final Total Internal Energy    : -0.943 (kcal/mol)
    Ligand                         : -0.943 (kcal/mol)
    Flex   - Receptor              : 0.000 (kcal/mol)
    Flex   - Flex side chains      : 0.000 (kcal/mol)
(3) Torsional Free Energy          : 2.226 (kcal/mol)
(4) Unbound System's Energy        : -1.515 (kcal/mol)
ENERGY FROM SEARCH: -8.395
FINAL ENERGY: 
Estimated Free Energy of Binding   : -4.688 (kcal/mol) [=(1)+(2)+(3)-(4)]
(1) Final Intermolecular Energy    : -6.129 (kcal/mol)
    Ligand - Receptor              : -6.129 (kcal/mol)
    Ligand - Flex side chains      : 0.000 (kcal/mol)
(2) Final Total Internal Energy    : -2.266 (kcal/mol)
    Ligand                         : -2.266 (kcal/mol)
    Flex   - Receptor              : 0.000 (kcal/mol)
    Flex   - Flex side chains      : 0.000 (kcal/mol)
(3) Torsional Free Energy          : 2.192 (kcal/mol)
(4) Unbound System's Energy        : -1.515 (kcal/mol)
ENERGY FROM SEARCH: -8.093
FINAL ENERGY: 
Estimated Free Energy of Binding   : -4.482 (kcal/mol) [=(1)+(2)+(3)-(4)]
(1) Final Intermolecular Energy    : -5.890 (kcal/mol)
    Ligand - Receptor              : -5.890 (kcal/mol)
    Ligand - Flex side chains      : 0.000 (kcal/mol)
(2) Final Total Internal Energy    : -2.203 (kcal/mol)
    Ligand                         : -2.203 (kcal/mol)
    Flex   - Receptor              : 0.000 (kcal/mol)
    Flex   - Flex side chains      : 0.000 (kcal/mol)
(3) Torsional Free Energy          : 2.096 (kcal/mol)
(4) Unbound System's Energy        : -1.515 (kcal/mol)
ENERGY FROM SEARCH: -7.718
FINAL ENERGY: 
Estimated Free Energy of Binding   : -4.227 (kcal/mol) [=(1)+(2)+(3)-(4)]
(1) Final Intermolecular Energy    : -6.584 (kcal/mol)
    Ligand - Receptor              : -6.584 (kcal/mol)
    Ligand - Flex side chains      : 0.000 (kcal/mol)
(2) Final Total Internal Energy    : -1.134 (kcal/mol)
    Ligand                         : -1.134 (kcal/mol)
    Flex   - Receptor              : 0.000 (kcal/mol)
    Flex   - Flex side chains      : 0.000 (kcal/mol)
(3) Torsional Free Energy          : 1.977 (kcal/mol)
(4) Unbound System's Energy        : -1.515 (kcal/mol)
ENERGY FROM SEARCH: -7.703
FINAL ENERGY: 
Estimated Free Energy of Binding   : -4.216 (kcal/mol) [=(1)+(2)+(3)-(4)]
(1) Final Intermolecular Energy    : -6.558 (kcal/mol)
    Ligand - Receptor              : -6.558 (kcal/mol)
    Ligand - Flex side chains      : 0.000 (kcal/mol)
(2) Final Total Internal Energy    : -1.145 (kcal/mol)
    Ligand                         : -1.145 (kcal/mol)
    Flex   - Receptor              : 0.000 (kcal/mol)
    Flex   - Flex side chains      : 0.000 (kcal/mol)
(3) Torsional Free Energy          : 1.972 (kcal/mol)
(4) Unbound System's Energy        : -1.515 (kcal/mol)
ENERGY FROM SEARCH: -7.698
FINAL ENERGY: 
Estimated Free Energy of Binding   : -4.213 (kcal/mol) [=(1)+(2)+(3)-(4)]
(1) Final Intermolecular Energy    : -6.444 (kcal/mol)
    Ligand - Receptor              : -6.444 (kcal/mol)
    Ligand - Flex side chains      : 0.000 (kcal/mol)
(2) Final Total Internal Energy    : -1.254 (kcal/mol)
    Ligand                         : -1.254 (kcal/mol)
    Flex   - Receptor              : 0.000 (kcal/mol)
    Flex   - Flex side chains      : 0.000 (kcal/mol)
(3) Torsional Free Energy          : 1.970 (kcal/mol)
(4) Unbound System's Energy        : -1.515 (kcal/mol)
ENERGY FROM SEARCH: -7.675
FINAL ENERGY: 
Estimated Free Energy of Binding   : -4.198 (kcal/mol) [=(1)+(2)+(3)-(4)]
(1) Final Intermolecular Energy    : -5.639 (kcal/mol)
    Ligand - Receptor              : -5.639 (kcal/mol)
    Ligand - Flex side chains      : 0.000 (kcal/mol)
(2) Final Total Internal Energy    : -2.036 (kcal/mol)
    Ligand                         : -2.036 (kcal/mol)
    Flex   - Receptor              : 0.000 (kcal/mol)
    Flex   - Flex side chains      : 0.000 (kcal/mol)
(3) Torsional Free Energy          : 1.963 (kcal/mol)
(4) Unbound System's Energy        : -1.515 (kcal/mol)
ENERGY FROM SEARCH: -7.514
FINAL ENERGY: 
Estimated Free Energy of Binding   : -4.088 (kcal/mol) [=(1)+(2)+(3)-(4)]
(1) Final Intermolecular Energy    : -6.221 (kcal/mol)
    Ligand - Receptor              : -6.221 (kcal/mol)
    Ligand - Flex side chains      : 0.000 (kcal/mol)
(2) Final Total Internal Energy    : -1.293 (kcal/mol)
    Ligand                         : -1.293 (kcal/mol)
    Flex   - Receptor              : 0.000 (kcal/mol)
    Flex   - Flex side chains      : 0.000 (kcal/mol)
(3) Torsional Free Energy          : 1.912 (kcal/mol)
(4) Unbound System's Energy        : -1.515 (kcal/mol)
ENERGY FROM SEARCH: -7.501
FINAL ENERGY: 
Estimated Free Energy of Binding   : -4.079 (kcal/mol) [=(1)+(2)+(3)-(4)]
(1) Final Intermolecular Energy    : -6.549 (kcal/mol)
    Ligand - Receptor              : -6.549 (kcal/mol)
    Ligand - Flex side chains      : 0.000 (kcal/mol)
(2) Final Total Internal Energy    : -0.952 (kcal/mol)
    Ligand                         : -0.952 (kcal/mol)
    Flex   - Receptor              : 0.000 (kcal/mol)
    Flex   - Flex side chains      : 0.000 (kcal/mol)
(3) Torsional Free Energy          : 1.908 (kcal/mol)
(4) Unbound System's Energy        : -1.515 (kcal/mol)
ENERGY FROM SEARCH: -7.383
FINAL ENERGY: 
Estimated Free Energy of Binding   : -3.998 (kcal/mol) [=(1)+(2)+(3)-(4)]
(1) Final Intermolecular Energy    : -5.783 (kcal/mol)
    Ligand - Receptor              : -5.783 (kcal/mol)
    Ligand - Flex side chains      : 0.000 (kcal/mol)
(2) Final Total Internal Energy    : -1.600 (kcal/mol)
    Ligand                         : -1.600 (kcal/mol)
    Flex   - Receptor              : 0.000 (kcal/mol)
    Flex   - Flex side chains      : 0.000 (kcal/mol)
(3) Torsional Free Energy          : 1.870 (kcal/mol)
(4) Unbound System's Energy        : -1.515 (kcal/mol)
ENERGY FROM SEARCH: -7.377
FINAL ENERGY: 
Estimated Free Energy of Binding   : -3.995 (kcal/mol) [=(1)+(2)+(3)-(4)]
(1) Final Intermolecular Energy    : -5.968 (kcal/mol)
    Ligand - Receptor              : -5.968 (kcal/mol)
    Ligand - Flex side chains      : 0.000 (kcal/mol)
(2) Final Total Internal Energy    : -1.409 (kcal/mol)
    Ligand                         : -1.409 (kcal/mol)
    Flex   - Receptor              : 0.000 (kcal/mol)
    Flex   - Flex side chains      : 0.000 (kcal/mol)
(3) Torsional Free Energy          : 1.868 (kcal/mol)
(4) Unbound System's Energy        : -1.515 (kcal/mol)
ENERGY FROM SEARCH: -7.340
FINAL ENERGY: 
Estimated Free Energy of Binding   : -3.969 (kcal/mol) [=(1)+(2)+(3)-(4)]
(1) Final Intermolecular Energy    : -5.902 (kcal/mol)
    Ligand - Receptor              : -5.902 (kcal/mol)
    Ligand - Flex side chains      : 0.000 (kcal/mol)
(2) Final Total Internal Energy    : -1.439 (kcal/mol)
    Ligand                         : -1.439 (kcal/mol)
    Flex   - Receptor              : 0.000 (kcal/mol)
    Flex   - Flex side chains      : 0.000 (kcal/mol)
(3) Torsional Free Energy          : 1.856 (kcal/mol)
(4) Unbound System's Energy        : -1.515 (kcal/mol)
ENERGY FROM SEARCH: -7.302
FINAL ENERGY: 
Estimated Free Energy of Binding   : -3.943 (kcal/mol) [=(1)+(2)+(3)-(4)]
(1) Final Intermolecular Energy    : -5.163 (kcal/mol)
    Ligand - Receptor              : -5.163 (kcal/mol)
    Ligand - Flex side chains      : 0.000 (kcal/mol)
(2) Final Total Internal Energy    : -2.139 (kcal/mol)
    Ligand                         : -2.139 (kcal/mol)
    Flex   - Receptor              : 0.000 (kcal/mol)
    Flex   - Flex side chains      : 0.000 (kcal/mol)
(3) Torsional Free Energy          : 1.844 (kcal/mol)
(4) Unbound System's Energy        : -1.515 (kcal/mol)
ENERGY FROM SEARCH: -7.125
FINAL ENERGY: 
Estimated Free Energy of Binding   : -3.822 (kcal/mol) [=(1)+(2)+(3)-(4)]
(1) Final Intermolecular Energy    : -5.767 (kcal/mol)
    Ligand - Receptor              : -5.767 (kcal/mol)
    Ligand - Flex side chains      : 0.000 (kcal/mol)
(2) Final Total Internal Energy    : -1.358 (kcal/mol)
    Ligand                         : -1.358 (kcal/mol)
    Flex   - Receptor              : 0.000 (kcal/mol)
    Flex   - Flex side chains      : 0.000 (kcal/mol)
(3) Torsional Free Energy          : 1.788 (kcal/mol)
(4) Unbound System's Energy        : -1.515 (kcal/mol)
ENERGY FROM SEARCH: -7.027
FINAL ENERGY: 
Estimated Free Energy of Binding   : -3.756 (kcal/mol) [=(1)+(2)+(3)-(4)]
(1) Final Intermolecular Energy    : -4.826 (kcal/mol)
    Ligand - Receptor              : -4.826 (kcal/mol)
    Ligand - Flex side chains      : 0.000 (kcal/mol)
(2) Final Total Internal Energy    : -2.202 (kcal/mol)
    Ligand                         : -2.202 (kcal/mol)
    Flex   - Receptor              : 0.000 (kcal/mol)
    Flex   - Flex side chains      : 0.000 (kcal/mol)
(3) Torsional Free Energy          : 1.757 (kcal/mol)
(4) Unbound System's Energy        : -1.515 (kcal/mol)

mode |   affinity | dist from best mode
     | (kcal/mol) | rmsd l.b.| rmsd u.b.
-----+------------+----------+----------
   1      -4.9912     0.0000     0.0000
   2      -4.9639     2.2660     3.4792
   3      -4.8006     4.2525     7.3809
   4      -4.7906    21.7811    24.0995
   5      -4.7749     6.4047    11.0420
   6      -4.7596     3.7193     6.0608
   7      -4.6879     8.4669    11.3746
   8      -4.4820     3.6199     7.8622
   9      -4.2268     4.1847     6.8683
  10      -4.2163     7.2643     9.8815
  11      -4.2130    22.2942    25.3323
  12      -4.1975     6.4984     9.9886
  13      -4.0876     3.5840     7.8790
  14      -4.0790     9.4155    11.1968
  15      -3.9982     2.5075     3.9232
  16      -3.9946     8.0928    11.1864
  17      -3.9692     4.6793     7.3664
  18      -3.9433     3.7411     7.1728
  19      -3.8222     3.4229     7.9983
  20      -3.7561    23.4047    25.0456
