	Command being timed: "/usr/bin/vina --config /data/BIOFILM_INSILICO_SUPPORT/03_docking/vina_configs/production_LasR_2026-07-16/compound_08_LasR_2UV0_run04_seed2026071644.conf"
	User time (seconds): 7650.59
	System time (seconds): 0.66
	Percent of CPU this job got: 747%
	Elapsed (wall clock) time (h:mm:ss or m:ss): 17:03.87
	Average shared text size (kbytes): 0
	Average unshared data size (kbytes): 0
	Average stack size (kbytes): 0
	Average total size (kbytes): 0
	Maximum resident set size (kbytes): 1111508
	Average resident set size (kbytes): 0
	Major (requiring I/O) page faults: 0
	Minor (reclaiming a frame) page faults: 369116
	Voluntary context switches: 99
	Involuntary context switches: 36631
	Swaps: 0
	File system inputs: 0
	File system outputs: 504
	Socket messages sent: 0
	Socket messages received: 0
	Signals delivered: 0
	Page size (bytes): 4096
	Exit status: 0
