	Command being timed: "/usr/bin/vina --config /data/BIOFILM_INSILICO_SUPPORT/03_docking/vina_configs/production_LasR_2026-07-16/compound_09_LasR_2UV0_run03_seed2026071653.conf"
	User time (seconds): 670.55
	System time (seconds): 0.27
	Percent of CPU this job got: 761%
	Elapsed (wall clock) time (h:mm:ss or m:ss): 1:28.09
	Average shared text size (kbytes): 0
	Average unshared data size (kbytes): 0
	Average stack size (kbytes): 0
	Average total size (kbytes): 0
	Maximum resident set size (kbytes): 563596
	Average resident set size (kbytes): 0
	Major (requiring I/O) page faults: 0
	Minor (reclaiming a frame) page faults: 172522
	Voluntary context switches: 100
	Involuntary context switches: 4664
	Swaps: 0
	File system inputs: 0
	File system outputs: 208
	Socket messages sent: 0
	Socket messages received: 0
	Signals delivered: 0
	Page size (bytes): 4096
	Exit status: 0
