AutoDock Vina v1.2.5
#################################################################
# If you used AutoDock Vina in your work, please cite:          #
#                                                               #
# J. Eberhardt, D. Santos-Martins, A. F. Tillack, and S. Forli  #
# AutoDock Vina 1.2.0: New Docking Methods, Expanded Force      #
# Field, and Python Bindings, J. Chem. Inf. Model. (2021)       #
# DOI 10.1021/acs.jcim.1c00203                                  #
#                                                               #
# O. Trott, A. J. Olson,                                        #
# AutoDock Vina: improving the speed and accuracy of docking    #
# with a new scoring function, efficient optimization and       #
# multithreading, J. Comp. Chem. (2010)                         #
# DOI 10.1002/jcc.21334                                         #
#                                                               #
# Please see https://github.com/ccsb-scripps/AutoDock-Vina for  #
# more information.                                             #
#################################################################

Scoring function : vinardo
Rigid receptor: /data/BIOFILM_INSILICO_SUPPORT/03_docking/receptors_pdbqt/PqsR_4JVI.pdbqt
Ligand: /data/BIOFILM_INSILICO_SUPPORT/03_docking/reference_ligands_pdbqt/PqsR_4JVI_QZN_siteA_reference.pdbqt
Grid center: X -33.489 Y 56.865 Z 9.1
Grid size  : X 30 Y 30 Z 30
Grid space : 0.375
Exhaustiveness: 64
CPU: 8
Verbosity: 2

Computing Vinardo grid ... done.
Performing docking (random seed: 2026071624) ... 
0%   10   20   30   40   50   60   70   80   90   100%
|----|----|----|----|----|----|----|----|----|----|
***************************************************
done.
ENERGY FROM SEARCH: -11.2716
FINAL ENERGY: 
Estimated Free Energy of Binding   : -6.681 (kcal/mol) [=(1)+(2)+(3)-(4)]
(1) Final Intermolecular Energy    : -9.806 (kcal/mol)
    Ligand - Receptor              : -9.806 (kcal/mol)
    Ligand - Flex side chains      : 0.000 (kcal/mol)
(2) Final Total Internal Energy    : -1.466 (kcal/mol)
    Ligand                         : -1.466 (kcal/mol)
    Flex   - Receptor              : 0.000 (kcal/mol)
    Flex   - Flex side chains      : 0.000 (kcal/mol)
(3) Torsional Free Energy          : 3.125 (kcal/mol)
(4) Unbound System's Energy        : -1.466 (kcal/mol)
ENERGY FROM SEARCH: -11.052
FINAL ENERGY: 
Estimated Free Energy of Binding   : -6.532 (kcal/mol) [=(1)+(2)+(3)-(4)]
(1) Final Intermolecular Energy    : -9.967 (kcal/mol)
    Ligand - Receptor              : -9.967 (kcal/mol)
    Ligand - Flex side chains      : 0.000 (kcal/mol)
(2) Final Total Internal Energy    : -1.085 (kcal/mol)
    Ligand                         : -1.085 (kcal/mol)
    Flex   - Receptor              : 0.000 (kcal/mol)
    Flex   - Flex side chains      : 0.000 (kcal/mol)
(3) Torsional Free Energy          : 3.055 (kcal/mol)
(4) Unbound System's Energy        : -1.466 (kcal/mol)
ENERGY FROM SEARCH: -10.969
FINAL ENERGY: 
Estimated Free Energy of Binding   : -6.475 (kcal/mol) [=(1)+(2)+(3)-(4)]
(1) Final Intermolecular Energy    : -9.324 (kcal/mol)
    Ligand - Receptor              : -9.324 (kcal/mol)
    Ligand - Flex side chains      : 0.000 (kcal/mol)
(2) Final Total Internal Energy    : -1.644 (kcal/mol)
    Ligand                         : -1.644 (kcal/mol)
    Flex   - Receptor              : 0.000 (kcal/mol)
    Flex   - Flex side chains      : 0.000 (kcal/mol)
(3) Torsional Free Energy          : 3.028 (kcal/mol)
(4) Unbound System's Energy        : -1.466 (kcal/mol)
ENERGY FROM SEARCH: -10.898
FINAL ENERGY: 
Estimated Free Energy of Binding   : -6.427 (kcal/mol) [=(1)+(2)+(3)-(4)]
(1) Final Intermolecular Energy    : -9.895 (kcal/mol)
    Ligand - Receptor              : -9.895 (kcal/mol)
    Ligand - Flex side chains      : 0.000 (kcal/mol)
(2) Final Total Internal Energy    : -1.003 (kcal/mol)
    Ligand                         : -1.003 (kcal/mol)
    Flex   - Receptor              : 0.000 (kcal/mol)
    Flex   - Flex side chains      : 0.000 (kcal/mol)
(3) Torsional Free Energy          : 3.006 (kcal/mol)
(4) Unbound System's Energy        : -1.466 (kcal/mol)
ENERGY FROM SEARCH: -10.824
FINAL ENERGY: 
Estimated Free Energy of Binding   : -6.376 (kcal/mol) [=(1)+(2)+(3)-(4)]
(1) Final Intermolecular Energy    : -9.995 (kcal/mol)
    Ligand - Receptor              : -9.995 (kcal/mol)
    Ligand - Flex side chains      : 0.000 (kcal/mol)
(2) Final Total Internal Energy    : -0.830 (kcal/mol)
    Ligand                         : -0.830 (kcal/mol)
    Flex   - Receptor              : 0.000 (kcal/mol)
    Flex   - Flex side chains      : 0.000 (kcal/mol)
(3) Torsional Free Energy          : 2.982 (kcal/mol)
(4) Unbound System's Energy        : -1.466 (kcal/mol)
ENERGY FROM SEARCH: -10.599
FINAL ENERGY: 
Estimated Free Energy of Binding   : -6.223 (kcal/mol) [=(1)+(2)+(3)-(4)]
(1) Final Intermolecular Energy    : -9.744 (kcal/mol)
    Ligand - Receptor              : -9.744 (kcal/mol)
    Ligand - Flex side chains      : 0.000 (kcal/mol)
(2) Final Total Internal Energy    : -0.855 (kcal/mol)
    Ligand                         : -0.855 (kcal/mol)
    Flex   - Receptor              : 0.000 (kcal/mol)
    Flex   - Flex side chains      : 0.000 (kcal/mol)
(3) Torsional Free Energy          : 2.910 (kcal/mol)
(4) Unbound System's Energy        : -1.466 (kcal/mol)
ENERGY FROM SEARCH: -10.556
FINAL ENERGY: 
Estimated Free Energy of Binding   : -6.194 (kcal/mol) [=(1)+(2)+(3)-(4)]
(1) Final Intermolecular Energy    : -9.520 (kcal/mol)
    Ligand - Receptor              : -9.520 (kcal/mol)
    Ligand - Flex side chains      : 0.000 (kcal/mol)
(2) Final Total Internal Energy    : -1.036 (kcal/mol)
    Ligand                         : -1.036 (kcal/mol)
    Flex   - Receptor              : 0.000 (kcal/mol)
    Flex   - Flex side chains      : 0.000 (kcal/mol)
(3) Torsional Free Energy          : 2.897 (kcal/mol)
(4) Unbound System's Energy        : -1.466 (kcal/mol)
ENERGY FROM SEARCH: -10.432
FINAL ENERGY: 
Estimated Free Energy of Binding   : -6.109 (kcal/mol) [=(1)+(2)+(3)-(4)]
(1) Final Intermolecular Energy    : -10.128 (kcal/mol)
    Ligand - Receptor              : -10.128 (kcal/mol)
    Ligand - Flex side chains      : 0.000 (kcal/mol)
(2) Final Total Internal Energy    : -0.303 (kcal/mol)
    Ligand                         : -0.303 (kcal/mol)
    Flex   - Receptor              : 0.000 (kcal/mol)
    Flex   - Flex side chains      : 0.000 (kcal/mol)
(3) Torsional Free Energy          : 2.857 (kcal/mol)
(4) Unbound System's Energy        : -1.466 (kcal/mol)
ENERGY FROM SEARCH: -10.376
FINAL ENERGY: 
Estimated Free Energy of Binding   : -6.071 (kcal/mol) [=(1)+(2)+(3)-(4)]
(1) Final Intermolecular Energy    : -9.416 (kcal/mol)
    Ligand - Receptor              : -9.416 (kcal/mol)
    Ligand - Flex side chains      : 0.000 (kcal/mol)
(2) Final Total Internal Energy    : -0.960 (kcal/mol)
    Ligand                         : -0.960 (kcal/mol)
    Flex   - Receptor              : 0.000 (kcal/mol)
    Flex   - Flex side chains      : 0.000 (kcal/mol)
(3) Torsional Free Energy          : 2.839 (kcal/mol)
(4) Unbound System's Energy        : -1.466 (kcal/mol)
ENERGY FROM SEARCH: -10.310
FINAL ENERGY: 
Estimated Free Energy of Binding   : -6.026 (kcal/mol) [=(1)+(2)+(3)-(4)]
(1) Final Intermolecular Energy    : -9.547 (kcal/mol)
    Ligand - Receptor              : -9.547 (kcal/mol)
    Ligand - Flex side chains      : 0.000 (kcal/mol)
(2) Final Total Internal Energy    : -0.763 (kcal/mol)
    Ligand                         : -0.763 (kcal/mol)
    Flex   - Receptor              : 0.000 (kcal/mol)
    Flex   - Flex side chains      : 0.000 (kcal/mol)
(3) Torsional Free Energy          : 2.818 (kcal/mol)
(4) Unbound System's Energy        : -1.466 (kcal/mol)
ENERGY FROM SEARCH: -10.278
FINAL ENERGY: 
Estimated Free Energy of Binding   : -6.004 (kcal/mol) [=(1)+(2)+(3)-(4)]
(1) Final Intermolecular Energy    : -8.764 (kcal/mol)
    Ligand - Receptor              : -8.764 (kcal/mol)
    Ligand - Flex side chains      : 0.000 (kcal/mol)
(2) Final Total Internal Energy    : -1.514 (kcal/mol)
    Ligand                         : -1.514 (kcal/mol)
    Flex   - Receptor              : 0.000 (kcal/mol)
    Flex   - Flex side chains      : 0.000 (kcal/mol)
(3) Torsional Free Energy          : 2.808 (kcal/mol)
(4) Unbound System's Energy        : -1.466 (kcal/mol)
ENERGY FROM SEARCH: -10.238
FINAL ENERGY: 
Estimated Free Energy of Binding   : -5.977 (kcal/mol) [=(1)+(2)+(3)-(4)]
(1) Final Intermolecular Energy    : -8.956 (kcal/mol)
    Ligand - Receptor              : -8.956 (kcal/mol)
    Ligand - Flex side chains      : 0.000 (kcal/mol)
(2) Final Total Internal Energy    : -1.282 (kcal/mol)
    Ligand                         : -1.282 (kcal/mol)
    Flex   - Receptor              : 0.000 (kcal/mol)
    Flex   - Flex side chains      : 0.000 (kcal/mol)
(3) Torsional Free Energy          : 2.795 (kcal/mol)
(4) Unbound System's Energy        : -1.466 (kcal/mol)
ENERGY FROM SEARCH: -10.178
FINAL ENERGY: 
Estimated Free Energy of Binding   : -5.936 (kcal/mol) [=(1)+(2)+(3)-(4)]
(1) Final Intermolecular Energy    : -9.397 (kcal/mol)
    Ligand - Receptor              : -9.397 (kcal/mol)
    Ligand - Flex side chains      : 0.000 (kcal/mol)
(2) Final Total Internal Energy    : -0.781 (kcal/mol)
    Ligand                         : -0.781 (kcal/mol)
    Flex   - Receptor              : 0.000 (kcal/mol)
    Flex   - Flex side chains      : 0.000 (kcal/mol)
(3) Torsional Free Energy          : 2.776 (kcal/mol)
(4) Unbound System's Energy        : -1.466 (kcal/mol)
ENERGY FROM SEARCH: -10.078
FINAL ENERGY: 
Estimated Free Energy of Binding   : -5.868 (kcal/mol) [=(1)+(2)+(3)-(4)]
(1) Final Intermolecular Energy    : -9.314 (kcal/mol)
    Ligand - Receptor              : -9.314 (kcal/mol)
    Ligand - Flex side chains      : 0.000 (kcal/mol)
(2) Final Total Internal Energy    : -0.764 (kcal/mol)
    Ligand                         : -0.764 (kcal/mol)
    Flex   - Receptor              : 0.000 (kcal/mol)
    Flex   - Flex side chains      : 0.000 (kcal/mol)
(3) Torsional Free Energy          : 2.744 (kcal/mol)
(4) Unbound System's Energy        : -1.466 (kcal/mol)
ENERGY FROM SEARCH: -9.970
FINAL ENERGY: 
Estimated Free Energy of Binding   : -5.794 (kcal/mol) [=(1)+(2)+(3)-(4)]
(1) Final Intermolecular Energy    : -9.281 (kcal/mol)
    Ligand - Receptor              : -9.281 (kcal/mol)
    Ligand - Flex side chains      : 0.000 (kcal/mol)
(2) Final Total Internal Energy    : -0.688 (kcal/mol)
    Ligand                         : -0.688 (kcal/mol)
    Flex   - Receptor              : 0.000 (kcal/mol)
    Flex   - Flex side chains      : 0.000 (kcal/mol)
(3) Torsional Free Energy          : 2.710 (kcal/mol)
(4) Unbound System's Energy        : -1.466 (kcal/mol)
ENERGY FROM SEARCH: -9.925
FINAL ENERGY: 
Estimated Free Energy of Binding   : -5.764 (kcal/mol) [=(1)+(2)+(3)-(4)]
(1) Final Intermolecular Energy    : -8.883 (kcal/mol)
    Ligand - Receptor              : -8.883 (kcal/mol)
    Ligand - Flex side chains      : 0.000 (kcal/mol)
(2) Final Total Internal Energy    : -1.042 (kcal/mol)
    Ligand                         : -1.042 (kcal/mol)
    Flex   - Receptor              : 0.000 (kcal/mol)
    Flex   - Flex side chains      : 0.000 (kcal/mol)
(3) Torsional Free Energy          : 2.695 (kcal/mol)
(4) Unbound System's Energy        : -1.466 (kcal/mol)
ENERGY FROM SEARCH: -9.878
FINAL ENERGY: 
Estimated Free Energy of Binding   : -5.732 (kcal/mol) [=(1)+(2)+(3)-(4)]
(1) Final Intermolecular Energy    : -8.781 (kcal/mol)
    Ligand - Receptor              : -8.781 (kcal/mol)
    Ligand - Flex side chains      : 0.000 (kcal/mol)
(2) Final Total Internal Energy    : -1.098 (kcal/mol)
    Ligand                         : -1.098 (kcal/mol)
    Flex   - Receptor              : 0.000 (kcal/mol)
    Flex   - Flex side chains      : 0.000 (kcal/mol)
(3) Torsional Free Energy          : 2.681 (kcal/mol)
(4) Unbound System's Energy        : -1.466 (kcal/mol)
ENERGY FROM SEARCH: -9.840
FINAL ENERGY: 
Estimated Free Energy of Binding   : -5.706 (kcal/mol) [=(1)+(2)+(3)-(4)]
(1) Final Intermolecular Energy    : -9.067 (kcal/mol)
    Ligand - Receptor              : -9.067 (kcal/mol)
    Ligand - Flex side chains      : 0.000 (kcal/mol)
(2) Final Total Internal Energy    : -0.774 (kcal/mol)
    Ligand                         : -0.774 (kcal/mol)
    Flex   - Receptor              : 0.000 (kcal/mol)
    Flex   - Flex side chains      : 0.000 (kcal/mol)
(3) Torsional Free Energy          : 2.669 (kcal/mol)
(4) Unbound System's Energy        : -1.466 (kcal/mol)
ENERGY FROM SEARCH: -9.793
FINAL ENERGY: 
Estimated Free Energy of Binding   : -5.673 (kcal/mol) [=(1)+(2)+(3)-(4)]
(1) Final Intermolecular Energy    : -8.865 (kcal/mol)
    Ligand - Receptor              : -8.865 (kcal/mol)
    Ligand - Flex side chains      : 0.000 (kcal/mol)
(2) Final Total Internal Energy    : -0.928 (kcal/mol)
    Ligand                         : -0.928 (kcal/mol)
    Flex   - Receptor              : 0.000 (kcal/mol)
    Flex   - Flex side chains      : 0.000 (kcal/mol)
(3) Torsional Free Energy          : 2.653 (kcal/mol)
(4) Unbound System's Energy        : -1.466 (kcal/mol)
ENERGY FROM SEARCH: -9.380
FINAL ENERGY: 
Estimated Free Energy of Binding   : -5.392 (kcal/mol) [=(1)+(2)+(3)-(4)]
(1) Final Intermolecular Energy    : -8.324 (kcal/mol)
    Ligand - Receptor              : -8.324 (kcal/mol)
    Ligand - Flex side chains      : 0.000 (kcal/mol)
(2) Final Total Internal Energy    : -1.056 (kcal/mol)
    Ligand                         : -1.056 (kcal/mol)
    Flex   - Receptor              : 0.000 (kcal/mol)
    Flex   - Flex side chains      : 0.000 (kcal/mol)
(3) Torsional Free Energy          : 2.522 (kcal/mol)
(4) Unbound System's Energy        : -1.466 (kcal/mol)

mode |   affinity | dist from best mode
     | (kcal/mol) | rmsd l.b.| rmsd u.b.
-----+------------+----------+----------
   1      -6.6811     0.0000     0.0000
   2      -6.5318     2.7220     6.2392
   3      -6.4746     3.5578     5.7921
   4      -6.4267     3.4099     5.9683
   5      -6.3764     8.9612    11.3121
   6      -6.2232     9.6083    11.7743
   7      -6.1938     9.1544    11.1062
   8      -6.1088     2.8713     6.4669
   9      -6.0708     8.4537    10.9118
  10      -6.0260     3.8996     7.0207
  11      -6.0038    10.6963    14.0389
  12      -5.9770     8.8771    11.4064
  13      -5.9359     8.2200    10.9916
  14      -5.8677     8.4205    10.1454
  15      -5.7940     8.6500    10.9341
  16      -5.7635     3.2093     5.8278
  17      -5.7317     7.4921    11.3582
  18      -5.7059     8.6771    10.7612
  19      -5.6734    10.2135    13.2164
  20      -5.3922     7.1344    10.6306
