AutoDock Vina v1.2.5
#################################################################
# If you used AutoDock Vina in your work, please cite:          #
#                                                               #
# J. Eberhardt, D. Santos-Martins, A. F. Tillack, and S. Forli  #
# AutoDock Vina 1.2.0: New Docking Methods, Expanded Force      #
# Field, and Python Bindings, J. Chem. Inf. Model. (2021)       #
# DOI 10.1021/acs.jcim.1c00203                                  #
#                                                               #
# O. Trott, A. J. Olson,                                        #
# AutoDock Vina: improving the speed and accuracy of docking    #
# with a new scoring function, efficient optimization and       #
# multithreading, J. Comp. Chem. (2010)                         #
# DOI 10.1002/jcc.21334                                         #
#                                                               #
# Please see https://github.com/ccsb-scripps/AutoDock-Vina for  #
# more information.                                             #
#################################################################

Scoring function : vinardo
Rigid receptor: /data/BIOFILM_INSILICO_SUPPORT/03_docking/receptors_pdbqt/PqsR_4JVI.pdbqt
Ligand: /data/BIOFILM_INSILICO_SUPPORT/03_docking/reference_ligands_pdbqt/PqsR_4JVI_QZN_siteA_reference.pdbqt
Grid center: X -33.489 Y 56.865 Z 9.1
Grid size  : X 30 Y 30 Z 30
Grid space : 0.375
Exhaustiveness: 64
CPU: 8
Verbosity: 2

Computing Vinardo grid ... done.
Performing docking (random seed: 2026071621) ... 
0%   10   20   30   40   50   60   70   80   90   100%
|----|----|----|----|----|----|----|----|----|----|
***************************************************
done.
ENERGY FROM SEARCH: -11.3665
FINAL ENERGY: 
Estimated Free Energy of Binding   : -6.705 (kcal/mol) [=(1)+(2)+(3)-(4)]
(1) Final Intermolecular Energy    : -9.840 (kcal/mol)
    Ligand - Receptor              : -9.840 (kcal/mol)
    Ligand - Flex side chains      : 0.000 (kcal/mol)
(2) Final Total Internal Energy    : -1.526 (kcal/mol)
    Ligand                         : -1.526 (kcal/mol)
    Flex   - Receptor              : 0.000 (kcal/mol)
    Flex   - Flex side chains      : 0.000 (kcal/mol)
(3) Torsional Free Energy          : 3.136 (kcal/mol)
(4) Unbound System's Energy        : -1.526 (kcal/mol)
ENERGY FROM SEARCH: -10.933
FINAL ENERGY: 
Estimated Free Energy of Binding   : -6.409 (kcal/mol) [=(1)+(2)+(3)-(4)]
(1) Final Intermolecular Energy    : -10.179 (kcal/mol)
    Ligand - Receptor              : -10.179 (kcal/mol)
    Ligand - Flex side chains      : 0.000 (kcal/mol)
(2) Final Total Internal Energy    : -0.754 (kcal/mol)
    Ligand                         : -0.754 (kcal/mol)
    Flex   - Receptor              : 0.000 (kcal/mol)
    Flex   - Flex side chains      : 0.000 (kcal/mol)
(3) Torsional Free Energy          : 2.997 (kcal/mol)
(4) Unbound System's Energy        : -1.526 (kcal/mol)
ENERGY FROM SEARCH: -10.791
FINAL ENERGY: 
Estimated Free Energy of Binding   : -6.312 (kcal/mol) [=(1)+(2)+(3)-(4)]
(1) Final Intermolecular Energy    : -9.936 (kcal/mol)
    Ligand - Receptor              : -9.936 (kcal/mol)
    Ligand - Flex side chains      : 0.000 (kcal/mol)
(2) Final Total Internal Energy    : -0.855 (kcal/mol)
    Ligand                         : -0.855 (kcal/mol)
    Flex   - Receptor              : 0.000 (kcal/mol)
    Flex   - Flex side chains      : 0.000 (kcal/mol)
(3) Torsional Free Energy          : 2.952 (kcal/mol)
(4) Unbound System's Energy        : -1.526 (kcal/mol)
ENERGY FROM SEARCH: -10.659
FINAL ENERGY: 
Estimated Free Energy of Binding   : -6.222 (kcal/mol) [=(1)+(2)+(3)-(4)]
(1) Final Intermolecular Energy    : -9.973 (kcal/mol)
    Ligand - Receptor              : -9.973 (kcal/mol)
    Ligand - Flex side chains      : 0.000 (kcal/mol)
(2) Final Total Internal Energy    : -0.686 (kcal/mol)
    Ligand                         : -0.686 (kcal/mol)
    Flex   - Receptor              : 0.000 (kcal/mol)
    Flex   - Flex side chains      : 0.000 (kcal/mol)
(3) Torsional Free Energy          : 2.910 (kcal/mol)
(4) Unbound System's Energy        : -1.526 (kcal/mol)
ENERGY FROM SEARCH: -10.547
FINAL ENERGY: 
Estimated Free Energy of Binding   : -6.146 (kcal/mol) [=(1)+(2)+(3)-(4)]
(1) Final Intermolecular Energy    : -8.904 (kcal/mol)
    Ligand - Receptor              : -8.904 (kcal/mol)
    Ligand - Flex side chains      : 0.000 (kcal/mol)
(2) Final Total Internal Energy    : -1.643 (kcal/mol)
    Ligand                         : -1.643 (kcal/mol)
    Flex   - Receptor              : 0.000 (kcal/mol)
    Flex   - Flex side chains      : 0.000 (kcal/mol)
(3) Torsional Free Energy          : 2.875 (kcal/mol)
(4) Unbound System's Energy        : -1.526 (kcal/mol)
ENERGY FROM SEARCH: -10.474
FINAL ENERGY: 
Estimated Free Energy of Binding   : -6.097 (kcal/mol) [=(1)+(2)+(3)-(4)]
(1) Final Intermolecular Energy    : -9.418 (kcal/mol)
    Ligand - Receptor              : -9.418 (kcal/mol)
    Ligand - Flex side chains      : 0.000 (kcal/mol)
(2) Final Total Internal Energy    : -1.056 (kcal/mol)
    Ligand                         : -1.056 (kcal/mol)
    Flex   - Receptor              : 0.000 (kcal/mol)
    Flex   - Flex side chains      : 0.000 (kcal/mol)
(3) Torsional Free Energy          : 2.851 (kcal/mol)
(4) Unbound System's Energy        : -1.526 (kcal/mol)
ENERGY FROM SEARCH: -10.462
FINAL ENERGY: 
Estimated Free Energy of Binding   : -6.088 (kcal/mol) [=(1)+(2)+(3)-(4)]
(1) Final Intermolecular Energy    : -9.714 (kcal/mol)
    Ligand - Receptor              : -9.714 (kcal/mol)
    Ligand - Flex side chains      : 0.000 (kcal/mol)
(2) Final Total Internal Energy    : -0.748 (kcal/mol)
    Ligand                         : -0.748 (kcal/mol)
    Flex   - Receptor              : 0.000 (kcal/mol)
    Flex   - Flex side chains      : 0.000 (kcal/mol)
(3) Torsional Free Energy          : 2.847 (kcal/mol)
(4) Unbound System's Energy        : -1.526 (kcal/mol)
ENERGY FROM SEARCH: -10.322
FINAL ENERGY: 
Estimated Free Energy of Binding   : -5.993 (kcal/mol) [=(1)+(2)+(3)-(4)]
(1) Final Intermolecular Energy    : -8.694 (kcal/mol)
    Ligand - Receptor              : -8.694 (kcal/mol)
    Ligand - Flex side chains      : 0.000 (kcal/mol)
(2) Final Total Internal Energy    : -1.627 (kcal/mol)
    Ligand                         : -1.627 (kcal/mol)
    Flex   - Receptor              : 0.000 (kcal/mol)
    Flex   - Flex side chains      : 0.000 (kcal/mol)
(3) Torsional Free Energy          : 2.803 (kcal/mol)
(4) Unbound System's Energy        : -1.526 (kcal/mol)
ENERGY FROM SEARCH: -10.213
FINAL ENERGY: 
Estimated Free Energy of Binding   : -5.919 (kcal/mol) [=(1)+(2)+(3)-(4)]
(1) Final Intermolecular Energy    : -9.477 (kcal/mol)
    Ligand - Receptor              : -9.477 (kcal/mol)
    Ligand - Flex side chains      : 0.000 (kcal/mol)
(2) Final Total Internal Energy    : -0.736 (kcal/mol)
    Ligand                         : -0.736 (kcal/mol)
    Flex   - Receptor              : 0.000 (kcal/mol)
    Flex   - Flex side chains      : 0.000 (kcal/mol)
(3) Torsional Free Energy          : 2.768 (kcal/mol)
(4) Unbound System's Energy        : -1.526 (kcal/mol)
ENERGY FROM SEARCH: -10.204
FINAL ENERGY: 
Estimated Free Energy of Binding   : -5.912 (kcal/mol) [=(1)+(2)+(3)-(4)]
(1) Final Intermolecular Energy    : -9.177 (kcal/mol)
    Ligand - Receptor              : -9.177 (kcal/mol)
    Ligand - Flex side chains      : 0.000 (kcal/mol)
(2) Final Total Internal Energy    : -1.027 (kcal/mol)
    Ligand                         : -1.027 (kcal/mol)
    Flex   - Receptor              : 0.000 (kcal/mol)
    Flex   - Flex side chains      : 0.000 (kcal/mol)
(3) Torsional Free Energy          : 2.765 (kcal/mol)
(4) Unbound System's Energy        : -1.526 (kcal/mol)
ENERGY FROM SEARCH: -10.093
FINAL ENERGY: 
Estimated Free Energy of Binding   : -5.837 (kcal/mol) [=(1)+(2)+(3)-(4)]
(1) Final Intermolecular Energy    : -9.299 (kcal/mol)
    Ligand - Receptor              : -9.299 (kcal/mol)
    Ligand - Flex side chains      : 0.000 (kcal/mol)
(2) Final Total Internal Energy    : -0.794 (kcal/mol)
    Ligand                         : -0.794 (kcal/mol)
    Flex   - Receptor              : 0.000 (kcal/mol)
    Flex   - Flex side chains      : 0.000 (kcal/mol)
(3) Torsional Free Energy          : 2.730 (kcal/mol)
(4) Unbound System's Energy        : -1.526 (kcal/mol)
ENERGY FROM SEARCH: -9.982
FINAL ENERGY: 
Estimated Free Energy of Binding   : -5.761 (kcal/mol) [=(1)+(2)+(3)-(4)]
(1) Final Intermolecular Energy    : -8.782 (kcal/mol)
    Ligand - Receptor              : -8.782 (kcal/mol)
    Ligand - Flex side chains      : 0.000 (kcal/mol)
(2) Final Total Internal Energy    : -1.200 (kcal/mol)
    Ligand                         : -1.200 (kcal/mol)
    Flex   - Receptor              : 0.000 (kcal/mol)
    Flex   - Flex side chains      : 0.000 (kcal/mol)
(3) Torsional Free Energy          : 2.695 (kcal/mol)
(4) Unbound System's Energy        : -1.526 (kcal/mol)
ENERGY FROM SEARCH: -9.956
FINAL ENERGY: 
Estimated Free Energy of Binding   : -5.743 (kcal/mol) [=(1)+(2)+(3)-(4)]
(1) Final Intermolecular Energy    : -8.836 (kcal/mol)
    Ligand - Receptor              : -8.836 (kcal/mol)
    Ligand - Flex side chains      : 0.000 (kcal/mol)
(2) Final Total Internal Energy    : -1.120 (kcal/mol)
    Ligand                         : -1.120 (kcal/mol)
    Flex   - Receptor              : 0.000 (kcal/mol)
    Flex   - Flex side chains      : 0.000 (kcal/mol)
(3) Torsional Free Energy          : 2.686 (kcal/mol)
(4) Unbound System's Energy        : -1.526 (kcal/mol)
ENERGY FROM SEARCH: -9.923
FINAL ENERGY: 
Estimated Free Energy of Binding   : -5.721 (kcal/mol) [=(1)+(2)+(3)-(4)]
(1) Final Intermolecular Energy    : -9.043 (kcal/mol)
    Ligand - Receptor              : -9.043 (kcal/mol)
    Ligand - Flex side chains      : 0.000 (kcal/mol)
(2) Final Total Internal Energy    : -0.880 (kcal/mol)
    Ligand                         : -0.880 (kcal/mol)
    Flex   - Receptor              : 0.000 (kcal/mol)
    Flex   - Flex side chains      : 0.000 (kcal/mol)
(3) Torsional Free Energy          : 2.676 (kcal/mol)
(4) Unbound System's Energy        : -1.526 (kcal/mol)
ENERGY FROM SEARCH: -9.869
FINAL ENERGY: 
Estimated Free Energy of Binding   : -5.684 (kcal/mol) [=(1)+(2)+(3)-(4)]
(1) Final Intermolecular Energy    : -8.976 (kcal/mol)
    Ligand - Receptor              : -8.976 (kcal/mol)
    Ligand - Flex side chains      : 0.000 (kcal/mol)
(2) Final Total Internal Energy    : -0.893 (kcal/mol)
    Ligand                         : -0.893 (kcal/mol)
    Flex   - Receptor              : 0.000 (kcal/mol)
    Flex   - Flex side chains      : 0.000 (kcal/mol)
(3) Torsional Free Energy          : 2.659 (kcal/mol)
(4) Unbound System's Energy        : -1.526 (kcal/mol)
ENERGY FROM SEARCH: -9.846
FINAL ENERGY: 
Estimated Free Energy of Binding   : -5.669 (kcal/mol) [=(1)+(2)+(3)-(4)]
(1) Final Intermolecular Energy    : -9.167 (kcal/mol)
    Ligand - Receptor              : -9.167 (kcal/mol)
    Ligand - Flex side chains      : 0.000 (kcal/mol)
(2) Final Total Internal Energy    : -0.680 (kcal/mol)
    Ligand                         : -0.680 (kcal/mol)
    Flex   - Receptor              : 0.000 (kcal/mol)
    Flex   - Flex side chains      : 0.000 (kcal/mol)
(3) Torsional Free Energy          : 2.651 (kcal/mol)
(4) Unbound System's Energy        : -1.526 (kcal/mol)
ENERGY FROM SEARCH: -9.793
FINAL ENERGY: 
Estimated Free Energy of Binding   : -5.633 (kcal/mol) [=(1)+(2)+(3)-(4)]
(1) Final Intermolecular Energy    : -9.029 (kcal/mol)
    Ligand - Receptor              : -9.029 (kcal/mol)
    Ligand - Flex side chains      : 0.000 (kcal/mol)
(2) Final Total Internal Energy    : -0.764 (kcal/mol)
    Ligand                         : -0.764 (kcal/mol)
    Flex   - Receptor              : 0.000 (kcal/mol)
    Flex   - Flex side chains      : 0.000 (kcal/mol)
(3) Torsional Free Energy          : 2.634 (kcal/mol)
(4) Unbound System's Energy        : -1.526 (kcal/mol)
ENERGY FROM SEARCH: -9.649
FINAL ENERGY: 
Estimated Free Energy of Binding   : -5.535 (kcal/mol) [=(1)+(2)+(3)-(4)]
(1) Final Intermolecular Energy    : -8.746 (kcal/mol)
    Ligand - Receptor              : -8.746 (kcal/mol)
    Ligand - Flex side chains      : 0.000 (kcal/mol)
(2) Final Total Internal Energy    : -0.903 (kcal/mol)
    Ligand                         : -0.903 (kcal/mol)
    Flex   - Receptor              : 0.000 (kcal/mol)
    Flex   - Flex side chains      : 0.000 (kcal/mol)
(3) Torsional Free Energy          : 2.588 (kcal/mol)
(4) Unbound System's Energy        : -1.526 (kcal/mol)
ENERGY FROM SEARCH: -9.641
FINAL ENERGY: 
Estimated Free Energy of Binding   : -5.529 (kcal/mol) [=(1)+(2)+(3)-(4)]
(1) Final Intermolecular Energy    : -8.794 (kcal/mol)
    Ligand - Receptor              : -8.794 (kcal/mol)
    Ligand - Flex side chains      : 0.000 (kcal/mol)
(2) Final Total Internal Energy    : -0.846 (kcal/mol)
    Ligand                         : -0.846 (kcal/mol)
    Flex   - Receptor              : 0.000 (kcal/mol)
    Flex   - Flex side chains      : 0.000 (kcal/mol)
(3) Torsional Free Energy          : 2.586 (kcal/mol)
(4) Unbound System's Energy        : -1.526 (kcal/mol)

mode |   affinity | dist from best mode
     | (kcal/mol) | rmsd l.b.| rmsd u.b.
-----+------------+----------+----------
   1      -6.7046     0.0000     0.0000
   2      -6.4092     2.7342     6.2149
   3      -6.3125     9.9354    11.9964
   4      -6.2223     3.3958     5.9693
   5      -6.1463     3.5142     5.7321
   6      -6.0966     8.9889    11.0917
   7      -6.0884     8.3839    10.2772
   8      -5.9927    10.6740    14.0466
   9      -5.9190     8.3138    10.9333
  10      -5.9125     7.9215    10.1203
  11      -5.8370     3.4729     6.6385
  12      -5.7614     7.6147    11.6179
  13      -5.7433     8.7207    11.2755
  14      -5.7214     8.6657    10.5938
  15      -5.6845     7.1945    10.8168
  16      -5.6689     8.7951    10.9553
  17      -5.6329     4.3777     7.2504
  18      -5.5347     9.3846    11.1339
  19      -5.5287     5.0464     8.9652
