	Command being timed: "/usr/bin/vina --config /data/BIOFILM_INSILICO_SUPPORT/03_docking/vina_configs/production_LasR_2026-07-16/compound_08_LasR_2UV0_run02_seed2026071642.conf"
	User time (seconds): 7672.15
	System time (seconds): 0.97
	Percent of CPU this job got: 756%
	Elapsed (wall clock) time (h:mm:ss or m:ss): 16:54.37
	Average shared text size (kbytes): 0
	Average unshared data size (kbytes): 0
	Average stack size (kbytes): 0
	Average total size (kbytes): 0
	Maximum resident set size (kbytes): 1111400
	Average resident set size (kbytes): 0
	Major (requiring I/O) page faults: 0
	Minor (reclaiming a frame) page faults: 369114
	Voluntary context switches: 95
	Involuntary context switches: 34770
	Swaps: 0
	File system inputs: 0
	File system outputs: 504
	Socket messages sent: 0
	Socket messages received: 0
	Signals delivered: 0
	Page size (bytes): 4096
	Exit status: 0
