AutoDock Vina v1.2.5
#################################################################
# If you used AutoDock Vina in your work, please cite:          #
#                                                               #
# J. Eberhardt, D. Santos-Martins, A. F. Tillack, and S. Forli  #
# AutoDock Vina 1.2.0: New Docking Methods, Expanded Force      #
# Field, and Python Bindings, J. Chem. Inf. Model. (2021)       #
# DOI 10.1021/acs.jcim.1c00203                                  #
#                                                               #
# O. Trott, A. J. Olson,                                        #
# AutoDock Vina: improving the speed and accuracy of docking    #
# with a new scoring function, efficient optimization and       #
# multithreading, J. Comp. Chem. (2010)                         #
# DOI 10.1002/jcc.21334                                         #
#                                                               #
# Please see https://github.com/ccsb-scripps/AutoDock-Vina for  #
# more information.                                             #
#################################################################

Scoring function : vinardo
Rigid receptor: /data/BIOFILM_INSILICO_SUPPORT/03_docking/receptors_pdbqt/PqsR_4JVI.pdbqt
Ligand: /data/BIOFILM_INSILICO_SUPPORT/03_docking/ligands_pdbqt/compound_09.pdbqt
Grid center: X -33.489 Y 56.865 Z 9.1
Grid size  : X 30 Y 30 Z 30
Grid space : 0.375
Exhaustiveness: 64
CPU: 8
Verbosity: 2

Computing Vinardo grid ... done.
Performing docking (random seed: 2026071684) ... 
0%   10   20   30   40   50   60   70   80   90   100%
|----|----|----|----|----|----|----|----|----|----|
***************************************************
done.
ENERGY FROM SEARCH: -8.84016
FINAL ENERGY: 
Estimated Free Energy of Binding   : -4.994 (kcal/mol) [=(1)+(2)+(3)-(4)]
(1) Final Intermolecular Energy    : -7.329 (kcal/mol)
    Ligand - Receptor              : -7.329 (kcal/mol)
    Ligand - Flex side chains      : 0.000 (kcal/mol)
(2) Final Total Internal Energy    : -1.511 (kcal/mol)
    Ligand                         : -1.511 (kcal/mol)
    Flex   - Receptor              : 0.000 (kcal/mol)
    Flex   - Flex side chains      : 0.000 (kcal/mol)
(3) Torsional Free Energy          : 2.335 (kcal/mol)
(4) Unbound System's Energy        : -1.511 (kcal/mol)
ENERGY FROM SEARCH: -8.794
FINAL ENERGY: 
Estimated Free Energy of Binding   : -4.963 (kcal/mol) [=(1)+(2)+(3)-(4)]
(1) Final Intermolecular Energy    : -7.186 (kcal/mol)
    Ligand - Receptor              : -7.186 (kcal/mol)
    Ligand - Flex side chains      : 0.000 (kcal/mol)
(2) Final Total Internal Energy    : -1.608 (kcal/mol)
    Ligand                         : -1.608 (kcal/mol)
    Flex   - Receptor              : 0.000 (kcal/mol)
    Flex   - Flex side chains      : 0.000 (kcal/mol)
(3) Torsional Free Energy          : 2.321 (kcal/mol)
(4) Unbound System's Energy        : -1.511 (kcal/mol)
ENERGY FROM SEARCH: -8.534
FINAL ENERGY: 
Estimated Free Energy of Binding   : -4.785 (kcal/mol) [=(1)+(2)+(3)-(4)]
(1) Final Intermolecular Energy    : -6.995 (kcal/mol)
    Ligand - Receptor              : -6.995 (kcal/mol)
    Ligand - Flex side chains      : 0.000 (kcal/mol)
(2) Final Total Internal Energy    : -1.538 (kcal/mol)
    Ligand                         : -1.538 (kcal/mol)
    Flex   - Receptor              : 0.000 (kcal/mol)
    Flex   - Flex side chains      : 0.000 (kcal/mol)
(3) Torsional Free Energy          : 2.238 (kcal/mol)
(4) Unbound System's Energy        : -1.511 (kcal/mol)
ENERGY FROM SEARCH: -8.512
FINAL ENERGY: 
Estimated Free Energy of Binding   : -4.770 (kcal/mol) [=(1)+(2)+(3)-(4)]
(1) Final Intermolecular Energy    : -6.935 (kcal/mol)
    Ligand - Receptor              : -6.935 (kcal/mol)
    Ligand - Flex side chains      : 0.000 (kcal/mol)
(2) Final Total Internal Energy    : -1.577 (kcal/mol)
    Ligand                         : -1.577 (kcal/mol)
    Flex   - Receptor              : 0.000 (kcal/mol)
    Flex   - Flex side chains      : 0.000 (kcal/mol)
(3) Torsional Free Energy          : 2.231 (kcal/mol)
(4) Unbound System's Energy        : -1.511 (kcal/mol)
ENERGY FROM SEARCH: -8.501
FINAL ENERGY: 
Estimated Free Energy of Binding   : -4.762 (kcal/mol) [=(1)+(2)+(3)-(4)]
(1) Final Intermolecular Energy    : -6.954 (kcal/mol)
    Ligand - Receptor              : -6.954 (kcal/mol)
    Ligand - Flex side chains      : 0.000 (kcal/mol)
(2) Final Total Internal Energy    : -1.547 (kcal/mol)
    Ligand                         : -1.547 (kcal/mol)
    Flex   - Receptor              : 0.000 (kcal/mol)
    Flex   - Flex side chains      : 0.000 (kcal/mol)
(3) Torsional Free Energy          : 2.227 (kcal/mol)
(4) Unbound System's Energy        : -1.511 (kcal/mol)
ENERGY FROM SEARCH: -8.260
FINAL ENERGY: 
Estimated Free Energy of Binding   : -4.599 (kcal/mol) [=(1)+(2)+(3)-(4)]
(1) Final Intermolecular Energy    : -6.005 (kcal/mol)
    Ligand - Receptor              : -6.005 (kcal/mol)
    Ligand - Flex side chains      : 0.000 (kcal/mol)
(2) Final Total Internal Energy    : -2.255 (kcal/mol)
    Ligand                         : -2.255 (kcal/mol)
    Flex   - Receptor              : 0.000 (kcal/mol)
    Flex   - Flex side chains      : 0.000 (kcal/mol)
(3) Torsional Free Energy          : 2.151 (kcal/mol)
(4) Unbound System's Energy        : -1.511 (kcal/mol)
ENERGY FROM SEARCH: -8.248
FINAL ENERGY: 
Estimated Free Energy of Binding   : -4.590 (kcal/mol) [=(1)+(2)+(3)-(4)]
(1) Final Intermolecular Energy    : -6.586 (kcal/mol)
    Ligand - Receptor              : -6.586 (kcal/mol)
    Ligand - Flex side chains      : 0.000 (kcal/mol)
(2) Final Total Internal Energy    : -1.662 (kcal/mol)
    Ligand                         : -1.662 (kcal/mol)
    Flex   - Receptor              : 0.000 (kcal/mol)
    Flex   - Flex side chains      : 0.000 (kcal/mol)
(3) Torsional Free Energy          : 2.147 (kcal/mol)
(4) Unbound System's Energy        : -1.511 (kcal/mol)
ENERGY FROM SEARCH: -8.108
FINAL ENERGY: 
Estimated Free Energy of Binding   : -4.495 (kcal/mol) [=(1)+(2)+(3)-(4)]
(1) Final Intermolecular Energy    : -5.883 (kcal/mol)
    Ligand - Receptor              : -5.883 (kcal/mol)
    Ligand - Flex side chains      : 0.000 (kcal/mol)
(2) Final Total Internal Energy    : -2.225 (kcal/mol)
    Ligand                         : -2.225 (kcal/mol)
    Flex   - Receptor              : 0.000 (kcal/mol)
    Flex   - Flex side chains      : 0.000 (kcal/mol)
(3) Torsional Free Energy          : 2.102 (kcal/mol)
(4) Unbound System's Energy        : -1.511 (kcal/mol)
ENERGY FROM SEARCH: -7.829
FINAL ENERGY: 
Estimated Free Energy of Binding   : -4.305 (kcal/mol) [=(1)+(2)+(3)-(4)]
(1) Final Intermolecular Energy    : -6.163 (kcal/mol)
    Ligand - Receptor              : -6.163 (kcal/mol)
    Ligand - Flex side chains      : 0.000 (kcal/mol)
(2) Final Total Internal Energy    : -1.665 (kcal/mol)
    Ligand                         : -1.665 (kcal/mol)
    Flex   - Receptor              : 0.000 (kcal/mol)
    Flex   - Flex side chains      : 0.000 (kcal/mol)
(3) Torsional Free Energy          : 2.013 (kcal/mol)
(4) Unbound System's Energy        : -1.511 (kcal/mol)
ENERGY FROM SEARCH: -7.778
FINAL ENERGY: 
Estimated Free Energy of Binding   : -4.270 (kcal/mol) [=(1)+(2)+(3)-(4)]
(1) Final Intermolecular Energy    : -5.793 (kcal/mol)
    Ligand - Receptor              : -5.793 (kcal/mol)
    Ligand - Flex side chains      : 0.000 (kcal/mol)
(2) Final Total Internal Energy    : -1.985 (kcal/mol)
    Ligand                         : -1.985 (kcal/mol)
    Flex   - Receptor              : 0.000 (kcal/mol)
    Flex   - Flex side chains      : 0.000 (kcal/mol)
(3) Torsional Free Energy          : 1.997 (kcal/mol)
(4) Unbound System's Energy        : -1.511 (kcal/mol)
ENERGY FROM SEARCH: -7.762
FINAL ENERGY: 
Estimated Free Energy of Binding   : -4.259 (kcal/mol) [=(1)+(2)+(3)-(4)]
(1) Final Intermolecular Energy    : -5.954 (kcal/mol)
    Ligand - Receptor              : -5.954 (kcal/mol)
    Ligand - Flex side chains      : 0.000 (kcal/mol)
(2) Final Total Internal Energy    : -1.808 (kcal/mol)
    Ligand                         : -1.808 (kcal/mol)
    Flex   - Receptor              : 0.000 (kcal/mol)
    Flex   - Flex side chains      : 0.000 (kcal/mol)
(3) Torsional Free Energy          : 1.992 (kcal/mol)
(4) Unbound System's Energy        : -1.511 (kcal/mol)
ENERGY FROM SEARCH: -7.710
FINAL ENERGY: 
Estimated Free Energy of Binding   : -4.223 (kcal/mol) [=(1)+(2)+(3)-(4)]
(1) Final Intermolecular Energy    : -6.107 (kcal/mol)
    Ligand - Receptor              : -6.107 (kcal/mol)
    Ligand - Flex side chains      : 0.000 (kcal/mol)
(2) Final Total Internal Energy    : -1.603 (kcal/mol)
    Ligand                         : -1.603 (kcal/mol)
    Flex   - Receptor              : 0.000 (kcal/mol)
    Flex   - Flex side chains      : 0.000 (kcal/mol)
(3) Torsional Free Energy          : 1.975 (kcal/mol)
(4) Unbound System's Energy        : -1.511 (kcal/mol)
ENERGY FROM SEARCH: -7.701
FINAL ENERGY: 
Estimated Free Energy of Binding   : -4.218 (kcal/mol) [=(1)+(2)+(3)-(4)]
(1) Final Intermolecular Energy    : -6.592 (kcal/mol)
    Ligand - Receptor              : -6.592 (kcal/mol)
    Ligand - Flex side chains      : 0.000 (kcal/mol)
(2) Final Total Internal Energy    : -1.109 (kcal/mol)
    Ligand                         : -1.109 (kcal/mol)
    Flex   - Receptor              : 0.000 (kcal/mol)
    Flex   - Flex side chains      : 0.000 (kcal/mol)
(3) Torsional Free Energy          : 1.973 (kcal/mol)
(4) Unbound System's Energy        : -1.511 (kcal/mol)
ENERGY FROM SEARCH: -7.601
FINAL ENERGY: 
Estimated Free Energy of Binding   : -4.150 (kcal/mol) [=(1)+(2)+(3)-(4)]
(1) Final Intermolecular Energy    : -6.600 (kcal/mol)
    Ligand - Receptor              : -6.600 (kcal/mol)
    Ligand - Flex side chains      : 0.000 (kcal/mol)
(2) Final Total Internal Energy    : -1.001 (kcal/mol)
    Ligand                         : -1.001 (kcal/mol)
    Flex   - Receptor              : 0.000 (kcal/mol)
    Flex   - Flex side chains      : 0.000 (kcal/mol)
(3) Torsional Free Energy          : 1.941 (kcal/mol)
(4) Unbound System's Energy        : -1.511 (kcal/mol)
ENERGY FROM SEARCH: -7.591
FINAL ENERGY: 
Estimated Free Energy of Binding   : -4.143 (kcal/mol) [=(1)+(2)+(3)-(4)]
(1) Final Intermolecular Energy    : -6.274 (kcal/mol)
    Ligand - Receptor              : -6.274 (kcal/mol)
    Ligand - Flex side chains      : 0.000 (kcal/mol)
(2) Final Total Internal Energy    : -1.317 (kcal/mol)
    Ligand                         : -1.317 (kcal/mol)
    Flex   - Receptor              : 0.000 (kcal/mol)
    Flex   - Flex side chains      : 0.000 (kcal/mol)
(3) Torsional Free Energy          : 1.938 (kcal/mol)
(4) Unbound System's Energy        : -1.511 (kcal/mol)
ENERGY FROM SEARCH: -7.572
FINAL ENERGY: 
Estimated Free Energy of Binding   : -4.130 (kcal/mol) [=(1)+(2)+(3)-(4)]
(1) Final Intermolecular Energy    : -6.094 (kcal/mol)
    Ligand - Receptor              : -6.094 (kcal/mol)
    Ligand - Flex side chains      : 0.000 (kcal/mol)
(2) Final Total Internal Energy    : -1.479 (kcal/mol)
    Ligand                         : -1.479 (kcal/mol)
    Flex   - Receptor              : 0.000 (kcal/mol)
    Flex   - Flex side chains      : 0.000 (kcal/mol)
(3) Torsional Free Energy          : 1.931 (kcal/mol)
(4) Unbound System's Energy        : -1.511 (kcal/mol)
ENERGY FROM SEARCH: -7.495
FINAL ENERGY: 
Estimated Free Energy of Binding   : -4.077 (kcal/mol) [=(1)+(2)+(3)-(4)]
(1) Final Intermolecular Energy    : -6.213 (kcal/mol)
    Ligand - Receptor              : -6.213 (kcal/mol)
    Ligand - Flex side chains      : 0.000 (kcal/mol)
(2) Final Total Internal Energy    : -1.282 (kcal/mol)
    Ligand                         : -1.282 (kcal/mol)
    Flex   - Receptor              : 0.000 (kcal/mol)
    Flex   - Flex side chains      : 0.000 (kcal/mol)
(3) Torsional Free Energy          : 1.907 (kcal/mol)
(4) Unbound System's Energy        : -1.511 (kcal/mol)
ENERGY FROM SEARCH: -7.331
FINAL ENERGY: 
Estimated Free Energy of Binding   : -3.965 (kcal/mol) [=(1)+(2)+(3)-(4)]
(1) Final Intermolecular Energy    : -5.856 (kcal/mol)
    Ligand - Receptor              : -5.856 (kcal/mol)
    Ligand - Flex side chains      : 0.000 (kcal/mol)
(2) Final Total Internal Energy    : -1.475 (kcal/mol)
    Ligand                         : -1.475 (kcal/mol)
    Flex   - Receptor              : 0.000 (kcal/mol)
    Flex   - Flex side chains      : 0.000 (kcal/mol)
(3) Torsional Free Energy          : 1.854 (kcal/mol)
(4) Unbound System's Energy        : -1.511 (kcal/mol)
ENERGY FROM SEARCH: -7.135
FINAL ENERGY: 
Estimated Free Energy of Binding   : -3.832 (kcal/mol) [=(1)+(2)+(3)-(4)]
(1) Final Intermolecular Energy    : -5.084 (kcal/mol)
    Ligand - Receptor              : -5.084 (kcal/mol)
    Ligand - Flex side chains      : 0.000 (kcal/mol)
(2) Final Total Internal Energy    : -2.051 (kcal/mol)
    Ligand                         : -2.051 (kcal/mol)
    Flex   - Receptor              : 0.000 (kcal/mol)
    Flex   - Flex side chains      : 0.000 (kcal/mol)
(3) Torsional Free Energy          : 1.792 (kcal/mol)
(4) Unbound System's Energy        : -1.511 (kcal/mol)
ENERGY FROM SEARCH: 99.986
FINAL ENERGY: 
Estimated Free Energy of Binding   : 69.155 (kcal/mol) [=(1)+(2)+(3)-(4)]
(1) Final Intermolecular Energy    : 102.189 (kcal/mol)
    Ligand - Receptor              : 102.189 (kcal/mol)
    Ligand - Flex side chains      : 0.000 (kcal/mol)
(2) Final Total Internal Energy    : -2.202 (kcal/mol)
    Ligand                         : -2.202 (kcal/mol)
    Flex   - Receptor              : 0.000 (kcal/mol)
    Flex   - Flex side chains      : 0.000 (kcal/mol)
(3) Torsional Free Energy          : -32.342 (kcal/mol)
(4) Unbound System's Energy        : -1.511 (kcal/mol)

mode |   affinity | dist from best mode
     | (kcal/mol) | rmsd l.b.| rmsd u.b.
-----+------------+----------+----------
   1      -4.9938     0.0000     0.0000
   2      -4.9625     2.2647     3.4689
   3      -4.7848    21.8179    24.1483
   4      -4.7698     6.4106    11.0267
   5      -4.7624     4.2571     7.3697
   6      -4.5987     8.4623    11.4062
   7      -4.5903     3.5677     7.9240
   8      -4.4951     3.6919     7.8326
   9      -4.3046     2.5827     4.2076
  10      -4.2701    23.1892    25.3199
  11      -4.2593     7.8585    12.3757
  12      -4.2234     6.7048    10.3218
  13      -4.2177     4.1665     6.8462
  14      -4.1495     7.1624     9.8877
  15      -4.1430    21.5852    23.8343
  16      -4.1298    24.0258    25.6543
  17      -4.0774    22.3059    25.3461
  18      -3.9653     4.6624     7.3934
  19      -3.8319     4.1611     6.9245
  20      69.1549    23.4604    26.1290
