	Command being timed: "/usr/bin/vina --config /data/BIOFILM_INSILICO_SUPPORT/03_docking/vina_configs/exploratory_PqsR_2026-07-17/compound_09_PqsR_4JVI_run04_seed2026071684.conf --out /data/BIOFILM_INSILICO_SUPPORT/03_docking/vina_outputs/exploratory/PqsR_4JVI_2026-07-17/compound_09/run04_seed2026071684/compound_09_PqsR_4JVI_run04_seed2026071684_poses.pdbqt"
	User time (seconds): 630.46
	System time (seconds): 0.34
	Percent of CPU this job got: 732%
	Elapsed (wall clock) time (h:mm:ss or m:ss): 1:26.14
	Average shared text size (kbytes): 0
	Average unshared data size (kbytes): 0
	Average stack size (kbytes): 0
	Average total size (kbytes): 0
	Maximum resident set size (kbytes): 565032
	Average resident set size (kbytes): 0
	Major (requiring I/O) page faults: 0
	Minor (reclaiming a frame) page faults: 188091
	Voluntary context switches: 107
	Involuntary context switches: 3650
	Swaps: 0
	File system inputs: 0
	File system outputs: 200
	Socket messages sent: 0
	Socket messages received: 0
	Signals delivered: 0
	Page size (bytes): 4096
	Exit status: 0
