	Command being timed: "/home/tomasz/miniforge3/bin/conda run -n plip_env plip -f /data/BIOFILM_INSILICO_SUPPORT/03_docking/plip_inputs/PqsR_4JVI_2026-07-17/final/PqsR_4JVI_compound_08_cluster1_medoid_complex_FINAL.pdb -o /data/BIOFILM_INSILICO_SUPPORT/03_docking/plip_outputs/PqsR_4JVI_2026-07-17/compound_08_cluster1_medoid -x -t --nofix"
	User time (seconds): 2.25
	System time (seconds): 0.12
	Percent of CPU this job got: 184%
	Elapsed (wall clock) time (h:mm:ss or m:ss): 0:01.29
	Average shared text size (kbytes): 0
	Average unshared data size (kbytes): 0
	Average stack size (kbytes): 0
	Average total size (kbytes): 0
	Maximum resident set size (kbytes): 76248
	Average resident set size (kbytes): 0
	Major (requiring I/O) page faults: 0
	Minor (reclaiming a frame) page faults: 39734
	Voluntary context switches: 35
	Involuntary context switches: 78
	Swaps: 0
	File system inputs: 0
	File system outputs: 1448
	Socket messages sent: 0
	Socket messages received: 0
	Signals delivered: 0
	Page size (bytes): 4096
	Exit status: 0
