AutoDock Vina v1.2.5
#################################################################
# If you used AutoDock Vina in your work, please cite:          #
#                                                               #
# J. Eberhardt, D. Santos-Martins, A. F. Tillack, and S. Forli  #
# AutoDock Vina 1.2.0: New Docking Methods, Expanded Force      #
# Field, and Python Bindings, J. Chem. Inf. Model. (2021)       #
# DOI 10.1021/acs.jcim.1c00203                                  #
#                                                               #
# O. Trott, A. J. Olson,                                        #
# AutoDock Vina: improving the speed and accuracy of docking    #
# with a new scoring function, efficient optimization and       #
# multithreading, J. Comp. Chem. (2010)                         #
# DOI 10.1002/jcc.21334                                         #
#                                                               #
# Please see https://github.com/ccsb-scripps/AutoDock-Vina for  #
# more information.                                             #
#################################################################

Scoring function : vinardo
Rigid receptor: /data/BIOFILM_INSILICO_SUPPORT/03_docking/receptors_pdbqt/LasR_2UV0.pdbqt
Ligand: /data/BIOFILM_INSILICO_SUPPORT/03_docking/ligands_pdbqt/compound_11.pdbqt
Grid center: X 55.258 Y 27.138 Z 29.99
Grid size  : X 30 Y 30 Z 30
Grid space : 0.375
Exhaustiveness: 64
CPU: 8
Verbosity: 2

Computing Vinardo grid ... done.
Performing docking (random seed: 2026071664) ... 
0%   10   20   30   40   50   60   70   80   90   100%
|----|----|----|----|----|----|----|----|----|----|
***************************************************
done.
ENERGY FROM SEARCH: -4.08023
FINAL ENERGY: 
Estimated Free Energy of Binding   : -3.781 (kcal/mol) [=(1)+(2)+(3)-(4)]
(1) Final Intermolecular Energy    : -4.002 (kcal/mol)
    Ligand - Receptor              : -4.002 (kcal/mol)
    Ligand - Flex side chains      : 0.000 (kcal/mol)
(2) Final Total Internal Energy    : -0.079 (kcal/mol)
    Ligand                         : -0.079 (kcal/mol)
    Flex   - Receptor              : 0.000 (kcal/mol)
    Flex   - Flex side chains      : 0.000 (kcal/mol)
(3) Torsional Free Energy          : 0.221 (kcal/mol)
(4) Unbound System's Energy        : -0.079 (kcal/mol)
ENERGY FROM SEARCH: -3.874
FINAL ENERGY: 
Estimated Free Energy of Binding   : -3.586 (kcal/mol) [=(1)+(2)+(3)-(4)]
(1) Final Intermolecular Energy    : -3.743 (kcal/mol)
    Ligand - Receptor              : -3.743 (kcal/mol)
    Ligand - Flex side chains      : 0.000 (kcal/mol)
(2) Final Total Internal Energy    : -0.131 (kcal/mol)
    Ligand                         : -0.131 (kcal/mol)
    Flex   - Receptor              : 0.000 (kcal/mol)
    Flex   - Flex side chains      : 0.000 (kcal/mol)
(3) Torsional Free Energy          : 0.210 (kcal/mol)
(4) Unbound System's Energy        : -0.079 (kcal/mol)
ENERGY FROM SEARCH: -3.832
FINAL ENERGY: 
Estimated Free Energy of Binding   : -3.546 (kcal/mol) [=(1)+(2)+(3)-(4)]
(1) Final Intermolecular Energy    : -3.685 (kcal/mol)
    Ligand - Receptor              : -3.685 (kcal/mol)
    Ligand - Flex side chains      : 0.000 (kcal/mol)
(2) Final Total Internal Energy    : -0.146 (kcal/mol)
    Ligand                         : -0.146 (kcal/mol)
    Flex   - Receptor              : 0.000 (kcal/mol)
    Flex   - Flex side chains      : 0.000 (kcal/mol)
(3) Torsional Free Energy          : 0.207 (kcal/mol)
(4) Unbound System's Energy        : -0.079 (kcal/mol)
ENERGY FROM SEARCH: -3.800
FINAL ENERGY: 
Estimated Free Energy of Binding   : -3.516 (kcal/mol) [=(1)+(2)+(3)-(4)]
(1) Final Intermolecular Energy    : -3.865 (kcal/mol)
    Ligand - Receptor              : -3.865 (kcal/mol)
    Ligand - Flex side chains      : 0.000 (kcal/mol)
(2) Final Total Internal Energy    : 0.064 (kcal/mol)
    Ligand                         : 0.064 (kcal/mol)
    Flex   - Receptor              : 0.000 (kcal/mol)
    Flex   - Flex side chains      : 0.000 (kcal/mol)
(3) Torsional Free Energy          : 0.206 (kcal/mol)
(4) Unbound System's Energy        : -0.079 (kcal/mol)
ENERGY FROM SEARCH: -3.752
FINAL ENERGY: 
Estimated Free Energy of Binding   : -3.470 (kcal/mol) [=(1)+(2)+(3)-(4)]
(1) Final Intermolecular Energy    : -3.637 (kcal/mol)
    Ligand - Receptor              : -3.637 (kcal/mol)
    Ligand - Flex side chains      : 0.000 (kcal/mol)
(2) Final Total Internal Energy    : -0.114 (kcal/mol)
    Ligand                         : -0.114 (kcal/mol)
    Flex   - Receptor              : 0.000 (kcal/mol)
    Flex   - Flex side chains      : 0.000 (kcal/mol)
(3) Torsional Free Energy          : 0.203 (kcal/mol)
(4) Unbound System's Energy        : -0.079 (kcal/mol)
ENERGY FROM SEARCH: -3.746
FINAL ENERGY: 
Estimated Free Energy of Binding   : -3.464 (kcal/mol) [=(1)+(2)+(3)-(4)]
(1) Final Intermolecular Energy    : -3.664 (kcal/mol)
    Ligand - Receptor              : -3.664 (kcal/mol)
    Ligand - Flex side chains      : 0.000 (kcal/mol)
(2) Final Total Internal Energy    : -0.082 (kcal/mol)
    Ligand                         : -0.082 (kcal/mol)
    Flex   - Receptor              : 0.000 (kcal/mol)
    Flex   - Flex side chains      : 0.000 (kcal/mol)
(3) Torsional Free Energy          : 0.203 (kcal/mol)
(4) Unbound System's Energy        : -0.079 (kcal/mol)
ENERGY FROM SEARCH: -3.744
FINAL ENERGY: 
Estimated Free Energy of Binding   : -3.463 (kcal/mol) [=(1)+(2)+(3)-(4)]
(1) Final Intermolecular Energy    : -3.779 (kcal/mol)
    Ligand - Receptor              : -3.779 (kcal/mol)
    Ligand - Flex side chains      : 0.000 (kcal/mol)
(2) Final Total Internal Energy    : 0.035 (kcal/mol)
    Ligand                         : 0.035 (kcal/mol)
    Flex   - Receptor              : 0.000 (kcal/mol)
    Flex   - Flex side chains      : 0.000 (kcal/mol)
(3) Torsional Free Energy          : 0.202 (kcal/mol)
(4) Unbound System's Energy        : -0.079 (kcal/mol)
ENERGY FROM SEARCH: -3.707
FINAL ENERGY: 
Estimated Free Energy of Binding   : -3.428 (kcal/mol) [=(1)+(2)+(3)-(4)]
(1) Final Intermolecular Energy    : -3.564 (kcal/mol)
    Ligand - Receptor              : -3.564 (kcal/mol)
    Ligand - Flex side chains      : 0.000 (kcal/mol)
(2) Final Total Internal Energy    : -0.143 (kcal/mol)
    Ligand                         : -0.143 (kcal/mol)
    Flex   - Receptor              : 0.000 (kcal/mol)
    Flex   - Flex side chains      : 0.000 (kcal/mol)
(3) Torsional Free Energy          : 0.200 (kcal/mol)
(4) Unbound System's Energy        : -0.079 (kcal/mol)
ENERGY FROM SEARCH: -3.697
FINAL ENERGY: 
Estimated Free Energy of Binding   : -3.418 (kcal/mol) [=(1)+(2)+(3)-(4)]
(1) Final Intermolecular Energy    : -3.554 (kcal/mol)
    Ligand - Receptor              : -3.554 (kcal/mol)
    Ligand - Flex side chains      : 0.000 (kcal/mol)
(2) Final Total Internal Energy    : -0.142 (kcal/mol)
    Ligand                         : -0.142 (kcal/mol)
    Flex   - Receptor              : 0.000 (kcal/mol)
    Flex   - Flex side chains      : 0.000 (kcal/mol)
(3) Torsional Free Energy          : 0.200 (kcal/mol)
(4) Unbound System's Energy        : -0.079 (kcal/mol)
ENERGY FROM SEARCH: -3.665
FINAL ENERGY: 
Estimated Free Energy of Binding   : -3.389 (kcal/mol) [=(1)+(2)+(3)-(4)]
(1) Final Intermolecular Energy    : -3.612 (kcal/mol)
    Ligand - Receptor              : -3.612 (kcal/mol)
    Ligand - Flex side chains      : 0.000 (kcal/mol)
(2) Final Total Internal Energy    : -0.053 (kcal/mol)
    Ligand                         : -0.053 (kcal/mol)
    Flex   - Receptor              : 0.000 (kcal/mol)
    Flex   - Flex side chains      : 0.000 (kcal/mol)
(3) Torsional Free Energy          : 0.198 (kcal/mol)
(4) Unbound System's Energy        : -0.079 (kcal/mol)
ENERGY FROM SEARCH: -3.651
FINAL ENERGY: 
Estimated Free Energy of Binding   : -3.375 (kcal/mol) [=(1)+(2)+(3)-(4)]
(1) Final Intermolecular Energy    : -3.525 (kcal/mol)
    Ligand - Receptor              : -3.525 (kcal/mol)
    Ligand - Flex side chains      : 0.000 (kcal/mol)
(2) Final Total Internal Energy    : -0.126 (kcal/mol)
    Ligand                         : -0.126 (kcal/mol)
    Flex   - Receptor              : 0.000 (kcal/mol)
    Flex   - Flex side chains      : 0.000 (kcal/mol)
(3) Torsional Free Energy          : 0.197 (kcal/mol)
(4) Unbound System's Energy        : -0.079 (kcal/mol)
ENERGY FROM SEARCH: -3.575
FINAL ENERGY: 
Estimated Free Energy of Binding   : -3.303 (kcal/mol) [=(1)+(2)+(3)-(4)]
(1) Final Intermolecular Energy    : -3.512 (kcal/mol)
    Ligand - Receptor              : -3.512 (kcal/mol)
    Ligand - Flex side chains      : 0.000 (kcal/mol)
(2) Final Total Internal Energy    : -0.062 (kcal/mol)
    Ligand                         : -0.062 (kcal/mol)
    Flex   - Receptor              : 0.000 (kcal/mol)
    Flex   - Flex side chains      : 0.000 (kcal/mol)
(3) Torsional Free Energy          : 0.193 (kcal/mol)
(4) Unbound System's Energy        : -0.079 (kcal/mol)
ENERGY FROM SEARCH: -3.560
FINAL ENERGY: 
Estimated Free Energy of Binding   : -3.289 (kcal/mol) [=(1)+(2)+(3)-(4)]
(1) Final Intermolecular Energy    : -3.616 (kcal/mol)
    Ligand - Receptor              : -3.616 (kcal/mol)
    Ligand - Flex side chains      : 0.000 (kcal/mol)
(2) Final Total Internal Energy    : 0.056 (kcal/mol)
    Ligand                         : 0.056 (kcal/mol)
    Flex   - Receptor              : 0.000 (kcal/mol)
    Flex   - Flex side chains      : 0.000 (kcal/mol)
(3) Torsional Free Energy          : 0.192 (kcal/mol)
(4) Unbound System's Energy        : -0.079 (kcal/mol)
ENERGY FROM SEARCH: -3.559
FINAL ENERGY: 
Estimated Free Energy of Binding   : -3.288 (kcal/mol) [=(1)+(2)+(3)-(4)]
(1) Final Intermolecular Energy    : -3.415 (kcal/mol)
    Ligand - Receptor              : -3.415 (kcal/mol)
    Ligand - Flex side chains      : 0.000 (kcal/mol)
(2) Final Total Internal Energy    : -0.144 (kcal/mol)
    Ligand                         : -0.144 (kcal/mol)
    Flex   - Receptor              : 0.000 (kcal/mol)
    Flex   - Flex side chains      : 0.000 (kcal/mol)
(3) Torsional Free Energy          : 0.192 (kcal/mol)
(4) Unbound System's Energy        : -0.079 (kcal/mol)
ENERGY FROM SEARCH: -3.502
FINAL ENERGY: 
Estimated Free Energy of Binding   : -3.234 (kcal/mol) [=(1)+(2)+(3)-(4)]
(1) Final Intermolecular Energy    : -3.406 (kcal/mol)
    Ligand - Receptor              : -3.406 (kcal/mol)
    Ligand - Flex side chains      : 0.000 (kcal/mol)
(2) Final Total Internal Energy    : -0.096 (kcal/mol)
    Ligand                         : -0.096 (kcal/mol)
    Flex   - Receptor              : 0.000 (kcal/mol)
    Flex   - Flex side chains      : 0.000 (kcal/mol)
(3) Torsional Free Energy          : 0.189 (kcal/mol)
(4) Unbound System's Energy        : -0.079 (kcal/mol)
ENERGY FROM SEARCH: -3.493
FINAL ENERGY: 
Estimated Free Energy of Binding   : -3.226 (kcal/mol) [=(1)+(2)+(3)-(4)]
(1) Final Intermolecular Energy    : -3.533 (kcal/mol)
    Ligand - Receptor              : -3.533 (kcal/mol)
    Ligand - Flex side chains      : 0.000 (kcal/mol)
(2) Final Total Internal Energy    : 0.040 (kcal/mol)
    Ligand                         : 0.040 (kcal/mol)
    Flex   - Receptor              : 0.000 (kcal/mol)
    Flex   - Flex side chains      : 0.000 (kcal/mol)
(3) Torsional Free Energy          : 0.189 (kcal/mol)
(4) Unbound System's Energy        : -0.079 (kcal/mol)
ENERGY FROM SEARCH: -3.475
FINAL ENERGY: 
Estimated Free Energy of Binding   : -3.209 (kcal/mol) [=(1)+(2)+(3)-(4)]
(1) Final Intermolecular Energy    : -3.476 (kcal/mol)
    Ligand - Receptor              : -3.476 (kcal/mol)
    Ligand - Flex side chains      : 0.000 (kcal/mol)
(2) Final Total Internal Energy    : 0.001 (kcal/mol)
    Ligand                         : 0.001 (kcal/mol)
    Flex   - Receptor              : 0.000 (kcal/mol)
    Flex   - Flex side chains      : 0.000 (kcal/mol)
(3) Torsional Free Energy          : 0.188 (kcal/mol)
(4) Unbound System's Energy        : -0.079 (kcal/mol)
ENERGY FROM SEARCH: -3.457
FINAL ENERGY: 
Estimated Free Energy of Binding   : -3.192 (kcal/mol) [=(1)+(2)+(3)-(4)]
(1) Final Intermolecular Energy    : -3.493 (kcal/mol)
    Ligand - Receptor              : -3.493 (kcal/mol)
    Ligand - Flex side chains      : 0.000 (kcal/mol)
(2) Final Total Internal Energy    : 0.036 (kcal/mol)
    Ligand                         : 0.036 (kcal/mol)
    Flex   - Receptor              : 0.000 (kcal/mol)
    Flex   - Flex side chains      : 0.000 (kcal/mol)
(3) Torsional Free Energy          : 0.187 (kcal/mol)
(4) Unbound System's Energy        : -0.079 (kcal/mol)
ENERGY FROM SEARCH: -3.443
FINAL ENERGY: 
Estimated Free Energy of Binding   : -3.178 (kcal/mol) [=(1)+(2)+(3)-(4)]
(1) Final Intermolecular Energy    : -3.301 (kcal/mol)
    Ligand - Receptor              : -3.301 (kcal/mol)
    Ligand - Flex side chains      : 0.000 (kcal/mol)
(2) Final Total Internal Energy    : -0.141 (kcal/mol)
    Ligand                         : -0.141 (kcal/mol)
    Flex   - Receptor              : 0.000 (kcal/mol)
    Flex   - Flex side chains      : 0.000 (kcal/mol)
(3) Torsional Free Energy          : 0.186 (kcal/mol)
(4) Unbound System's Energy        : -0.079 (kcal/mol)
ENERGY FROM SEARCH: -3.340
FINAL ENERGY: 
Estimated Free Energy of Binding   : -3.081 (kcal/mol) [=(1)+(2)+(3)-(4)]
(1) Final Intermolecular Energy    : -3.199 (kcal/mol)
    Ligand - Receptor              : -3.199 (kcal/mol)
    Ligand - Flex side chains      : 0.000 (kcal/mol)
(2) Final Total Internal Energy    : -0.141 (kcal/mol)
    Ligand                         : -0.141 (kcal/mol)
    Flex   - Receptor              : 0.000 (kcal/mol)
    Flex   - Flex side chains      : 0.000 (kcal/mol)
(3) Torsional Free Energy          : 0.180 (kcal/mol)
(4) Unbound System's Energy        : -0.079 (kcal/mol)

mode |   affinity | dist from best mode
     | (kcal/mol) | rmsd l.b.| rmsd u.b.
-----+------------+----------+----------
   1      -3.7807     0.0000     0.0000
   2      -3.5860    26.4804    27.4971
   3      -3.5460    23.0743    24.1357
   4      -3.5162    22.8401    23.8489
   5      -3.4702    12.7720    14.2061
   6      -3.4645    12.7926    13.9404
   7      -3.4626    25.1073    26.7845
   8      -3.4281    23.6488    24.5849
   9      -3.4185    24.7219    26.0114
  10      -3.3888    23.1176    24.0757
  11      -3.3753     1.4898     1.5423
  12      -3.3029    26.3205    27.1708
  13      -3.2890    27.0836    28.8931
  14      -3.2884     3.2622     4.2087
  15      -3.2345     4.6082     6.1463
  16      -3.2263     5.8439     7.1496
  17      -3.2085    26.2228    27.4465
  18      -3.1921    22.7683    24.0247
  19      -3.1782     9.9025    11.6545
  20      -3.0811    23.5890    24.3758
