	Command being timed: "/usr/bin/vina --config /data/BIOFILM_INSILICO_SUPPORT/03_docking/vina_configs/production_LasR_2026-07-16/compound_09_LasR_2UV0_run05_seed2026071655.conf"
	User time (seconds): 668.84
	System time (seconds): 0.28
	Percent of CPU this job got: 730%
	Elapsed (wall clock) time (h:mm:ss or m:ss): 1:31.65
	Average shared text size (kbytes): 0
	Average unshared data size (kbytes): 0
	Average stack size (kbytes): 0
	Average total size (kbytes): 0
	Maximum resident set size (kbytes): 563632
	Average resident set size (kbytes): 0
	Major (requiring I/O) page faults: 0
	Minor (reclaiming a frame) page faults: 172529
	Voluntary context switches: 105
	Involuntary context switches: 1493
	Swaps: 0
	File system inputs: 0
	File system outputs: 208
	Socket messages sent: 0
	Socket messages received: 0
	Signals delivered: 0
	Page size (bytes): 4096
	Exit status: 0
