	Command being timed: "/usr/bin/vina --config /data/BIOFILM_INSILICO_SUPPORT/03_docking/vina_configs/exploratory_PqsR_2026-07-17/compound_11_PqsR_4JVI_run05_seed2026071695.conf --out /data/BIOFILM_INSILICO_SUPPORT/03_docking/vina_outputs/exploratory/PqsR_4JVI_2026-07-17/compound_11/run05_seed2026071695/compound_11_PqsR_4JVI_run05_seed2026071695_poses.pdbqt"
	User time (seconds): 68.08
	System time (seconds): 0.18
	Percent of CPU this job got: 676%
	Elapsed (wall clock) time (h:mm:ss or m:ss): 0:10.09
	Average shared text size (kbytes): 0
	Average unshared data size (kbytes): 0
	Average stack size (kbytes): 0
	Average total size (kbytes): 0
	Maximum resident set size (kbytes): 435528
	Average resident set size (kbytes): 0
	Major (requiring I/O) page faults: 0
	Minor (reclaiming a frame) page faults: 121153
	Voluntary context switches: 185
	Involuntary context switches: 368
	Swaps: 0
	File system inputs: 0
	File system outputs: 112
	Socket messages sent: 0
	Socket messages received: 0
	Signals delivered: 0
	Page size (bytes): 4096
	Exit status: 0
