AutoDock Vina v1.2.5
#################################################################
# If you used AutoDock Vina in your work, please cite:          #
#                                                               #
# J. Eberhardt, D. Santos-Martins, A. F. Tillack, and S. Forli  #
# AutoDock Vina 1.2.0: New Docking Methods, Expanded Force      #
# Field, and Python Bindings, J. Chem. Inf. Model. (2021)       #
# DOI 10.1021/acs.jcim.1c00203                                  #
#                                                               #
# O. Trott, A. J. Olson,                                        #
# AutoDock Vina: improving the speed and accuracy of docking    #
# with a new scoring function, efficient optimization and       #
# multithreading, J. Comp. Chem. (2010)                         #
# DOI 10.1002/jcc.21334                                         #
#                                                               #
# Please see https://github.com/ccsb-scripps/AutoDock-Vina for  #
# more information.                                             #
#################################################################

Scoring function : vinardo
Rigid receptor: /data/BIOFILM_INSILICO_SUPPORT/03_docking/receptors_pdbqt/PqsR_4JVI.pdbqt
Ligand: /data/BIOFILM_INSILICO_SUPPORT/03_docking/ligands_pdbqt/compound_11.pdbqt
Grid center: X -33.489 Y 56.865 Z 9.1
Grid size  : X 30 Y 30 Z 30
Grid space : 0.375
Exhaustiveness: 64
CPU: 8
Verbosity: 2

Computing Vinardo grid ... done.
Performing docking (random seed: 2026071695) ... 
0%   10   20   30   40   50   60   70   80   90   100%
|----|----|----|----|----|----|----|----|----|----|
***************************************************
done.
ENERGY FROM SEARCH: -4.97074
FINAL ENERGY: 
Estimated Free Energy of Binding   : -5.188 (kcal/mol) [=(1)+(2)+(3)-(4)]
(1) Final Intermolecular Energy    : -5.492 (kcal/mol)
    Ligand - Receptor              : -5.492 (kcal/mol)
    Ligand - Flex side chains      : 0.000 (kcal/mol)
(2) Final Total Internal Energy    : 0.521 (kcal/mol)
    Ligand                         : 0.521 (kcal/mol)
    Flex   - Receptor              : 0.000 (kcal/mol)
    Flex   - Flex side chains      : 0.000 (kcal/mol)
(3) Torsional Free Energy          : 0.303 (kcal/mol)
(4) Unbound System's Energy        : 0.521 (kcal/mol)
ENERGY FROM SEARCH: -4.961
FINAL ENERGY: 
Estimated Free Energy of Binding   : -5.179 (kcal/mol) [=(1)+(2)+(3)-(4)]
(1) Final Intermolecular Energy    : -5.492 (kcal/mol)
    Ligand - Receptor              : -5.492 (kcal/mol)
    Ligand - Flex side chains      : 0.000 (kcal/mol)
(2) Final Total Internal Energy    : 0.531 (kcal/mol)
    Ligand                         : 0.531 (kcal/mol)
    Flex   - Receptor              : 0.000 (kcal/mol)
    Flex   - Flex side chains      : 0.000 (kcal/mol)
(3) Torsional Free Energy          : 0.303 (kcal/mol)
(4) Unbound System's Energy        : 0.521 (kcal/mol)
ENERGY FROM SEARCH: -4.664
FINAL ENERGY: 
Estimated Free Energy of Binding   : -4.899 (kcal/mol) [=(1)+(2)+(3)-(4)]
(1) Final Intermolecular Energy    : -4.683 (kcal/mol)
    Ligand - Receptor              : -4.683 (kcal/mol)
    Ligand - Flex side chains      : 0.000 (kcal/mol)
(2) Final Total Internal Energy    : 0.019 (kcal/mol)
    Ligand                         : 0.019 (kcal/mol)
    Flex   - Receptor              : 0.000 (kcal/mol)
    Flex   - Flex side chains      : 0.000 (kcal/mol)
(3) Torsional Free Energy          : 0.286 (kcal/mol)
(4) Unbound System's Energy        : 0.521 (kcal/mol)
ENERGY FROM SEARCH: -4.630
FINAL ENERGY: 
Estimated Free Energy of Binding   : -4.867 (kcal/mol) [=(1)+(2)+(3)-(4)]
(1) Final Intermolecular Energy    : -4.695 (kcal/mol)
    Ligand - Receptor              : -4.695 (kcal/mol)
    Ligand - Flex side chains      : 0.000 (kcal/mol)
(2) Final Total Internal Energy    : 0.065 (kcal/mol)
    Ligand                         : 0.065 (kcal/mol)
    Flex   - Receptor              : 0.000 (kcal/mol)
    Flex   - Flex side chains      : 0.000 (kcal/mol)
(3) Torsional Free Energy          : 0.285 (kcal/mol)
(4) Unbound System's Energy        : 0.521 (kcal/mol)
ENERGY FROM SEARCH: -4.581
FINAL ENERGY: 
Estimated Free Energy of Binding   : -4.820 (kcal/mol) [=(1)+(2)+(3)-(4)]
(1) Final Intermolecular Energy    : -4.597 (kcal/mol)
    Ligand - Receptor              : -4.597 (kcal/mol)
    Ligand - Flex side chains      : 0.000 (kcal/mol)
(2) Final Total Internal Energy    : 0.015 (kcal/mol)
    Ligand                         : 0.015 (kcal/mol)
    Flex   - Receptor              : 0.000 (kcal/mol)
    Flex   - Flex side chains      : 0.000 (kcal/mol)
(3) Torsional Free Energy          : 0.282 (kcal/mol)
(4) Unbound System's Energy        : 0.521 (kcal/mol)
ENERGY FROM SEARCH: -4.581
FINAL ENERGY: 
Estimated Free Energy of Binding   : -4.820 (kcal/mol) [=(1)+(2)+(3)-(4)]
(1) Final Intermolecular Energy    : -4.598 (kcal/mol)
    Ligand - Receptor              : -4.598 (kcal/mol)
    Ligand - Flex side chains      : 0.000 (kcal/mol)
(2) Final Total Internal Energy    : 0.018 (kcal/mol)
    Ligand                         : 0.018 (kcal/mol)
    Flex   - Receptor              : 0.000 (kcal/mol)
    Flex   - Flex side chains      : 0.000 (kcal/mol)
(3) Torsional Free Energy          : 0.282 (kcal/mol)
(4) Unbound System's Energy        : 0.521 (kcal/mol)
ENERGY FROM SEARCH: -4.541
FINAL ENERGY: 
Estimated Free Energy of Binding   : -4.782 (kcal/mol) [=(1)+(2)+(3)-(4)]
(1) Final Intermolecular Energy    : -4.399 (kcal/mol)
    Ligand - Receptor              : -4.399 (kcal/mol)
    Ligand - Flex side chains      : 0.000 (kcal/mol)
(2) Final Total Internal Energy    : -0.141 (kcal/mol)
    Ligand                         : -0.141 (kcal/mol)
    Flex   - Receptor              : 0.000 (kcal/mol)
    Flex   - Flex side chains      : 0.000 (kcal/mol)
(3) Torsional Free Energy          : 0.280 (kcal/mol)
(4) Unbound System's Energy        : 0.521 (kcal/mol)
ENERGY FROM SEARCH: -4.505
FINAL ENERGY: 
Estimated Free Energy of Binding   : -4.748 (kcal/mol) [=(1)+(2)+(3)-(4)]
(1) Final Intermolecular Energy    : -4.358 (kcal/mol)
    Ligand - Receptor              : -4.358 (kcal/mol)
    Ligand - Flex side chains      : 0.000 (kcal/mol)
(2) Final Total Internal Energy    : -0.147 (kcal/mol)
    Ligand                         : -0.147 (kcal/mol)
    Flex   - Receptor              : 0.000 (kcal/mol)
    Flex   - Flex side chains      : 0.000 (kcal/mol)
(3) Torsional Free Energy          : 0.278 (kcal/mol)
(4) Unbound System's Energy        : 0.521 (kcal/mol)
ENERGY FROM SEARCH: -4.382
FINAL ENERGY: 
Estimated Free Energy of Binding   : -4.632 (kcal/mol) [=(1)+(2)+(3)-(4)]
(1) Final Intermolecular Energy    : -4.233 (kcal/mol)
    Ligand - Receptor              : -4.233 (kcal/mol)
    Ligand - Flex side chains      : 0.000 (kcal/mol)
(2) Final Total Internal Energy    : -0.148 (kcal/mol)
    Ligand                         : -0.148 (kcal/mol)
    Flex   - Receptor              : 0.000 (kcal/mol)
    Flex   - Flex side chains      : 0.000 (kcal/mol)
(3) Torsional Free Energy          : 0.271 (kcal/mol)
(4) Unbound System's Energy        : 0.521 (kcal/mol)
ENERGY FROM SEARCH: -4.374
FINAL ENERGY: 
Estimated Free Energy of Binding   : -4.624 (kcal/mol) [=(1)+(2)+(3)-(4)]
(1) Final Intermolecular Energy    : -4.225 (kcal/mol)
    Ligand - Receptor              : -4.225 (kcal/mol)
    Ligand - Flex side chains      : 0.000 (kcal/mol)
(2) Final Total Internal Energy    : -0.149 (kcal/mol)
    Ligand                         : -0.149 (kcal/mol)
    Flex   - Receptor              : 0.000 (kcal/mol)
    Flex   - Flex side chains      : 0.000 (kcal/mol)
(3) Torsional Free Energy          : 0.270 (kcal/mol)
(4) Unbound System's Energy        : 0.521 (kcal/mol)
ENERGY FROM SEARCH: -4.333
FINAL ENERGY: 
Estimated Free Energy of Binding   : -4.586 (kcal/mol) [=(1)+(2)+(3)-(4)]
(1) Final Intermolecular Energy    : -4.214 (kcal/mol)
    Ligand - Receptor              : -4.214 (kcal/mol)
    Ligand - Flex side chains      : 0.000 (kcal/mol)
(2) Final Total Internal Energy    : -0.119 (kcal/mol)
    Ligand                         : -0.119 (kcal/mol)
    Flex   - Receptor              : 0.000 (kcal/mol)
    Flex   - Flex side chains      : 0.000 (kcal/mol)
(3) Torsional Free Energy          : 0.268 (kcal/mol)
(4) Unbound System's Energy        : 0.521 (kcal/mol)
ENERGY FROM SEARCH: -4.323
FINAL ENERGY: 
Estimated Free Energy of Binding   : -4.576 (kcal/mol) [=(1)+(2)+(3)-(4)]
(1) Final Intermolecular Energy    : -4.177 (kcal/mol)
    Ligand - Receptor              : -4.177 (kcal/mol)
    Ligand - Flex side chains      : 0.000 (kcal/mol)
(2) Final Total Internal Energy    : -0.146 (kcal/mol)
    Ligand                         : -0.146 (kcal/mol)
    Flex   - Receptor              : 0.000 (kcal/mol)
    Flex   - Flex side chains      : 0.000 (kcal/mol)
(3) Torsional Free Energy          : 0.268 (kcal/mol)
(4) Unbound System's Energy        : 0.521 (kcal/mol)
ENERGY FROM SEARCH: -4.235
FINAL ENERGY: 
Estimated Free Energy of Binding   : -4.493 (kcal/mol) [=(1)+(2)+(3)-(4)]
(1) Final Intermolecular Energy    : -4.086 (kcal/mol)
    Ligand - Receptor              : -4.086 (kcal/mol)
    Ligand - Flex side chains      : 0.000 (kcal/mol)
(2) Final Total Internal Energy    : -0.150 (kcal/mol)
    Ligand                         : -0.150 (kcal/mol)
    Flex   - Receptor              : 0.000 (kcal/mol)
    Flex   - Flex side chains      : 0.000 (kcal/mol)
(3) Torsional Free Energy          : 0.263 (kcal/mol)
(4) Unbound System's Energy        : 0.521 (kcal/mol)
ENERGY FROM SEARCH: -4.185
FINAL ENERGY: 
Estimated Free Energy of Binding   : -4.446 (kcal/mol) [=(1)+(2)+(3)-(4)]
(1) Final Intermolecular Energy    : -4.237 (kcal/mol)
    Ligand - Receptor              : -4.237 (kcal/mol)
    Ligand - Flex side chains      : 0.000 (kcal/mol)
(2) Final Total Internal Energy    : 0.051 (kcal/mol)
    Ligand                         : 0.051 (kcal/mol)
    Flex   - Receptor              : 0.000 (kcal/mol)
    Flex   - Flex side chains      : 0.000 (kcal/mol)
(3) Torsional Free Energy          : 0.260 (kcal/mol)
(4) Unbound System's Energy        : 0.521 (kcal/mol)
ENERGY FROM SEARCH: -4.124
FINAL ENERGY: 
Estimated Free Energy of Binding   : -4.388 (kcal/mol) [=(1)+(2)+(3)-(4)]
(1) Final Intermolecular Energy    : -4.171 (kcal/mol)
    Ligand - Receptor              : -4.171 (kcal/mol)
    Ligand - Flex side chains      : 0.000 (kcal/mol)
(2) Final Total Internal Energy    : 0.047 (kcal/mol)
    Ligand                         : 0.047 (kcal/mol)
    Flex   - Receptor              : 0.000 (kcal/mol)
    Flex   - Flex side chains      : 0.000 (kcal/mol)
(3) Torsional Free Energy          : 0.257 (kcal/mol)
(4) Unbound System's Energy        : 0.521 (kcal/mol)
ENERGY FROM SEARCH: -4.124
FINAL ENERGY: 
Estimated Free Energy of Binding   : -4.388 (kcal/mol) [=(1)+(2)+(3)-(4)]
(1) Final Intermolecular Energy    : -4.171 (kcal/mol)
    Ligand - Receptor              : -4.171 (kcal/mol)
    Ligand - Flex side chains      : 0.000 (kcal/mol)
(2) Final Total Internal Energy    : 0.047 (kcal/mol)
    Ligand                         : 0.047 (kcal/mol)
    Flex   - Receptor              : 0.000 (kcal/mol)
    Flex   - Flex side chains      : 0.000 (kcal/mol)
(3) Torsional Free Energy          : 0.257 (kcal/mol)
(4) Unbound System's Energy        : 0.521 (kcal/mol)
ENERGY FROM SEARCH: -4.079
FINAL ENERGY: 
Estimated Free Energy of Binding   : -4.346 (kcal/mol) [=(1)+(2)+(3)-(4)]
(1) Final Intermolecular Energy    : -4.176 (kcal/mol)
    Ligand - Receptor              : -4.176 (kcal/mol)
    Ligand - Flex side chains      : 0.000 (kcal/mol)
(2) Final Total Internal Energy    : 0.097 (kcal/mol)
    Ligand                         : 0.097 (kcal/mol)
    Flex   - Receptor              : 0.000 (kcal/mol)
    Flex   - Flex side chains      : 0.000 (kcal/mol)
(3) Torsional Free Energy          : 0.254 (kcal/mol)
(4) Unbound System's Energy        : 0.521 (kcal/mol)
ENERGY FROM SEARCH: -4.075
FINAL ENERGY: 
Estimated Free Energy of Binding   : -4.342 (kcal/mol) [=(1)+(2)+(3)-(4)]
(1) Final Intermolecular Energy    : -3.925 (kcal/mol)
    Ligand - Receptor              : -3.925 (kcal/mol)
    Ligand - Flex side chains      : 0.000 (kcal/mol)
(2) Final Total Internal Energy    : -0.149 (kcal/mol)
    Ligand                         : -0.149 (kcal/mol)
    Flex   - Receptor              : 0.000 (kcal/mol)
    Flex   - Flex side chains      : 0.000 (kcal/mol)
(3) Torsional Free Energy          : 0.254 (kcal/mol)
(4) Unbound System's Energy        : 0.521 (kcal/mol)
ENERGY FROM SEARCH: -4.059
FINAL ENERGY: 
Estimated Free Energy of Binding   : -4.327 (kcal/mol) [=(1)+(2)+(3)-(4)]
(1) Final Intermolecular Energy    : -3.908 (kcal/mol)
    Ligand - Receptor              : -3.908 (kcal/mol)
    Ligand - Flex side chains      : 0.000 (kcal/mol)
(2) Final Total Internal Energy    : -0.150 (kcal/mol)
    Ligand                         : -0.150 (kcal/mol)
    Flex   - Receptor              : 0.000 (kcal/mol)
    Flex   - Flex side chains      : 0.000 (kcal/mol)
(3) Torsional Free Energy          : 0.253 (kcal/mol)
(4) Unbound System's Energy        : 0.521 (kcal/mol)
ENERGY FROM SEARCH: -4.009
FINAL ENERGY: 
Estimated Free Energy of Binding   : -4.279 (kcal/mol) [=(1)+(2)+(3)-(4)]
(1) Final Intermolecular Energy    : -3.931 (kcal/mol)
    Ligand - Receptor              : -3.931 (kcal/mol)
    Ligand - Flex side chains      : 0.000 (kcal/mol)
(2) Final Total Internal Energy    : -0.077 (kcal/mol)
    Ligand                         : -0.077 (kcal/mol)
    Flex   - Receptor              : 0.000 (kcal/mol)
    Flex   - Flex side chains      : 0.000 (kcal/mol)
(3) Torsional Free Energy          : 0.250 (kcal/mol)
(4) Unbound System's Energy        : 0.521 (kcal/mol)

mode |   affinity | dist from best mode
     | (kcal/mol) | rmsd l.b.| rmsd u.b.
-----+------------+----------+----------
   1      -5.1883     0.0000     0.0000
   2      -5.1791     3.2012     4.1862
   3      -4.8986    13.2205    14.4760
   4      -4.8667    13.6143    14.8979
   5      -4.8204     2.0209     2.4282
   6      -4.8197     3.6050     4.8016
   7      -4.7821     4.7566     5.7139
   8      -4.7485     3.7768     5.2764
   9      -4.6317     2.6310     3.7520
  10      -4.6244    14.4628    15.6133
  11      -4.5856    13.4861    14.7395
  12      -4.5765     2.7970     3.8062
  13      -4.4933    12.0221    13.3283
  14      -4.4464    13.7603    15.1623
  15      -4.3885    11.9222    13.2294
  16      -4.3883    12.2921    13.7055
  17      -4.3457     3.5114     4.9723
  18      -4.3416    12.3190    13.7082
  19      -4.3266    12.9404    14.3560
  20      -4.2794    18.7295    19.6671
