	Command being timed: "conda run -n plip_env plip -f 03_docking/plip_inputs/LasR_2UV0_2026-07-17/final/LasR_2UV0_compound_11_consensus_complex_FINAL.pdb -o 03_docking/plip_outputs/LasR_2UV0_2026-07-17/compound_11_consensus -x -t --nofix"
	User time (seconds): 2.14
	System time (seconds): 0.15
	Percent of CPU this job got: 185%
	Elapsed (wall clock) time (h:mm:ss or m:ss): 0:01.23
	Average shared text size (kbytes): 0
	Average unshared data size (kbytes): 0
	Average stack size (kbytes): 0
	Average total size (kbytes): 0
	Maximum resident set size (kbytes): 71924
	Average resident set size (kbytes): 0
	Major (requiring I/O) page faults: 26
	Minor (reclaiming a frame) page faults: 38758
	Voluntary context switches: 67
	Involuntary context switches: 224
	Swaps: 0
	File system inputs: 2888
	File system outputs: 600
	Socket messages sent: 0
	Socket messages received: 0
	Signals delivered: 0
	Page size (bytes): 4096
	Exit status: 0
