	Command being timed: "/usr/bin/vina --config /data/BIOFILM_INSILICO_SUPPORT/03_docking/vina_configs/production_LasR_2026-07-16/compound_09_LasR_2UV0_run04_seed2026071654.conf"
	User time (seconds): 674.52
	System time (seconds): 0.27
	Percent of CPU this job got: 727%
	Elapsed (wall clock) time (h:mm:ss or m:ss): 1:32.71
	Average shared text size (kbytes): 0
	Average unshared data size (kbytes): 0
	Average stack size (kbytes): 0
	Average total size (kbytes): 0
	Maximum resident set size (kbytes): 563592
	Average resident set size (kbytes): 0
	Major (requiring I/O) page faults: 0
	Minor (reclaiming a frame) page faults: 172526
	Voluntary context switches: 131
	Involuntary context switches: 5883
	Swaps: 0
	File system inputs: 0
	File system outputs: 208
	Socket messages sent: 0
	Socket messages received: 0
	Signals delivered: 0
	Page size (bytes): 4096
	Exit status: 0
