AutoDock Vina v1.2.5
#################################################################
# If you used AutoDock Vina in your work, please cite:          #
#                                                               #
# J. Eberhardt, D. Santos-Martins, A. F. Tillack, and S. Forli  #
# AutoDock Vina 1.2.0: New Docking Methods, Expanded Force      #
# Field, and Python Bindings, J. Chem. Inf. Model. (2021)       #
# DOI 10.1021/acs.jcim.1c00203                                  #
#                                                               #
# O. Trott, A. J. Olson,                                        #
# AutoDock Vina: improving the speed and accuracy of docking    #
# with a new scoring function, efficient optimization and       #
# multithreading, J. Comp. Chem. (2010)                         #
# DOI 10.1002/jcc.21334                                         #
#                                                               #
# Please see https://github.com/ccsb-scripps/AutoDock-Vina for  #
# more information.                                             #
#################################################################

Scoring function : vinardo
Rigid receptor: /data/BIOFILM_INSILICO_SUPPORT/03_docking/receptors_pdbqt/LasR_2UV0.pdbqt
Ligand: /data/BIOFILM_INSILICO_SUPPORT/03_docking/ligands_pdbqt/compound_11.pdbqt
Grid center: X 55.258 Y 27.138 Z 29.99
Grid size  : X 30 Y 30 Z 30
Grid space : 0.375
Exhaustiveness: 64
CPU: 8
Verbosity: 2

Computing Vinardo grid ... done.
Performing docking (random seed: 2026071662) ... 
0%   10   20   30   40   50   60   70   80   90   100%
|----|----|----|----|----|----|----|----|----|----|
***************************************************
done.
ENERGY FROM SEARCH: -4.082
FINAL ENERGY: 
Estimated Free Energy of Binding   : -3.786 (kcal/mol) [=(1)+(2)+(3)-(4)]
(1) Final Intermolecular Energy    : -4.007 (kcal/mol)
    Ligand - Receptor              : -4.007 (kcal/mol)
    Ligand - Flex side chains      : 0.000 (kcal/mol)
(2) Final Total Internal Energy    : -0.075 (kcal/mol)
    Ligand                         : -0.075 (kcal/mol)
    Flex   - Receptor              : 0.000 (kcal/mol)
    Flex   - Flex side chains      : 0.000 (kcal/mol)
(3) Torsional Free Energy          : 0.221 (kcal/mol)
(4) Unbound System's Energy        : -0.075 (kcal/mol)
ENERGY FROM SEARCH: -3.873
FINAL ENERGY: 
Estimated Free Energy of Binding   : -3.588 (kcal/mol) [=(1)+(2)+(3)-(4)]
(1) Final Intermolecular Energy    : -3.740 (kcal/mol)
    Ligand - Receptor              : -3.740 (kcal/mol)
    Ligand - Flex side chains      : 0.000 (kcal/mol)
(2) Final Total Internal Energy    : -0.133 (kcal/mol)
    Ligand                         : -0.133 (kcal/mol)
    Flex   - Receptor              : 0.000 (kcal/mol)
    Flex   - Flex side chains      : 0.000 (kcal/mol)
(3) Torsional Free Energy          : 0.210 (kcal/mol)
(4) Unbound System's Energy        : -0.075 (kcal/mol)
ENERGY FROM SEARCH: -3.830
FINAL ENERGY: 
Estimated Free Energy of Binding   : -3.548 (kcal/mol) [=(1)+(2)+(3)-(4)]
(1) Final Intermolecular Energy    : -3.687 (kcal/mol)
    Ligand - Receptor              : -3.687 (kcal/mol)
    Ligand - Flex side chains      : 0.000 (kcal/mol)
(2) Final Total Internal Energy    : -0.143 (kcal/mol)
    Ligand                         : -0.143 (kcal/mol)
    Flex   - Receptor              : 0.000 (kcal/mol)
    Flex   - Flex side chains      : 0.000 (kcal/mol)
(3) Torsional Free Energy          : 0.207 (kcal/mol)
(4) Unbound System's Energy        : -0.075 (kcal/mol)
ENERGY FROM SEARCH: -3.808
FINAL ENERGY: 
Estimated Free Energy of Binding   : -3.527 (kcal/mol) [=(1)+(2)+(3)-(4)]
(1) Final Intermolecular Energy    : -3.882 (kcal/mol)
    Ligand - Receptor              : -3.882 (kcal/mol)
    Ligand - Flex side chains      : 0.000 (kcal/mol)
(2) Final Total Internal Energy    : 0.073 (kcal/mol)
    Ligand                         : 0.073 (kcal/mol)
    Flex   - Receptor              : 0.000 (kcal/mol)
    Flex   - Flex side chains      : 0.000 (kcal/mol)
(3) Torsional Free Energy          : 0.206 (kcal/mol)
(4) Unbound System's Energy        : -0.075 (kcal/mol)
ENERGY FROM SEARCH: -3.750
FINAL ENERGY: 
Estimated Free Energy of Binding   : -3.472 (kcal/mol) [=(1)+(2)+(3)-(4)]
(1) Final Intermolecular Energy    : -3.636 (kcal/mol)
    Ligand - Receptor              : -3.636 (kcal/mol)
    Ligand - Flex side chains      : 0.000 (kcal/mol)
(2) Final Total Internal Energy    : -0.114 (kcal/mol)
    Ligand                         : -0.114 (kcal/mol)
    Flex   - Receptor              : 0.000 (kcal/mol)
    Flex   - Flex side chains      : 0.000 (kcal/mol)
(3) Torsional Free Energy          : 0.203 (kcal/mol)
(4) Unbound System's Energy        : -0.075 (kcal/mol)
ENERGY FROM SEARCH: -3.750
FINAL ENERGY: 
Estimated Free Energy of Binding   : -3.472 (kcal/mol) [=(1)+(2)+(3)-(4)]
(1) Final Intermolecular Energy    : -3.775 (kcal/mol)
    Ligand - Receptor              : -3.775 (kcal/mol)
    Ligand - Flex side chains      : 0.000 (kcal/mol)
(2) Final Total Internal Energy    : 0.025 (kcal/mol)
    Ligand                         : 0.025 (kcal/mol)
    Flex   - Receptor              : 0.000 (kcal/mol)
    Flex   - Flex side chains      : 0.000 (kcal/mol)
(3) Torsional Free Energy          : 0.203 (kcal/mol)
(4) Unbound System's Energy        : -0.075 (kcal/mol)
ENERGY FROM SEARCH: -3.743
FINAL ENERGY: 
Estimated Free Energy of Binding   : -3.466 (kcal/mol) [=(1)+(2)+(3)-(4)]
(1) Final Intermolecular Energy    : -3.662 (kcal/mol)
    Ligand - Receptor              : -3.662 (kcal/mol)
    Ligand - Flex side chains      : 0.000 (kcal/mol)
(2) Final Total Internal Energy    : -0.082 (kcal/mol)
    Ligand                         : -0.082 (kcal/mol)
    Flex   - Receptor              : 0.000 (kcal/mol)
    Flex   - Flex side chains      : 0.000 (kcal/mol)
(3) Torsional Free Energy          : 0.203 (kcal/mol)
(4) Unbound System's Energy        : -0.075 (kcal/mol)
ENERGY FROM SEARCH: -3.708
FINAL ENERGY: 
Estimated Free Energy of Binding   : -3.433 (kcal/mol) [=(1)+(2)+(3)-(4)]
(1) Final Intermolecular Energy    : -3.563 (kcal/mol)
    Ligand - Receptor              : -3.563 (kcal/mol)
    Ligand - Flex side chains      : 0.000 (kcal/mol)
(2) Final Total Internal Energy    : -0.145 (kcal/mol)
    Ligand                         : -0.145 (kcal/mol)
    Flex   - Receptor              : 0.000 (kcal/mol)
    Flex   - Flex side chains      : 0.000 (kcal/mol)
(3) Torsional Free Energy          : 0.201 (kcal/mol)
(4) Unbound System's Energy        : -0.075 (kcal/mol)
ENERGY FROM SEARCH: -3.699
FINAL ENERGY: 
Estimated Free Energy of Binding   : -3.424 (kcal/mol) [=(1)+(2)+(3)-(4)]
(1) Final Intermolecular Energy    : -3.555 (kcal/mol)
    Ligand - Receptor              : -3.555 (kcal/mol)
    Ligand - Flex side chains      : 0.000 (kcal/mol)
(2) Final Total Internal Energy    : -0.144 (kcal/mol)
    Ligand                         : -0.144 (kcal/mol)
    Flex   - Receptor              : 0.000 (kcal/mol)
    Flex   - Flex side chains      : 0.000 (kcal/mol)
(3) Torsional Free Energy          : 0.200 (kcal/mol)
(4) Unbound System's Energy        : -0.075 (kcal/mol)
ENERGY FROM SEARCH: -3.660
FINAL ENERGY: 
Estimated Free Energy of Binding   : -3.387 (kcal/mol) [=(1)+(2)+(3)-(4)]
(1) Final Intermolecular Energy    : -3.618 (kcal/mol)
    Ligand - Receptor              : -3.618 (kcal/mol)
    Ligand - Flex side chains      : 0.000 (kcal/mol)
(2) Final Total Internal Energy    : -0.042 (kcal/mol)
    Ligand                         : -0.042 (kcal/mol)
    Flex   - Receptor              : 0.000 (kcal/mol)
    Flex   - Flex side chains      : 0.000 (kcal/mol)
(3) Torsional Free Energy          : 0.198 (kcal/mol)
(4) Unbound System's Energy        : -0.075 (kcal/mol)
ENERGY FROM SEARCH: -3.649
FINAL ENERGY: 
Estimated Free Energy of Binding   : -3.377 (kcal/mol) [=(1)+(2)+(3)-(4)]
(1) Final Intermolecular Energy    : -3.519 (kcal/mol)
    Ligand - Receptor              : -3.519 (kcal/mol)
    Ligand - Flex side chains      : 0.000 (kcal/mol)
(2) Final Total Internal Energy    : -0.130 (kcal/mol)
    Ligand                         : -0.130 (kcal/mol)
    Flex   - Receptor              : 0.000 (kcal/mol)
    Flex   - Flex side chains      : 0.000 (kcal/mol)
(3) Torsional Free Energy          : 0.197 (kcal/mol)
(4) Unbound System's Energy        : -0.075 (kcal/mol)
ENERGY FROM SEARCH: -3.573
FINAL ENERGY: 
Estimated Free Energy of Binding   : -3.305 (kcal/mol) [=(1)+(2)+(3)-(4)]
(1) Final Intermolecular Energy    : -3.498 (kcal/mol)
    Ligand - Receptor              : -3.498 (kcal/mol)
    Ligand - Flex side chains      : 0.000 (kcal/mol)
(2) Final Total Internal Energy    : -0.075 (kcal/mol)
    Ligand                         : -0.075 (kcal/mol)
    Flex   - Receptor              : 0.000 (kcal/mol)
    Flex   - Flex side chains      : 0.000 (kcal/mol)
(3) Torsional Free Energy          : 0.193 (kcal/mol)
(4) Unbound System's Energy        : -0.075 (kcal/mol)
ENERGY FROM SEARCH: -3.519
FINAL ENERGY: 
Estimated Free Energy of Binding   : -3.254 (kcal/mol) [=(1)+(2)+(3)-(4)]
(1) Final Intermolecular Energy    : -3.371 (kcal/mol)
    Ligand - Receptor              : -3.371 (kcal/mol)
    Ligand - Flex side chains      : 0.000 (kcal/mol)
(2) Final Total Internal Energy    : -0.148 (kcal/mol)
    Ligand                         : -0.148 (kcal/mol)
    Flex   - Receptor              : 0.000 (kcal/mol)
    Flex   - Flex side chains      : 0.000 (kcal/mol)
(3) Torsional Free Energy          : 0.190 (kcal/mol)
(4) Unbound System's Energy        : -0.075 (kcal/mol)
ENERGY FROM SEARCH: -3.507
FINAL ENERGY: 
Estimated Free Energy of Binding   : -3.242 (kcal/mol) [=(1)+(2)+(3)-(4)]
(1) Final Intermolecular Energy    : -3.405 (kcal/mol)
    Ligand - Receptor              : -3.405 (kcal/mol)
    Ligand - Flex side chains      : 0.000 (kcal/mol)
(2) Final Total Internal Energy    : -0.101 (kcal/mol)
    Ligand                         : -0.101 (kcal/mol)
    Flex   - Receptor              : 0.000 (kcal/mol)
    Flex   - Flex side chains      : 0.000 (kcal/mol)
(3) Torsional Free Energy          : 0.190 (kcal/mol)
(4) Unbound System's Energy        : -0.075 (kcal/mol)
ENERGY FROM SEARCH: -3.495
FINAL ENERGY: 
Estimated Free Energy of Binding   : -3.231 (kcal/mol) [=(1)+(2)+(3)-(4)]
(1) Final Intermolecular Energy    : -3.532 (kcal/mol)
    Ligand - Receptor              : -3.532 (kcal/mol)
    Ligand - Flex side chains      : 0.000 (kcal/mol)
(2) Final Total Internal Energy    : 0.037 (kcal/mol)
    Ligand                         : 0.037 (kcal/mol)
    Flex   - Receptor              : 0.000 (kcal/mol)
    Flex   - Flex side chains      : 0.000 (kcal/mol)
(3) Torsional Free Energy          : 0.189 (kcal/mol)
(4) Unbound System's Energy        : -0.075 (kcal/mol)
ENERGY FROM SEARCH: -3.495
FINAL ENERGY: 
Estimated Free Energy of Binding   : -3.231 (kcal/mol) [=(1)+(2)+(3)-(4)]
(1) Final Intermolecular Energy    : -3.526 (kcal/mol)
    Ligand - Receptor              : -3.526 (kcal/mol)
    Ligand - Flex side chains      : 0.000 (kcal/mol)
(2) Final Total Internal Energy    : 0.031 (kcal/mol)
    Ligand                         : 0.031 (kcal/mol)
    Flex   - Receptor              : 0.000 (kcal/mol)
    Flex   - Flex side chains      : 0.000 (kcal/mol)
(3) Torsional Free Energy          : 0.189 (kcal/mol)
(4) Unbound System's Energy        : -0.075 (kcal/mol)
ENERGY FROM SEARCH: -3.486
FINAL ENERGY: 
Estimated Free Energy of Binding   : -3.223 (kcal/mol) [=(1)+(2)+(3)-(4)]
(1) Final Intermolecular Energy    : -3.498 (kcal/mol)
    Ligand - Receptor              : -3.498 (kcal/mol)
    Ligand - Flex side chains      : 0.000 (kcal/mol)
(2) Final Total Internal Energy    : 0.012 (kcal/mol)
    Ligand                         : 0.012 (kcal/mol)
    Flex   - Receptor              : 0.000 (kcal/mol)
    Flex   - Flex side chains      : 0.000 (kcal/mol)
(3) Torsional Free Energy          : 0.188 (kcal/mol)
(4) Unbound System's Energy        : -0.075 (kcal/mol)
ENERGY FROM SEARCH: -3.475
FINAL ENERGY: 
Estimated Free Energy of Binding   : -3.213 (kcal/mol) [=(1)+(2)+(3)-(4)]
(1) Final Intermolecular Energy    : -3.473 (kcal/mol)
    Ligand - Receptor              : -3.473 (kcal/mol)
    Ligand - Flex side chains      : 0.000 (kcal/mol)
(2) Final Total Internal Energy    : -0.002 (kcal/mol)
    Ligand                         : -0.002 (kcal/mol)
    Flex   - Receptor              : 0.000 (kcal/mol)
    Flex   - Flex side chains      : 0.000 (kcal/mol)
(3) Torsional Free Energy          : 0.188 (kcal/mol)
(4) Unbound System's Energy        : -0.075 (kcal/mol)
ENERGY FROM SEARCH: -3.444
FINAL ENERGY: 
Estimated Free Energy of Binding   : -3.183 (kcal/mol) [=(1)+(2)+(3)-(4)]
(1) Final Intermolecular Energy    : -3.303 (kcal/mol)
    Ligand - Receptor              : -3.303 (kcal/mol)
    Ligand - Flex side chains      : 0.000 (kcal/mol)
(2) Final Total Internal Energy    : -0.142 (kcal/mol)
    Ligand                         : -0.142 (kcal/mol)
    Flex   - Receptor              : 0.000 (kcal/mol)
    Flex   - Flex side chains      : 0.000 (kcal/mol)
(3) Torsional Free Energy          : 0.186 (kcal/mol)
(4) Unbound System's Energy        : -0.075 (kcal/mol)
ENERGY FROM SEARCH: -3.443
FINAL ENERGY: 
Estimated Free Energy of Binding   : -3.182 (kcal/mol) [=(1)+(2)+(3)-(4)]
(1) Final Intermolecular Energy    : -3.300 (kcal/mol)
    Ligand - Receptor              : -3.300 (kcal/mol)
    Ligand - Flex side chains      : 0.000 (kcal/mol)
(2) Final Total Internal Energy    : -0.143 (kcal/mol)
    Ligand                         : -0.143 (kcal/mol)
    Flex   - Receptor              : 0.000 (kcal/mol)
    Flex   - Flex side chains      : 0.000 (kcal/mol)
(3) Torsional Free Energy          : 0.186 (kcal/mol)
(4) Unbound System's Energy        : -0.075 (kcal/mol)

mode |   affinity | dist from best mode
     | (kcal/mol) | rmsd l.b.| rmsd u.b.
-----+------------+----------+----------
   1      -3.7858     0.0000     0.0000
   2      -3.5883    26.4824    27.4998
   3      -3.5481    23.0727    24.1345
   4      -3.5272    22.8497    23.8610
   5      -3.4725    12.7715    14.2041
   6      -3.4719    25.1442    26.7961
   7      -3.4659    12.7904    13.9377
   8      -3.4326    23.6529    24.5859
   9      -3.4236    24.7207    26.0104
  10      -3.3869    23.1205    24.0769
  11      -3.3766     1.4931     1.5438
  12      -3.3050    26.3186    27.1698
  13      -3.2540     3.2655     4.2282
  14      -3.2422     4.6022     6.1408
  15      -3.2314    27.0248    28.8073
  16      -3.2312     5.8540     7.1551
  17      -3.2231    24.9239    26.8647
  18      -3.2127    26.2202    27.4447
  19      -3.1834     9.9045    11.6574
  20      -3.1820     7.2398     8.3634
