STEP 9 — PqsR 4JVI EXPLORATORY DOCKING
Started: 2026-07-17T11:15:13+02:00
Interpretation status: exploratory; formal receptor-specific validation not achieved
Primary protocol SHA-256: b2d00f6dd1d9cc62772f242e24b4c5b6fcf72b6de9e519b5074d7a94c805f9c4
Exploratory addendum SHA-256: eef880ca4d8fe86a7c2ff84605d19ecdc034d8a58e11d875ec6a0b61d6cc0d7a
Vina: AutoDock Vina v1.2.5 

STARTING 1/15: compound_11_PqsR_4JVI_run01_seed2026071691
Start: 2026-07-17T11:15:13+02:00
COMPLETED 1/15: compound_11_PqsR_4JVI_run01_seed2026071691

STARTING 2/15: compound_11_PqsR_4JVI_run02_seed2026071692
Start: 2026-07-17T11:15:23+02:00
COMPLETED 2/15: compound_11_PqsR_4JVI_run02_seed2026071692

STARTING 3/15: compound_11_PqsR_4JVI_run03_seed2026071693
Start: 2026-07-17T11:15:33+02:00
COMPLETED 3/15: compound_11_PqsR_4JVI_run03_seed2026071693

STARTING 4/15: compound_11_PqsR_4JVI_run04_seed2026071694
Start: 2026-07-17T11:15:44+02:00
COMPLETED 4/15: compound_11_PqsR_4JVI_run04_seed2026071694

STARTING 5/15: compound_11_PqsR_4JVI_run05_seed2026071695
Start: 2026-07-17T11:15:54+02:00
COMPLETED 5/15: compound_11_PqsR_4JVI_run05_seed2026071695

STARTING 6/15: compound_09_PqsR_4JVI_run01_seed2026071681
Start: 2026-07-17T11:16:04+02:00
COMPLETED 6/15: compound_09_PqsR_4JVI_run01_seed2026071681

STARTING 7/15: compound_09_PqsR_4JVI_run02_seed2026071682
Start: 2026-07-17T11:17:37+02:00
COMPLETED 7/15: compound_09_PqsR_4JVI_run02_seed2026071682

STARTING 8/15: compound_09_PqsR_4JVI_run03_seed2026071683
Start: 2026-07-17T11:19:03+02:00
COMPLETED 8/15: compound_09_PqsR_4JVI_run03_seed2026071683

STARTING 9/15: compound_09_PqsR_4JVI_run04_seed2026071684
Start: 2026-07-17T11:20:32+02:00
COMPLETED 9/15: compound_09_PqsR_4JVI_run04_seed2026071684

STARTING 10/15: compound_09_PqsR_4JVI_run05_seed2026071685
Start: 2026-07-17T11:21:58+02:00
COMPLETED 10/15: compound_09_PqsR_4JVI_run05_seed2026071685

STARTING 11/15: compound_08_PqsR_4JVI_run01_seed2026071671
Start: 2026-07-17T11:23:31+02:00
COMPLETED 11/15: compound_08_PqsR_4JVI_run01_seed2026071671

STARTING 12/15: compound_08_PqsR_4JVI_run02_seed2026071672
Start: 2026-07-17T11:35:31+02:00
COMPLETED 12/15: compound_08_PqsR_4JVI_run02_seed2026071672

STARTING 13/15: compound_08_PqsR_4JVI_run03_seed2026071673
Start: 2026-07-17T11:45:12+02:00
COMPLETED 13/15: compound_08_PqsR_4JVI_run03_seed2026071673

STARTING 14/15: compound_08_PqsR_4JVI_run04_seed2026071674
Start: 2026-07-17T11:55:48+02:00
COMPLETED 14/15: compound_08_PqsR_4JVI_run04_seed2026071674

STARTING 15/15: compound_08_PqsR_4JVI_run05_seed2026071675
Start: 2026-07-17T12:08:17+02:00
COMPLETED 15/15: compound_08_PqsR_4JVI_run05_seed2026071675

ALL PQSR EXPLORATORY RUNS COMPLETED: 15/15

MASTER SUMMARY SHA-256:
d8cc31ccbaa4c3bd97ca76d6381d34e2ae44011be74f1d5c0cc1261770b09e90  /data/BIOFILM_INSILICO_SUPPORT/03_docking/vina_outputs/exploratory/PqsR_4JVI_2026-07-17/PqsR_4JVI_exploratory_master_summary.tsv
