
=== VINARDO SCORE-ONLY: MODE 01 ===
AutoDock Vina v1.2.5
#################################################################
# If you used AutoDock Vina in your work, please cite:          #
#                                                               #
# J. Eberhardt, D. Santos-Martins, A. F. Tillack, and S. Forli  #
# AutoDock Vina 1.2.0: New Docking Methods, Expanded Force      #
# Field, and Python Bindings, J. Chem. Inf. Model. (2021)       #
# DOI 10.1021/acs.jcim.1c00203                                  #
#                                                               #
# O. Trott, A. J. Olson,                                        #
# AutoDock Vina: improving the speed and accuracy of docking    #
# with a new scoring function, efficient optimization and       #
# multithreading, J. Comp. Chem. (2010)                         #
# DOI 10.1002/jcc.21334                                         #
#                                                               #
# Please see https://github.com/ccsb-scripps/AutoDock-Vina for  #
# more information.                                             #
#################################################################

Scoring function : vinardo
Rigid receptor: /data/BIOFILM_INSILICO_SUPPORT/03_docking/receptors_pdbqt/PqsR_4JVI.pdbqt
Ligand: /data/BIOFILM_INSILICO_SUPPORT/03_docking/vina_outputs/redocking/PqsR_4JVI_QZN_siteA_v1_2026-07-16/vinardo_rescoring_diagnostic/QZN_mode_01.pdbqt
Grid center: X 0 Y 1.64331e-319 Z 4.94066e-324
Grid size  : X 1.31588e-318 Y 1.01283e-320 Z 1.31588e-318
Grid space : 0.375
Exhaustiveness: 8
CPU: 0
Verbosity: 1

Computing Vinardo grid ... done.


An error occurred: 

Vina runtime error: The ligand is outside the grid box. Increase the size of the grid box or center it accordingly around the ligand.
. 

Please report bugs through the Issue Tracker on GitHub 
(https://github.com/ccsb-scripps/AutoDock-Vina/issues)., so
that this problem can be resolved. The reproducibility of the
error may be vital, so please remember to include the following in
your problem report:
* the EXACT error message,
* your version of the program,
* the type of computer system you are running it on,
* all command line options,
* configuration file (if used),
* ligand file as PDBQT,
* receptor file as PDBQT,
* flexible side chains file as PDBQT (if used),
* output file as PDBQT (if any),
* input (if possible),
* random seed the program used (this is printed when the program starts).

Thank you!
