AutoDock Vina v1.2.5
#################################################################
# If you used AutoDock Vina in your work, please cite:          #
#                                                               #
# J. Eberhardt, D. Santos-Martins, A. F. Tillack, and S. Forli  #
# AutoDock Vina 1.2.0: New Docking Methods, Expanded Force      #
# Field, and Python Bindings, J. Chem. Inf. Model. (2021)       #
# DOI 10.1021/acs.jcim.1c00203                                  #
#                                                               #
# O. Trott, A. J. Olson,                                        #
# AutoDock Vina: improving the speed and accuracy of docking    #
# with a new scoring function, efficient optimization and       #
# multithreading, J. Comp. Chem. (2010)                         #
# DOI 10.1002/jcc.21334                                         #
#                                                               #
# Please see https://github.com/ccsb-scripps/AutoDock-Vina for  #
# more information.                                             #
#################################################################

Scoring function : vinardo
Rigid receptor: /data/BIOFILM_INSILICO_SUPPORT/03_docking/receptors_pdbqt/LasR_2UV0.pdbqt
Ligand: /data/BIOFILM_INSILICO_SUPPORT/03_docking/ligands_pdbqt/compound_11.pdbqt
Grid center: X 55.258 Y 27.138 Z 29.99
Grid size  : X 30 Y 30 Z 30
Grid space : 0.375
Exhaustiveness: 64
CPU: 8
Verbosity: 2

Computing Vinardo grid ... done.
Performing docking (random seed: 2026071661) ... 
0%   10   20   30   40   50   60   70   80   90   100%
|----|----|----|----|----|----|----|----|----|----|
***************************************************
done.
ENERGY FROM SEARCH: -4.1513
FINAL ENERGY: 
Estimated Free Energy of Binding   : -3.962 (kcal/mol) [=(1)+(2)+(3)-(4)]
(1) Final Intermolecular Energy    : -4.194 (kcal/mol)
    Ligand - Receptor              : -4.194 (kcal/mol)
    Ligand - Flex side chains      : 0.000 (kcal/mol)
(2) Final Total Internal Energy    : 0.043 (kcal/mol)
    Ligand                         : 0.043 (kcal/mol)
    Flex   - Receptor              : 0.000 (kcal/mol)
    Flex   - Flex side chains      : 0.000 (kcal/mol)
(3) Torsional Free Energy          : 0.232 (kcal/mol)
(4) Unbound System's Energy        : 0.043 (kcal/mol)
ENERGY FROM SEARCH: -3.877
FINAL ENERGY: 
Estimated Free Energy of Binding   : -3.704 (kcal/mol) [=(1)+(2)+(3)-(4)]
(1) Final Intermolecular Energy    : -3.745 (kcal/mol)
    Ligand - Receptor              : -3.745 (kcal/mol)
    Ligand - Flex side chains      : 0.000 (kcal/mol)
(2) Final Total Internal Energy    : -0.133 (kcal/mol)
    Ligand                         : -0.133 (kcal/mol)
    Flex   - Receptor              : 0.000 (kcal/mol)
    Flex   - Flex side chains      : 0.000 (kcal/mol)
(3) Torsional Free Energy          : 0.217 (kcal/mol)
(4) Unbound System's Energy        : 0.043 (kcal/mol)
ENERGY FROM SEARCH: -3.834
FINAL ENERGY: 
Estimated Free Energy of Binding   : -3.662 (kcal/mol) [=(1)+(2)+(3)-(4)]
(1) Final Intermolecular Energy    : -3.687 (kcal/mol)
    Ligand - Receptor              : -3.687 (kcal/mol)
    Ligand - Flex side chains      : 0.000 (kcal/mol)
(2) Final Total Internal Energy    : -0.146 (kcal/mol)
    Ligand                         : -0.146 (kcal/mol)
    Flex   - Receptor              : 0.000 (kcal/mol)
    Flex   - Flex side chains      : 0.000 (kcal/mol)
(3) Torsional Free Energy          : 0.214 (kcal/mol)
(4) Unbound System's Energy        : 0.043 (kcal/mol)
ENERGY FROM SEARCH: -3.803
FINAL ENERGY: 
Estimated Free Energy of Binding   : -3.633 (kcal/mol) [=(1)+(2)+(3)-(4)]
(1) Final Intermolecular Energy    : -3.867 (kcal/mol)
    Ligand - Receptor              : -3.867 (kcal/mol)
    Ligand - Flex side chains      : 0.000 (kcal/mol)
(2) Final Total Internal Energy    : 0.064 (kcal/mol)
    Ligand                         : 0.064 (kcal/mol)
    Flex   - Receptor              : 0.000 (kcal/mol)
    Flex   - Flex side chains      : 0.000 (kcal/mol)
(3) Torsional Free Energy          : 0.212 (kcal/mol)
(4) Unbound System's Energy        : 0.043 (kcal/mol)
ENERGY FROM SEARCH: -3.763
FINAL ENERGY: 
Estimated Free Energy of Binding   : -3.596 (kcal/mol) [=(1)+(2)+(3)-(4)]
(1) Final Intermolecular Energy    : -3.783 (kcal/mol)
    Ligand - Receptor              : -3.783 (kcal/mol)
    Ligand - Flex side chains      : 0.000 (kcal/mol)
(2) Final Total Internal Energy    : 0.020 (kcal/mol)
    Ligand                         : 0.020 (kcal/mol)
    Flex   - Receptor              : 0.000 (kcal/mol)
    Flex   - Flex side chains      : 0.000 (kcal/mol)
(3) Torsional Free Energy          : 0.210 (kcal/mol)
(4) Unbound System's Energy        : 0.043 (kcal/mol)
ENERGY FROM SEARCH: -3.753
FINAL ENERGY: 
Estimated Free Energy of Binding   : -3.586 (kcal/mol) [=(1)+(2)+(3)-(4)]
(1) Final Intermolecular Energy    : -3.639 (kcal/mol)
    Ligand - Receptor              : -3.639 (kcal/mol)
    Ligand - Flex side chains      : 0.000 (kcal/mol)
(2) Final Total Internal Energy    : -0.114 (kcal/mol)
    Ligand                         : -0.114 (kcal/mol)
    Flex   - Receptor              : 0.000 (kcal/mol)
    Flex   - Flex side chains      : 0.000 (kcal/mol)
(3) Torsional Free Energy          : 0.210 (kcal/mol)
(4) Unbound System's Energy        : 0.043 (kcal/mol)
ENERGY FROM SEARCH: -3.744
FINAL ENERGY: 
Estimated Free Energy of Binding   : -3.577 (kcal/mol) [=(1)+(2)+(3)-(4)]
(1) Final Intermolecular Energy    : -3.662 (kcal/mol)
    Ligand - Receptor              : -3.662 (kcal/mol)
    Ligand - Flex side chains      : 0.000 (kcal/mol)
(2) Final Total Internal Energy    : -0.082 (kcal/mol)
    Ligand                         : -0.082 (kcal/mol)
    Flex   - Receptor              : 0.000 (kcal/mol)
    Flex   - Flex side chains      : 0.000 (kcal/mol)
(3) Torsional Free Energy          : 0.209 (kcal/mol)
(4) Unbound System's Energy        : 0.043 (kcal/mol)
ENERGY FROM SEARCH: -3.708
FINAL ENERGY: 
Estimated Free Energy of Binding   : -3.544 (kcal/mol) [=(1)+(2)+(3)-(4)]
(1) Final Intermolecular Energy    : -3.565 (kcal/mol)
    Ligand - Receptor              : -3.565 (kcal/mol)
    Ligand - Flex side chains      : 0.000 (kcal/mol)
(2) Final Total Internal Energy    : -0.144 (kcal/mol)
    Ligand                         : -0.144 (kcal/mol)
    Flex   - Receptor              : 0.000 (kcal/mol)
    Flex   - Flex side chains      : 0.000 (kcal/mol)
(3) Torsional Free Energy          : 0.207 (kcal/mol)
(4) Unbound System's Energy        : 0.043 (kcal/mol)
ENERGY FROM SEARCH: -3.699
FINAL ENERGY: 
Estimated Free Energy of Binding   : -3.535 (kcal/mol) [=(1)+(2)+(3)-(4)]
(1) Final Intermolecular Energy    : -3.556 (kcal/mol)
    Ligand - Receptor              : -3.556 (kcal/mol)
    Ligand - Flex side chains      : 0.000 (kcal/mol)
(2) Final Total Internal Energy    : -0.142 (kcal/mol)
    Ligand                         : -0.142 (kcal/mol)
    Flex   - Receptor              : 0.000 (kcal/mol)
    Flex   - Flex side chains      : 0.000 (kcal/mol)
(3) Torsional Free Energy          : 0.207 (kcal/mol)
(4) Unbound System's Energy        : 0.043 (kcal/mol)
ENERGY FROM SEARCH: -3.661
FINAL ENERGY: 
Estimated Free Energy of Binding   : -3.499 (kcal/mol) [=(1)+(2)+(3)-(4)]
(1) Final Intermolecular Energy    : -3.615 (kcal/mol)
    Ligand - Receptor              : -3.615 (kcal/mol)
    Ligand - Flex side chains      : 0.000 (kcal/mol)
(2) Final Total Internal Energy    : -0.047 (kcal/mol)
    Ligand                         : -0.047 (kcal/mol)
    Flex   - Receptor              : 0.000 (kcal/mol)
    Flex   - Flex side chains      : 0.000 (kcal/mol)
(3) Torsional Free Energy          : 0.205 (kcal/mol)
(4) Unbound System's Energy        : 0.043 (kcal/mol)
ENERGY FROM SEARCH: -3.650
FINAL ENERGY: 
Estimated Free Energy of Binding   : -3.489 (kcal/mol) [=(1)+(2)+(3)-(4)]
(1) Final Intermolecular Energy    : -3.532 (kcal/mol)
    Ligand - Receptor              : -3.532 (kcal/mol)
    Ligand - Flex side chains      : 0.000 (kcal/mol)
(2) Final Total Internal Energy    : -0.118 (kcal/mol)
    Ligand                         : -0.118 (kcal/mol)
    Flex   - Receptor              : 0.000 (kcal/mol)
    Flex   - Flex side chains      : 0.000 (kcal/mol)
(3) Torsional Free Energy          : 0.204 (kcal/mol)
(4) Unbound System's Energy        : 0.043 (kcal/mol)
ENERGY FROM SEARCH: -3.575
FINAL ENERGY: 
Estimated Free Energy of Binding   : -3.418 (kcal/mol) [=(1)+(2)+(3)-(4)]
(1) Final Intermolecular Energy    : -3.507 (kcal/mol)
    Ligand - Receptor              : -3.507 (kcal/mol)
    Ligand - Flex side chains      : 0.000 (kcal/mol)
(2) Final Total Internal Energy    : -0.068 (kcal/mol)
    Ligand                         : -0.068 (kcal/mol)
    Flex   - Receptor              : 0.000 (kcal/mol)
    Flex   - Flex side chains      : 0.000 (kcal/mol)
(3) Torsional Free Energy          : 0.200 (kcal/mol)
(4) Unbound System's Energy        : 0.043 (kcal/mol)
ENERGY FROM SEARCH: -3.561
FINAL ENERGY: 
Estimated Free Energy of Binding   : -3.405 (kcal/mol) [=(1)+(2)+(3)-(4)]
(1) Final Intermolecular Energy    : -3.447 (kcal/mol)
    Ligand - Receptor              : -3.447 (kcal/mol)
    Ligand - Flex side chains      : 0.000 (kcal/mol)
(2) Final Total Internal Energy    : -0.114 (kcal/mol)
    Ligand                         : -0.114 (kcal/mol)
    Flex   - Receptor              : 0.000 (kcal/mol)
    Flex   - Flex side chains      : 0.000 (kcal/mol)
(3) Torsional Free Energy          : 0.199 (kcal/mol)
(4) Unbound System's Energy        : 0.043 (kcal/mol)
ENERGY FROM SEARCH: -3.520
FINAL ENERGY: 
Estimated Free Energy of Binding   : -3.366 (kcal/mol) [=(1)+(2)+(3)-(4)]
(1) Final Intermolecular Energy    : -3.372 (kcal/mol)
    Ligand - Receptor              : -3.372 (kcal/mol)
    Ligand - Flex side chains      : 0.000 (kcal/mol)
(2) Final Total Internal Energy    : -0.148 (kcal/mol)
    Ligand                         : -0.148 (kcal/mol)
    Flex   - Receptor              : 0.000 (kcal/mol)
    Flex   - Flex side chains      : 0.000 (kcal/mol)
(3) Torsional Free Energy          : 0.197 (kcal/mol)
(4) Unbound System's Energy        : 0.043 (kcal/mol)
ENERGY FROM SEARCH: -3.504
FINAL ENERGY: 
Estimated Free Energy of Binding   : -3.351 (kcal/mol) [=(1)+(2)+(3)-(4)]
(1) Final Intermolecular Energy    : -3.403 (kcal/mol)
    Ligand - Receptor              : -3.403 (kcal/mol)
    Ligand - Flex side chains      : 0.000 (kcal/mol)
(2) Final Total Internal Energy    : -0.102 (kcal/mol)
    Ligand                         : -0.102 (kcal/mol)
    Flex   - Receptor              : 0.000 (kcal/mol)
    Flex   - Flex side chains      : 0.000 (kcal/mol)
(3) Torsional Free Energy          : 0.196 (kcal/mol)
(4) Unbound System's Energy        : 0.043 (kcal/mol)
ENERGY FROM SEARCH: -3.500
FINAL ENERGY: 
Estimated Free Energy of Binding   : -3.347 (kcal/mol) [=(1)+(2)+(3)-(4)]
(1) Final Intermolecular Energy    : -3.537 (kcal/mol)
    Ligand - Receptor              : -3.537 (kcal/mol)
    Ligand - Flex side chains      : 0.000 (kcal/mol)
(2) Final Total Internal Energy    : 0.036 (kcal/mol)
    Ligand                         : 0.036 (kcal/mol)
    Flex   - Receptor              : 0.000 (kcal/mol)
    Flex   - Flex side chains      : 0.000 (kcal/mol)
(3) Torsional Free Energy          : 0.196 (kcal/mol)
(4) Unbound System's Energy        : 0.043 (kcal/mol)
ENERGY FROM SEARCH: -3.495
FINAL ENERGY: 
Estimated Free Energy of Binding   : -3.343 (kcal/mol) [=(1)+(2)+(3)-(4)]
(1) Final Intermolecular Energy    : -3.527 (kcal/mol)
    Ligand - Receptor              : -3.527 (kcal/mol)
    Ligand - Flex side chains      : 0.000 (kcal/mol)
(2) Final Total Internal Energy    : 0.031 (kcal/mol)
    Ligand                         : 0.031 (kcal/mol)
    Flex   - Receptor              : 0.000 (kcal/mol)
    Flex   - Flex side chains      : 0.000 (kcal/mol)
(3) Torsional Free Energy          : 0.195 (kcal/mol)
(4) Unbound System's Energy        : 0.043 (kcal/mol)
ENERGY FROM SEARCH: -3.479
FINAL ENERGY: 
Estimated Free Energy of Binding   : -3.327 (kcal/mol) [=(1)+(2)+(3)-(4)]
(1) Final Intermolecular Energy    : -3.483 (kcal/mol)
    Ligand - Receptor              : -3.483 (kcal/mol)
    Ligand - Flex side chains      : 0.000 (kcal/mol)
(2) Final Total Internal Energy    : 0.004 (kcal/mol)
    Ligand                         : 0.004 (kcal/mol)
    Flex   - Receptor              : 0.000 (kcal/mol)
    Flex   - Flex side chains      : 0.000 (kcal/mol)
(3) Torsional Free Energy          : 0.195 (kcal/mol)
(4) Unbound System's Energy        : 0.043 (kcal/mol)
ENERGY FROM SEARCH: -3.466
FINAL ENERGY: 
Estimated Free Energy of Binding   : -3.315 (kcal/mol) [=(1)+(2)+(3)-(4)]
(1) Final Intermolecular Energy    : -3.497 (kcal/mol)
    Ligand - Receptor              : -3.497 (kcal/mol)
    Ligand - Flex side chains      : 0.000 (kcal/mol)
(2) Final Total Internal Energy    : 0.031 (kcal/mol)
    Ligand                         : 0.031 (kcal/mol)
    Flex   - Receptor              : 0.000 (kcal/mol)
    Flex   - Flex side chains      : 0.000 (kcal/mol)
(3) Torsional Free Energy          : 0.194 (kcal/mol)
(4) Unbound System's Energy        : 0.043 (kcal/mol)
ENERGY FROM SEARCH: -3.439
FINAL ENERGY: 
Estimated Free Energy of Binding   : -3.289 (kcal/mol) [=(1)+(2)+(3)-(4)]
(1) Final Intermolecular Energy    : -3.300 (kcal/mol)
    Ligand - Receptor              : -3.300 (kcal/mol)
    Ligand - Flex side chains      : 0.000 (kcal/mol)
(2) Final Total Internal Energy    : -0.139 (kcal/mol)
    Ligand                         : -0.139 (kcal/mol)
    Flex   - Receptor              : 0.000 (kcal/mol)
    Flex   - Flex side chains      : 0.000 (kcal/mol)
(3) Torsional Free Energy          : 0.192 (kcal/mol)
(4) Unbound System's Energy        : 0.043 (kcal/mol)

mode |   affinity | dist from best mode
     | (kcal/mol) | rmsd l.b.| rmsd u.b.
-----+------------+----------+----------
   1      -3.9624     0.0000     0.0000
   2      -3.7037    26.5288    27.5458
   3      -3.6625    23.1331    24.1935
   4      -3.6332    22.9126    23.9296
   5      -3.5955    25.2076    26.8511
   6      -3.5861    12.6848    14.2595
   7      -3.5774    12.8467    13.9894
   8      -3.5439    23.7554    24.5950
   9      -3.5349    24.7705    26.0579
  10      -3.4995    23.1888    24.0934
  11      -3.4890     1.5800     1.6730
  12      -3.4180    26.3690    27.2246
  13      -3.4048     4.3342     5.2176
  14      -3.3658     3.1847     4.1509
  15      -3.3509     4.6674     6.2452
  16      -3.3473    27.0508    28.8398
  17      -3.3426     5.9443     7.2355
  18      -3.3274    26.2733    27.4949
  19      -3.3153    22.8795    24.1316
  20      -3.2893    10.0106    11.7734
