AutoDock Vina v1.2.5
#################################################################
# If you used AutoDock Vina in your work, please cite:          #
#                                                               #
# J. Eberhardt, D. Santos-Martins, A. F. Tillack, and S. Forli  #
# AutoDock Vina 1.2.0: New Docking Methods, Expanded Force      #
# Field, and Python Bindings, J. Chem. Inf. Model. (2021)       #
# DOI 10.1021/acs.jcim.1c00203                                  #
#                                                               #
# O. Trott, A. J. Olson,                                        #
# AutoDock Vina: improving the speed and accuracy of docking    #
# with a new scoring function, efficient optimization and       #
# multithreading, J. Comp. Chem. (2010)                         #
# DOI 10.1002/jcc.21334                                         #
#                                                               #
# Please see https://github.com/ccsb-scripps/AutoDock-Vina for  #
# more information.                                             #
#################################################################

Scoring function : vinardo
Rigid receptor: /data/BIOFILM_INSILICO_SUPPORT/03_docking/receptors_pdbqt/PqsR_4JVI.pdbqt
Ligand: /data/BIOFILM_INSILICO_SUPPORT/03_docking/ligands_pdbqt/compound_11.pdbqt
Grid center: X -33.489 Y 56.865 Z 9.1
Grid size  : X 30 Y 30 Z 30
Grid space : 0.375
Exhaustiveness: 64
CPU: 8
Verbosity: 2

Computing Vinardo grid ... done.
Performing docking (random seed: 2026071694) ... 
0%   10   20   30   40   50   60   70   80   90   100%
|----|----|----|----|----|----|----|----|----|----|
***************************************************
done.
ENERGY FROM SEARCH: -4.97214
FINAL ENERGY: 
Estimated Free Energy of Binding   : -5.191 (kcal/mol) [=(1)+(2)+(3)-(4)]
(1) Final Intermolecular Energy    : -5.494 (kcal/mol)
    Ligand - Receptor              : -5.494 (kcal/mol)
    Ligand - Flex side chains      : 0.000 (kcal/mol)
(2) Final Total Internal Energy    : 0.522 (kcal/mol)
    Ligand                         : 0.522 (kcal/mol)
    Flex   - Receptor              : 0.000 (kcal/mol)
    Flex   - Flex side chains      : 0.000 (kcal/mol)
(3) Torsional Free Energy          : 0.303 (kcal/mol)
(4) Unbound System's Energy        : 0.522 (kcal/mol)
ENERGY FROM SEARCH: -4.957
FINAL ENERGY: 
Estimated Free Energy of Binding   : -5.177 (kcal/mol) [=(1)+(2)+(3)-(4)]
(1) Final Intermolecular Energy    : -5.488 (kcal/mol)
    Ligand - Receptor              : -5.488 (kcal/mol)
    Ligand - Flex side chains      : 0.000 (kcal/mol)
(2) Final Total Internal Energy    : 0.531 (kcal/mol)
    Ligand                         : 0.531 (kcal/mol)
    Flex   - Receptor              : 0.000 (kcal/mol)
    Flex   - Flex side chains      : 0.000 (kcal/mol)
(3) Torsional Free Energy          : 0.303 (kcal/mol)
(4) Unbound System's Energy        : 0.522 (kcal/mol)
ENERGY FROM SEARCH: -4.664
FINAL ENERGY: 
Estimated Free Energy of Binding   : -4.900 (kcal/mol) [=(1)+(2)+(3)-(4)]
(1) Final Intermolecular Energy    : -4.683 (kcal/mol)
    Ligand - Receptor              : -4.683 (kcal/mol)
    Ligand - Flex side chains      : 0.000 (kcal/mol)
(2) Final Total Internal Energy    : 0.019 (kcal/mol)
    Ligand                         : 0.019 (kcal/mol)
    Flex   - Receptor              : 0.000 (kcal/mol)
    Flex   - Flex side chains      : 0.000 (kcal/mol)
(3) Torsional Free Energy          : 0.286 (kcal/mol)
(4) Unbound System's Energy        : 0.522 (kcal/mol)
ENERGY FROM SEARCH: -4.630
FINAL ENERGY: 
Estimated Free Energy of Binding   : -4.868 (kcal/mol) [=(1)+(2)+(3)-(4)]
(1) Final Intermolecular Energy    : -4.694 (kcal/mol)
    Ligand - Receptor              : -4.694 (kcal/mol)
    Ligand - Flex side chains      : 0.000 (kcal/mol)
(2) Final Total Internal Energy    : 0.064 (kcal/mol)
    Ligand                         : 0.064 (kcal/mol)
    Flex   - Receptor              : 0.000 (kcal/mol)
    Flex   - Flex side chains      : 0.000 (kcal/mol)
(3) Torsional Free Energy          : 0.285 (kcal/mol)
(4) Unbound System's Energy        : 0.522 (kcal/mol)
ENERGY FROM SEARCH: -4.580
FINAL ENERGY: 
Estimated Free Energy of Binding   : -4.821 (kcal/mol) [=(1)+(2)+(3)-(4)]
(1) Final Intermolecular Energy    : -4.597 (kcal/mol)
    Ligand - Receptor              : -4.597 (kcal/mol)
    Ligand - Flex side chains      : 0.000 (kcal/mol)
(2) Final Total Internal Energy    : 0.016 (kcal/mol)
    Ligand                         : 0.016 (kcal/mol)
    Flex   - Receptor              : 0.000 (kcal/mol)
    Flex   - Flex side chains      : 0.000 (kcal/mol)
(3) Torsional Free Energy          : 0.282 (kcal/mol)
(4) Unbound System's Energy        : 0.522 (kcal/mol)
ENERGY FROM SEARCH: -4.575
FINAL ENERGY: 
Estimated Free Energy of Binding   : -4.816 (kcal/mol) [=(1)+(2)+(3)-(4)]
(1) Final Intermolecular Energy    : -4.591 (kcal/mol)
    Ligand - Receptor              : -4.591 (kcal/mol)
    Ligand - Flex side chains      : 0.000 (kcal/mol)
(2) Final Total Internal Energy    : 0.016 (kcal/mol)
    Ligand                         : 0.016 (kcal/mol)
    Flex   - Receptor              : 0.000 (kcal/mol)
    Flex   - Flex side chains      : 0.000 (kcal/mol)
(3) Torsional Free Energy          : 0.282 (kcal/mol)
(4) Unbound System's Energy        : 0.522 (kcal/mol)
ENERGY FROM SEARCH: -4.540
FINAL ENERGY: 
Estimated Free Energy of Binding   : -4.783 (kcal/mol) [=(1)+(2)+(3)-(4)]
(1) Final Intermolecular Energy    : -4.399 (kcal/mol)
    Ligand - Receptor              : -4.399 (kcal/mol)
    Ligand - Flex side chains      : 0.000 (kcal/mol)
(2) Final Total Internal Energy    : -0.142 (kcal/mol)
    Ligand                         : -0.142 (kcal/mol)
    Flex   - Receptor              : 0.000 (kcal/mol)
    Flex   - Flex side chains      : 0.000 (kcal/mol)
(3) Torsional Free Energy          : 0.280 (kcal/mol)
(4) Unbound System's Energy        : 0.522 (kcal/mol)
ENERGY FROM SEARCH: -4.511
FINAL ENERGY: 
Estimated Free Energy of Binding   : -4.755 (kcal/mol) [=(1)+(2)+(3)-(4)]
(1) Final Intermolecular Energy    : -4.362 (kcal/mol)
    Ligand - Receptor              : -4.362 (kcal/mol)
    Ligand - Flex side chains      : 0.000 (kcal/mol)
(2) Final Total Internal Energy    : -0.149 (kcal/mol)
    Ligand                         : -0.149 (kcal/mol)
    Flex   - Receptor              : 0.000 (kcal/mol)
    Flex   - Flex side chains      : 0.000 (kcal/mol)
(3) Torsional Free Energy          : 0.278 (kcal/mol)
(4) Unbound System's Energy        : 0.522 (kcal/mol)
ENERGY FROM SEARCH: -4.509
FINAL ENERGY: 
Estimated Free Energy of Binding   : -4.753 (kcal/mol) [=(1)+(2)+(3)-(4)]
(1) Final Intermolecular Energy    : -4.362 (kcal/mol)
    Ligand - Receptor              : -4.362 (kcal/mol)
    Ligand - Flex side chains      : 0.000 (kcal/mol)
(2) Final Total Internal Energy    : -0.147 (kcal/mol)
    Ligand                         : -0.147 (kcal/mol)
    Flex   - Receptor              : 0.000 (kcal/mol)
    Flex   - Flex side chains      : 0.000 (kcal/mol)
(3) Torsional Free Energy          : 0.278 (kcal/mol)
(4) Unbound System's Energy        : 0.522 (kcal/mol)
ENERGY FROM SEARCH: -4.376
FINAL ENERGY: 
Estimated Free Energy of Binding   : -4.627 (kcal/mol) [=(1)+(2)+(3)-(4)]
(1) Final Intermolecular Energy    : -4.226 (kcal/mol)
    Ligand - Receptor              : -4.226 (kcal/mol)
    Ligand - Flex side chains      : 0.000 (kcal/mol)
(2) Final Total Internal Energy    : -0.150 (kcal/mol)
    Ligand                         : -0.150 (kcal/mol)
    Flex   - Receptor              : 0.000 (kcal/mol)
    Flex   - Flex side chains      : 0.000 (kcal/mol)
(3) Torsional Free Energy          : 0.271 (kcal/mol)
(4) Unbound System's Energy        : 0.522 (kcal/mol)
ENERGY FROM SEARCH: -4.353
FINAL ENERGY: 
Estimated Free Energy of Binding   : -4.606 (kcal/mol) [=(1)+(2)+(3)-(4)]
(1) Final Intermolecular Energy    : -4.203 (kcal/mol)
    Ligand - Receptor              : -4.203 (kcal/mol)
    Ligand - Flex side chains      : 0.000 (kcal/mol)
(2) Final Total Internal Energy    : -0.150 (kcal/mol)
    Ligand                         : -0.150 (kcal/mol)
    Flex   - Receptor              : 0.000 (kcal/mol)
    Flex   - Flex side chains      : 0.000 (kcal/mol)
(3) Torsional Free Energy          : 0.269 (kcal/mol)
(4) Unbound System's Energy        : 0.522 (kcal/mol)
ENERGY FROM SEARCH: -4.330
FINAL ENERGY: 
Estimated Free Energy of Binding   : -4.584 (kcal/mol) [=(1)+(2)+(3)-(4)]
(1) Final Intermolecular Energy    : -4.213 (kcal/mol)
    Ligand - Receptor              : -4.213 (kcal/mol)
    Ligand - Flex side chains      : 0.000 (kcal/mol)
(2) Final Total Internal Energy    : -0.116 (kcal/mol)
    Ligand                         : -0.116 (kcal/mol)
    Flex   - Receptor              : 0.000 (kcal/mol)
    Flex   - Flex side chains      : 0.000 (kcal/mol)
(3) Torsional Free Energy          : 0.268 (kcal/mol)
(4) Unbound System's Energy        : 0.522 (kcal/mol)
ENERGY FROM SEARCH: -4.235
FINAL ENERGY: 
Estimated Free Energy of Binding   : -4.495 (kcal/mol) [=(1)+(2)+(3)-(4)]
(1) Final Intermolecular Energy    : -4.084 (kcal/mol)
    Ligand - Receptor              : -4.084 (kcal/mol)
    Ligand - Flex side chains      : 0.000 (kcal/mol)
(2) Final Total Internal Energy    : -0.151 (kcal/mol)
    Ligand                         : -0.151 (kcal/mol)
    Flex   - Receptor              : 0.000 (kcal/mol)
    Flex   - Flex side chains      : 0.000 (kcal/mol)
(3) Torsional Free Energy          : 0.263 (kcal/mol)
(4) Unbound System's Energy        : 0.522 (kcal/mol)
ENERGY FROM SEARCH: -4.189
FINAL ENERGY: 
Estimated Free Energy of Binding   : -4.451 (kcal/mol) [=(1)+(2)+(3)-(4)]
(1) Final Intermolecular Energy    : -4.238 (kcal/mol)
    Ligand - Receptor              : -4.238 (kcal/mol)
    Ligand - Flex side chains      : 0.000 (kcal/mol)
(2) Final Total Internal Energy    : 0.049 (kcal/mol)
    Ligand                         : 0.049 (kcal/mol)
    Flex   - Receptor              : 0.000 (kcal/mol)
    Flex   - Flex side chains      : 0.000 (kcal/mol)
(3) Torsional Free Energy          : 0.260 (kcal/mol)
(4) Unbound System's Energy        : 0.522 (kcal/mol)
ENERGY FROM SEARCH: -4.129
FINAL ENERGY: 
Estimated Free Energy of Binding   : -4.394 (kcal/mol) [=(1)+(2)+(3)-(4)]
(1) Final Intermolecular Energy    : -4.175 (kcal/mol)
    Ligand - Receptor              : -4.175 (kcal/mol)
    Ligand - Flex side chains      : 0.000 (kcal/mol)
(2) Final Total Internal Energy    : 0.045 (kcal/mol)
    Ligand                         : 0.045 (kcal/mol)
    Flex   - Receptor              : 0.000 (kcal/mol)
    Flex   - Flex side chains      : 0.000 (kcal/mol)
(3) Torsional Free Energy          : 0.257 (kcal/mol)
(4) Unbound System's Energy        : 0.522 (kcal/mol)
ENERGY FROM SEARCH: -4.123
FINAL ENERGY: 
Estimated Free Energy of Binding   : -4.388 (kcal/mol) [=(1)+(2)+(3)-(4)]
(1) Final Intermolecular Energy    : -4.170 (kcal/mol)
    Ligand - Receptor              : -4.170 (kcal/mol)
    Ligand - Flex side chains      : 0.000 (kcal/mol)
(2) Final Total Internal Energy    : 0.047 (kcal/mol)
    Ligand                         : 0.047 (kcal/mol)
    Flex   - Receptor              : 0.000 (kcal/mol)
    Flex   - Flex side chains      : 0.000 (kcal/mol)
(3) Torsional Free Energy          : 0.257 (kcal/mol)
(4) Unbound System's Energy        : 0.522 (kcal/mol)
ENERGY FROM SEARCH: -4.118
FINAL ENERGY: 
Estimated Free Energy of Binding   : -4.384 (kcal/mol) [=(1)+(2)+(3)-(4)]
(1) Final Intermolecular Energy    : -4.133 (kcal/mol)
    Ligand - Receptor              : -4.133 (kcal/mol)
    Ligand - Flex side chains      : 0.000 (kcal/mol)
(2) Final Total Internal Energy    : 0.015 (kcal/mol)
    Ligand                         : 0.015 (kcal/mol)
    Flex   - Receptor              : 0.000 (kcal/mol)
    Flex   - Flex side chains      : 0.000 (kcal/mol)
(3) Torsional Free Energy          : 0.256 (kcal/mol)
(4) Unbound System's Energy        : 0.522 (kcal/mol)
ENERGY FROM SEARCH: -4.080
FINAL ENERGY: 
Estimated Free Energy of Binding   : -4.348 (kcal/mol) [=(1)+(2)+(3)-(4)]
(1) Final Intermolecular Energy    : -4.177 (kcal/mol)
    Ligand - Receptor              : -4.177 (kcal/mol)
    Ligand - Flex side chains      : 0.000 (kcal/mol)
(2) Final Total Internal Energy    : 0.097 (kcal/mol)
    Ligand                         : 0.097 (kcal/mol)
    Flex   - Receptor              : 0.000 (kcal/mol)
    Flex   - Flex side chains      : 0.000 (kcal/mol)
(3) Torsional Free Energy          : 0.254 (kcal/mol)
(4) Unbound System's Energy        : 0.522 (kcal/mol)
ENERGY FROM SEARCH: -4.039
FINAL ENERGY: 
Estimated Free Energy of Binding   : -4.309 (kcal/mol) [=(1)+(2)+(3)-(4)]
(1) Final Intermolecular Energy    : -3.973 (kcal/mol)
    Ligand - Receptor              : -3.973 (kcal/mol)
    Ligand - Flex side chains      : 0.000 (kcal/mol)
(2) Final Total Internal Energy    : -0.066 (kcal/mol)
    Ligand                         : -0.066 (kcal/mol)
    Flex   - Receptor              : 0.000 (kcal/mol)
    Flex   - Flex side chains      : 0.000 (kcal/mol)
(3) Torsional Free Energy          : 0.252 (kcal/mol)
(4) Unbound System's Energy        : 0.522 (kcal/mol)
ENERGY FROM SEARCH: -4.017
FINAL ENERGY: 
Estimated Free Energy of Binding   : -4.289 (kcal/mol) [=(1)+(2)+(3)-(4)]
(1) Final Intermolecular Energy    : -3.899 (kcal/mol)
    Ligand - Receptor              : -3.899 (kcal/mol)
    Ligand - Flex side chains      : 0.000 (kcal/mol)
(2) Final Total Internal Energy    : -0.118 (kcal/mol)
    Ligand                         : -0.118 (kcal/mol)
    Flex   - Receptor              : 0.000 (kcal/mol)
    Flex   - Flex side chains      : 0.000 (kcal/mol)
(3) Torsional Free Energy          : 0.251 (kcal/mol)
(4) Unbound System's Energy        : 0.522 (kcal/mol)

mode |   affinity | dist from best mode
     | (kcal/mol) | rmsd l.b.| rmsd u.b.
-----+------------+----------+----------
   1      -5.1907     0.0000     0.0000
   2      -5.1766     3.2011     4.1860
   3      -4.8995    13.2209    14.4763
   4      -4.8676    13.6160    14.8997
   5      -4.8207     3.6045     4.8000
   6      -4.8160     2.0196     2.4269
   7      -4.7828     4.7605     5.7174
   8      -4.7549     3.7736     5.2709
   9      -4.7533     2.6233     4.0130
  10      -4.6271    14.4660    15.6167
  11      -4.6062     2.8173     3.8356
  12      -4.5838    13.5068    14.7634
  13      -4.4946    12.0262    13.3325
  14      -4.4507    13.7649    15.1663
  15      -4.3944    11.9202    13.2273
  16      -4.3885    12.2946    13.7079
  17      -4.3839     2.7335     3.7883
  18      -4.3477     3.5091     4.9716
  19      -4.3090    18.6345    19.5729
  20      -4.2887    12.3145    13.6133
