	Command being timed: "/usr/bin/vina --config /data/BIOFILM_INSILICO_SUPPORT/03_docking/vina_configs/exploratory_PqsR_2026-07-17/compound_08_PqsR_4JVI_run02_seed2026071672.conf --out /data/BIOFILM_INSILICO_SUPPORT/03_docking/vina_outputs/exploratory/PqsR_4JVI_2026-07-17/compound_08/run02_seed2026071672/compound_08_PqsR_4JVI_run02_seed2026071672_poses.pdbqt"
	User time (seconds): 4295.55
	System time (seconds): 0.96
	Percent of CPU this job got: 739%
	Elapsed (wall clock) time (h:mm:ss or m:ss): 9:40.63
	Average shared text size (kbytes): 0
	Average unshared data size (kbytes): 0
	Average stack size (kbytes): 0
	Average total size (kbytes): 0
	Maximum resident set size (kbytes): 1105112
	Average resident set size (kbytes): 0
	Major (requiring I/O) page faults: 0
	Minor (reclaiming a frame) page faults: 368470
	Voluntary context switches: 94
	Involuntary context switches: 21682
	Swaps: 0
	File system inputs: 0
	File system outputs: 424
	Socket messages sent: 0
	Socket messages received: 0
	Signals delivered: 0
	Page size (bytes): 4096
	Exit status: 0
