	Command being timed: "/usr/bin/vina --config /data/BIOFILM_INSILICO_SUPPORT/03_docking/vina_configs/production_LasR_2026-07-16/compound_08_LasR_2UV0_run03_seed2026071643.conf"
	User time (seconds): 7752.46
	System time (seconds): 0.69
	Percent of CPU this job got: 711%
	Elapsed (wall clock) time (h:mm:ss or m:ss): 18:08.98
	Average shared text size (kbytes): 0
	Average unshared data size (kbytes): 0
	Average stack size (kbytes): 0
	Average total size (kbytes): 0
	Maximum resident set size (kbytes): 1111548
	Average resident set size (kbytes): 0
	Major (requiring I/O) page faults: 0
	Minor (reclaiming a frame) page faults: 369121
	Voluntary context switches: 98
	Involuntary context switches: 32729
	Swaps: 0
	File system inputs: 0
	File system outputs: 496
	Socket messages sent: 0
	Socket messages received: 0
	Signals delivered: 0
	Page size (bytes): 4096
	Exit status: 0
