
===== STARTING compound_08_LasR_2UV0_run01_seed2026071641 =====
COMPLETED 1/15  compound_08_LasR_2UV0_run01_seed2026071641  mode1=-4.0494 kcal/mol  elapsed=17:16.09

===== STARTING compound_08_LasR_2UV0_run02_seed2026071642 =====
COMPLETED 2/15  compound_08_LasR_2UV0_run02_seed2026071642  mode1=-4.2492 kcal/mol  elapsed=16:54.37

===== STARTING compound_08_LasR_2UV0_run03_seed2026071643 =====
COMPLETED 3/15  compound_08_LasR_2UV0_run03_seed2026071643  mode1=-4.0304 kcal/mol  elapsed=18:08.98

===== STARTING compound_08_LasR_2UV0_run04_seed2026071644 =====
COMPLETED 4/15  compound_08_LasR_2UV0_run04_seed2026071644  mode1=-4.1615 kcal/mol  elapsed=17:03.87

===== STARTING compound_08_LasR_2UV0_run05_seed2026071645 =====
COMPLETED 5/15  compound_08_LasR_2UV0_run05_seed2026071645  mode1=-4.0741 kcal/mol  elapsed=16:28.01

===== STARTING compound_09_LasR_2UV0_run01_seed2026071651 =====
COMPLETED 6/15  compound_09_LasR_2UV0_run01_seed2026071651  mode1=-4.1282 kcal/mol  elapsed=1:30.30

===== STARTING compound_09_LasR_2UV0_run02_seed2026071652 =====
COMPLETED 7/15  compound_09_LasR_2UV0_run02_seed2026071652  mode1=-4.1492 kcal/mol  elapsed=1:28.43

===== STARTING compound_09_LasR_2UV0_run03_seed2026071653 =====
COMPLETED 8/15  compound_09_LasR_2UV0_run03_seed2026071653  mode1=-4.1398 kcal/mol  elapsed=1:28.09

===== STARTING compound_09_LasR_2UV0_run04_seed2026071654 =====
COMPLETED 9/15  compound_09_LasR_2UV0_run04_seed2026071654  mode1=-4.1345 kcal/mol  elapsed=1:32.71

===== STARTING compound_09_LasR_2UV0_run05_seed2026071655 =====
COMPLETED 10/15  compound_09_LasR_2UV0_run05_seed2026071655  mode1=-4.1399 kcal/mol  elapsed=1:31.65

===== STARTING compound_11_LasR_2UV0_run01_seed2026071661 =====
COMPLETED 11/15  compound_11_LasR_2UV0_run01_seed2026071661  mode1=-3.9624 kcal/mol  elapsed=0:09.15

===== STARTING compound_11_LasR_2UV0_run02_seed2026071662 =====
COMPLETED 12/15  compound_11_LasR_2UV0_run02_seed2026071662  mode1=-3.7858 kcal/mol  elapsed=0:09.26

===== STARTING compound_11_LasR_2UV0_run03_seed2026071663 =====
COMPLETED 13/15  compound_11_LasR_2UV0_run03_seed2026071663  mode1=-3.7880 kcal/mol  elapsed=0:09.39

===== STARTING compound_11_LasR_2UV0_run04_seed2026071664 =====
COMPLETED 14/15  compound_11_LasR_2UV0_run04_seed2026071664  mode1=-3.7807 kcal/mol  elapsed=0:09.24

===== STARTING compound_11_LasR_2UV0_run05_seed2026071665 =====
COMPLETED 15/15  compound_11_LasR_2UV0_run05_seed2026071665  mode1=-3.9579 kcal/mol  elapsed=0:09.29

ALL LASR PRODUCTION RUNS COMPLETED: 15/15

MASTER SUMMARY SHA-256:
09fbf62515edbd2519b14bf5a8e2d94fda413db8866dc47fb3f9ba439d920fef  /data/BIOFILM_INSILICO_SUPPORT/03_docking/vina_outputs/production/LasR_2UV0_2026-07-16/LasR_2UV0_production_master_summary.tsv
