	Command being timed: "/usr/bin/vina --config /data/BIOFILM_INSILICO_SUPPORT/03_docking/vina_configs/exploratory_PqsR_2026-07-17/compound_08_PqsR_4JVI_run05_seed2026071675.conf --out /data/BIOFILM_INSILICO_SUPPORT/03_docking/vina_outputs/exploratory/PqsR_4JVI_2026-07-17/compound_08/run05_seed2026071675/compound_08_PqsR_4JVI_run05_seed2026071675_poses.pdbqt"
	User time (seconds): 5334.91
	System time (seconds): 1.07
	Percent of CPU this job got: 750%
	Elapsed (wall clock) time (h:mm:ss or m:ss): 11:51.31
	Average shared text size (kbytes): 0
	Average unshared data size (kbytes): 0
	Average stack size (kbytes): 0
	Average total size (kbytes): 0
	Maximum resident set size (kbytes): 1105116
	Average resident set size (kbytes): 0
	Major (requiring I/O) page faults: 0
	Minor (reclaiming a frame) page faults: 368465
	Voluntary context switches: 103
	Involuntary context switches: 22283
	Swaps: 0
	File system inputs: 0
	File system outputs: 424
	Socket messages sent: 0
	Socket messages received: 0
	Signals delivered: 0
	Page size (bytes): 4096
	Exit status: 0
